2020-01-13 10:05:19.571 INFO  --- [StartupInfoLogger.java:50][main] - Starting Application on DESKTOP-TL9S3KD with PID 12596 (D:\liying\github\cofire\cofire\console\target\classes started by ThinkPad in D:\liying\github\cofire\cofire)
2020-01-13 10:05:19.574 INFO  --- [SpringApplication.java:680][main] - No active profile set, falling back to default profiles: default
2020-01-13 10:05:19.621 INFO  --- [AbstractApplicationContext.java:590][main] - Refreshing org.springframework.boot.web.servlet.context.AnnotationConfigServletWebServerApplicationContext@dd8ba08: startup date [Mon Jan 13 10:05:19 CST 2020]; root of context hierarchy
2020-01-13 10:05:20.299 INFO  --- [XmlBeanDefinitionReader.java:317][main] - Loading XML bean definitions from class path resource [application-bean.xml]
2020-01-13 10:05:20.785 INFO  --- [PostProcessorRegistrationDelegate.java:326][main] - Bean 'shiroConfiguration' of type [com.cofire.shiro.config.ShiroConfiguration$$EnhancerBySpringCGLIB$$d33960cb] is not eligible for getting processed by all BeanPostProcessors (for example: not eligible for auto-proxying)
2020-01-13 10:05:21.013 INFO  --- [PostProcessorRegistrationDelegate.java:326][main] - Bean 'org.springframework.boot.context.properties.ConversionServiceDeducer$Factory' of type [org.springframework.boot.context.properties.ConversionServiceDeducer$Factory] is not eligible for getting processed by all BeanPostProcessors (for example: not eligible for auto-proxying)
2020-01-13 10:05:21.073 INFO  --- [PostProcessorRegistrationDelegate.java:326][main] - Bean 'mybatis-org.mybatis.spring.boot.autoconfigure.MybatisProperties' of type [org.mybatis.spring.boot.autoconfigure.MybatisProperties] is not eligible for getting processed by all BeanPostProcessors (for example: not eligible for auto-proxying)
2020-01-13 10:05:21.081 INFO  --- [PostProcessorRegistrationDelegate.java:326][main] - Bean 'org.mybatis.spring.boot.autoconfigure.MybatisAutoConfiguration' of type [org.mybatis.spring.boot.autoconfigure.MybatisAutoConfiguration$$EnhancerBySpringCGLIB$$3f54e621] is not eligible for getting processed by all BeanPostProcessors (for example: not eligible for auto-proxying)
2020-01-13 10:05:21.084 INFO  --- [PostProcessorRegistrationDelegate.java:326][main] - Bean 'org.springframework.boot.autoconfigure.jdbc.DataSourceConfiguration$Hikari' of type [org.springframework.boot.autoconfigure.jdbc.DataSourceConfiguration$Hikari] is not eligible for getting processed by all BeanPostProcessors (for example: not eligible for auto-proxying)
2020-01-13 10:05:21.095 INFO  --- [PostProcessorRegistrationDelegate.java:326][main] - Bean 'spring.datasource-org.springframework.boot.autoconfigure.jdbc.DataSourceProperties' of type [org.springframework.boot.autoconfigure.jdbc.DataSourceProperties] is not eligible for getting processed by all BeanPostProcessors (for example: not eligible for auto-proxying)
2020-01-13 10:05:21.170 INFO  --- [PostProcessorRegistrationDelegate.java:326][main] - Bean 'dataSource' of type [com.zaxxer.hikari.HikariDataSource] is not eligible for getting processed by all BeanPostProcessors (for example: not eligible for auto-proxying)
2020-01-13 10:05:21.596 INFO  --- [PostProcessorRegistrationDelegate.java:326][main] - Bean 'sqlSessionFactory' of type [org.apache.ibatis.session.defaults.DefaultSqlSessionFactory] is not eligible for getting processed by all BeanPostProcessors (for example: not eligible for auto-proxying)
2020-01-13 10:05:21.605 INFO  --- [PostProcessorRegistrationDelegate.java:326][main] - Bean 'sqlSessionTemplate' of type [org.mybatis.spring.SqlSessionTemplate] is not eligible for getting processed by all BeanPostProcessors (for example: not eligible for auto-proxying)
2020-01-13 10:05:21.605 INFO  --- [PostProcessorRegistrationDelegate.java:326][main] - Bean 'sysUserMapper' of type [org.mybatis.spring.mapper.MapperFactoryBean] is not eligible for getting processed by all BeanPostProcessors (for example: not eligible for auto-proxying)
2020-01-13 10:05:21.607 INFO  --- [PostProcessorRegistrationDelegate.java:326][main] - Bean 'sysUserMapper' of type [com.sun.proxy.$Proxy57] is not eligible for getting processed by all BeanPostProcessors (for example: not eligible for auto-proxying)
2020-01-13 10:05:21.609 INFO  --- [PostProcessorRegistrationDelegate.java:326][main] - Bean 'userPermissionCustomMapper' of type [org.mybatis.spring.mapper.MapperFactoryBean] is not eligible for getting processed by all BeanPostProcessors (for example: not eligible for auto-proxying)
2020-01-13 10:05:21.610 INFO  --- [PostProcessorRegistrationDelegate.java:326][main] - Bean 'userPermissionCustomMapper' of type [com.sun.proxy.$Proxy58] is not eligible for getting processed by all BeanPostProcessors (for example: not eligible for auto-proxying)
2020-01-13 10:05:21.611 INFO  --- [PostProcessorRegistrationDelegate.java:326][main] - Bean 'userPermissionServiceImpl' of type [com.cofire.shiro.service.impl.UserPermissionServiceImpl] is not eligible for getting processed by all BeanPostProcessors (for example: not eligible for auto-proxying)
2020-01-13 10:05:21.611 INFO  --- [PostProcessorRegistrationDelegate.java:326][main] - Bean 'userRealm' of type [com.cofire.shiro.config.UserRealm] is not eligible for getting processed by all BeanPostProcessors (for example: not eligible for auto-proxying)
2020-01-13 10:05:21.623 INFO  --- [PostProcessorRegistrationDelegate.java:326][main] - Bean 'securityManager' of type [org.apache.shiro.web.mgt.DefaultWebSecurityManager] is not eligible for getting processed by all BeanPostProcessors (for example: not eligible for auto-proxying)
2020-01-13 10:05:21.685 INFO  --- [PostProcessorRegistrationDelegate.java:326][main] - Bean 'authorizationAttributeSourceAdvisor' of type [org.apache.shiro.spring.security.interceptor.AuthorizationAttributeSourceAdvisor] is not eligible for getting processed by all BeanPostProcessors (for example: not eligible for auto-proxying)
2020-01-13 10:05:21.806 INFO  --- [PostProcessorRegistrationDelegate.java:326][main] - Bean 'org.springframework.transaction.annotation.ProxyTransactionManagementConfiguration' of type [org.springframework.transaction.annotation.ProxyTransactionManagementConfiguration$$EnhancerBySpringCGLIB$$c8094f1] is not eligible for getting processed by all BeanPostProcessors (for example: not eligible for auto-proxying)
2020-01-13 10:05:22.672 INFO  --- [TomcatWebServer.java:91][main] - Tomcat initialized with port(s): 8048 (http)
2020-01-13 10:05:22.686 INFO  --- [DirectJDKLog.java:180][main] - Initializing ProtocolHandler ["http-nio-8048"]
2020-01-13 10:05:22.704 INFO  --- [DirectJDKLog.java:180][main] - Starting service [Tomcat]
2020-01-13 10:05:22.705 INFO  --- [DirectJDKLog.java:180][main] - Starting Servlet Engine: Apache Tomcat/8.5.34
2020-01-13 10:05:22.708 INFO  --- [DirectJDKLog.java:180][localhost-startStop-1] - The APR based Apache Tomcat Native library which allows optimal performance in production environments was not found on the java.library.path: [D:\Program Files\Java\jdk1.8.0_101\bin;C:\WINDOWS\Sun\Java\bin;C:\WINDOWS\system32;C:\WINDOWS;C:\Python27\;C:\Python27\Scripts;D:\app\oracle\product\11.2.0\dbhome_1\bin;D:\Program Files (x86)\NetSarang\Xftp 6\;D:\Program Files (x86)\NetSarang\Xshell 6\;D:\Program Files\python3\Scripts\;D:\Program Files\python3\;C:\ProgramData\Oracle\Java\javapath;C:\WINDOWS\system32;C:\WINDOWS;C:\WINDOWS\System32\Wbem;C:\WINDOWS\System32\WindowsPowerShell\v1.0\;D:\Program Files\apache-maven-3.6.0\bin;D:\Program Files\Git\cmd;D:\Program Files\Microsoft SQL Server\120\DTS\Binn\;D:\Program Files\Microsoft SQL Server\Client SDK\ODBC\110\Tools\Binn\;D:\Program Files (x86)\Microsoft SQL Server\120\Tools\Binn\;D:\Program Files\Microsoft SQL Server\120\Tools\Binn\;D:\Program Files (x86)\Microsoft SQL Server\120\Tools\Binn\ManagementStudio\;D:\Program Files (x86)\Microsoft SQL Server\120\DTS\Binn\;C:\Program Files\MySQL\MySQL Utilities 1.6\;C:\Program Files\MySQL\MySQL Server 5.7\bin;D:\Program Files\Java\jdk1.8.0_101\bin;D:\Program Files\Java\jdk1.8.0_101\jre\bin;D:\Program Files (x86)\sdk\android\platform-tools;D:\Program Files (x86)\sdk\android\tools;D:\Program Files\gradle-5.2.1\bin;C:\WINDOWS\System32\OpenSSH\;D:\Program Files (x86)\PostgreSQL\bin;C:\Program Files\Intel\WiFi\bin\;C:\Program Files\Common Files\Intel\WirelessCommon\;C:\Program Files (x86)\Microsoft SQL Server\100\Tools\Binn\;C:\Program Files\Microsoft SQL Server\100\Tools\Binn\;C:\Program Files\Microsoft SQL Server\100\DTS\Binn\;C:\Program Files (x86)\Microsoft ASP.NET\ASP.NET Web Pages\v1.0\;D:\Program Files\nodejs\;C:\ProgramData\chocolatey\bin;D:\Program Files\Redis-x64-3.2.100;D:\Program Files\TortoiseSVN\bin;D:\Program Files\PuTTY\;C:\Users\ThinkPad\AppData\Local\Microsoft\WindowsApps;D:\Program Files\Microsoft VS Code\bin;C:\Users\ThinkPad\AppData\Roaming\npm;C:\Users\ThinkPad\AppData\Local\BypassRuntm;.]
2020-01-13 10:05:22.902 INFO  --- [DirectJDKLog.java:180][localhost-startStop-1] - Initializing Spring embedded WebApplicationContext
2020-01-13 10:05:22.903 INFO  --- [ServletWebServerApplicationContext.java:285][localhost-startStop-1] - Root WebApplicationContext: initialization completed in 3282 ms
2020-01-13 10:05:23.045 INFO  --- [AbstractFilterRegistrationBean.java:245][localhost-startStop-1] - Mapping filter: 'corsFilter' to: [/*]
2020-01-13 10:05:23.045 INFO  --- [AbstractFilterRegistrationBean.java:245][localhost-startStop-1] - Mapping filter: 'delegatingFilterProxy' to: [/*]
2020-01-13 10:05:23.045 INFO  --- [AbstractFilterRegistrationBean.java:245][localhost-startStop-1] - Mapping filter: 'initializeCharacterEncodingFilter' to: [/*]
2020-01-13 10:05:23.045 INFO  --- [AbstractFilterRegistrationBean.java:245][localhost-startStop-1] - Mapping filter: 'shiroFilter' to: [/*]
2020-01-13 10:05:23.046 INFO  --- [ServletRegistrationBean.java:187][localhost-startStop-1] - Servlet dispatcherServlet mapped to [/]
2020-01-13 10:05:23.064 INFO  --- [SystemInitListener.java:32][localhost-startStop-1] - 正在初始化全局变量
2020-01-13 10:05:23.070 INFO  --- [SystemService.java:57][localhost-startStop-1] - 正在初始化系统参数
2020-01-13 10:05:23.081 INFO  --- [HikariDataSource.java:110][localhost-startStop-1] - HikariPool-1 - Starting...
2020-01-13 10:05:23.300 INFO  --- [HikariDataSource.java:123][localhost-startStop-1] - HikariPool-1 - Start completed.
2020-01-13 10:05:23.361 INFO  --- [SystemService.java:63][localhost-startStop-1] - 系统参数：{0001|12={param_value=12, pk_id=0001|12, group_id=0001, param_name=1221124, param_id=12}, 0001|13={param_value=13, pk_id=0001|13, group_id=0001, param_name=31, param_id=13}}
2020-01-13 10:05:23.362 INFO  --- [SystemService.java:73][localhost-startStop-1] - 初始化系统参数完成
2020-01-13 10:05:23.362 INFO  --- [SystemService.java:82][localhost-startStop-1] - 正在初始化数据字典
2020-01-13 10:05:23.373 INFO  --- [SystemService.java:91][localhost-startStop-1] - 数据字典列表：：{0007|export={pk_id=0007|export, group_id=0007, group_name=操作类型, dict_value=export, dict_name_en=export, dict_name_cn=导出}, 0007|add={pk_id=0007|add, group_id=0007, group_name=操作类型, dict_value=add, dict_name_en=add, dict_name_cn=新增}, 0007|query={pk_id=0007|query, group_id=0007, group_name=操作类型, dict_value=query, dict_name_en=query, dict_name_cn=查询}, 0007|delete={pk_id=0007|delete, group_id=0007, group_name=操作类型, dict_value=delete, dict_name_en=delete, dict_name_cn=删除}, 0007|upload={pk_id=0007|upload, group_id=0007, group_name=操作类型, dict_value=upload, dict_name_en=upload, dict_name_cn=上传}, 0002|1={pk_id=0002|1, group_id=0002, group_name=登录登出类型, dict_value=1, dict_name_en=SignOut, dict_name_cn=登出}, 0003|0={pk_id=0003|0, group_id=0003, group_name=是否可删除, dict_value=0, dict_name_en=False, dict_name_cn=否}, 0001|1={pk_id=0001|1, group_id=0001, group_name=是否可用, dict_value=1, dict_name_en=Ture, dict_name_cn=是}, 0002|0={pk_id=0002|0, group_id=0002, group_name=登录登出类型, dict_value=0, dict_name_en=SignIn, dict_name_cn=登录}, 0001|0={pk_id=0001|0, group_id=0001, group_name=是否可用, dict_value=0, dict_name_en=False, dict_name_cn=否}, 0005|pc={pk_id=0005|pc, group_id=0005, group_name=来源类型, dict_value=pc, dict_name_en=PC, dict_name_cn=PC端}, 0006|1={pk_id=0006|1, group_id=0006, group_name=是否叶节点, dict_value=1, dict_name_en=True, dict_name_cn=是}, 0006|0={pk_id=0006|0, group_id=0006, group_name=是否叶节点, dict_value=0, dict_name_en=False, dict_name_cn=否}, 0004|1={pk_id=0004|1, group_id=0004, group_name=是否成功, dict_value=1, dict_name_en=True, dict_name_cn=是}, 0003|1={pk_id=0003|1, group_id=0003, group_name=是否可删除, dict_value=1, dict_name_en=True, dict_name_cn=是}, 0004|0={pk_id=0004|0, group_id=0004, group_name=是否成功, dict_value=0, dict_name_en=False, dict_name_cn=否}, 0007|update={pk_id=0007|update, group_id=0007, group_name=操作类型, dict_value=update, dict_name_en=update, dict_name_cn=修改}}
2020-01-13 10:05:23.373 INFO  --- [SystemService.java:92][localhost-startStop-1] - 数据字典分组：：{0006=[{pk_id=0006|0, group_id=0006, group_name=是否叶节点, dict_value=0, dict_name_en=False, dict_name_cn=否}, {pk_id=0006|1, group_id=0006, group_name=是否叶节点, dict_value=1, dict_name_en=True, dict_name_cn=是}], 0007=[{pk_id=0007|add, group_id=0007, group_name=操作类型, dict_value=add, dict_name_en=add, dict_name_cn=新增}, {pk_id=0007|delete, group_id=0007, group_name=操作类型, dict_value=delete, dict_name_en=delete, dict_name_cn=删除}, {pk_id=0007|export, group_id=0007, group_name=操作类型, dict_value=export, dict_name_en=export, dict_name_cn=导出}, {pk_id=0007|query, group_id=0007, group_name=操作类型, dict_value=query, dict_name_en=query, dict_name_cn=查询}, {pk_id=0007|update, group_id=0007, group_name=操作类型, dict_value=update, dict_name_en=update, dict_name_cn=修改}, {pk_id=0007|upload, group_id=0007, group_name=操作类型, dict_value=upload, dict_name_en=upload, dict_name_cn=上传}], 0004=[{pk_id=0004|0, group_id=0004, group_name=是否成功, dict_value=0, dict_name_en=False, dict_name_cn=否}, {pk_id=0004|1, group_id=0004, group_name=是否成功, dict_value=1, dict_name_en=True, dict_name_cn=是}], 0005=[{pk_id=0005|pc, group_id=0005, group_name=来源类型, dict_value=pc, dict_name_en=PC, dict_name_cn=PC端}], 0002=[{pk_id=0002|0, group_id=0002, group_name=登录登出类型, dict_value=0, dict_name_en=SignIn, dict_name_cn=登录}, {pk_id=0002|1, group_id=0002, group_name=登录登出类型, dict_value=1, dict_name_en=SignOut, dict_name_cn=登出}], 0003=[{pk_id=0003|0, group_id=0003, group_name=是否可删除, dict_value=0, dict_name_en=False, dict_name_cn=否}, {pk_id=0003|1, group_id=0003, group_name=是否可删除, dict_value=1, dict_name_en=True, dict_name_cn=是}], 0001=[{pk_id=0001|0, group_id=0001, group_name=是否可用, dict_value=0, dict_name_en=False, dict_name_cn=否}, {pk_id=0001|1, group_id=0001, group_name=是否可用, dict_value=1, dict_name_en=Ture, dict_name_cn=是}]}
2020-01-13 10:05:23.373 INFO  --- [SystemService.java:101][localhost-startStop-1] - 初始化数据字典完成
2020-01-13 10:05:23.373 INFO  --- [SystemService.java:112][localhost-startStop-1] - 正在初始化返回码
2020-01-13 10:05:23.374 INFO  --- [SystemService.java:114][localhost-startStop-1] - 初始化返回码完成
2020-01-13 10:05:23.487 INFO  --- [StdSchedulerFactory.java:1208][localhost-startStop-1] - Using default implementation for ThreadExecutor
2020-01-13 10:05:23.507 INFO  --- [SchedulerSignalerImpl.java:61][localhost-startStop-1] - Initialized Scheduler Signaller of type: class org.quartz.core.SchedulerSignalerImpl
2020-01-13 10:05:23.508 INFO  --- [QuartzScheduler.java:229][localhost-startStop-1] - Quartz Scheduler v.2.3.0 created.
2020-01-13 10:05:23.509 INFO  --- [RAMJobStore.java:155][localhost-startStop-1] - RAMJobStore initialized.
2020-01-13 10:05:23.510 INFO  --- [QuartzScheduler.java:294][localhost-startStop-1] - Scheduler meta-data: Quartz Scheduler (v2.3.0) 'quartzScheduler' with instanceId 'NON_CLUSTERED'
  Scheduler class: 'org.quartz.core.QuartzScheduler' - running locally.
  NOT STARTED.
  Currently in standby mode.
  Number of jobs executed: 0
  Using thread pool 'org.quartz.simpl.SimpleThreadPool' - with 10 threads.
  Using job-store 'org.quartz.simpl.RAMJobStore' - which does not support persistence. and is not clustered.

2020-01-13 10:05:23.511 INFO  --- [StdSchedulerFactory.java:1362][localhost-startStop-1] - Quartz scheduler 'quartzScheduler' initialized from an externally provided properties instance.
2020-01-13 10:05:23.511 INFO  --- [StdSchedulerFactory.java:1366][localhost-startStop-1] - Quartz scheduler version: 2.3.0
2020-01-13 10:05:23.511 INFO  --- [QuartzScheduler.java:2287][localhost-startStop-1] - JobFactory set to: org.springframework.boot.autoconfigure.quartz.AutowireCapableBeanJobFactory@12eeee61
2020-01-13 10:05:23.543 INFO  --- [QuartzJobConfig.java:37][localhost-startStop-1] - 准备注册定时任务
2020-01-13 10:05:23.592 INFO  --- [QuartzJobConfig.java:42][localhost-startStop-1] - 总共有0个定时任务
2020-01-13 10:05:23.593 INFO  --- [QuartzScheduler.java:547][localhost-startStop-1] - Scheduler quartzScheduler_$_NON_CLUSTERED started.
2020-01-13 10:05:23.593 INFO  --- [QuartzJobConfig.java:62][localhost-startStop-1] - Quartz任务注册成功
2020-01-13 10:05:23.593 INFO  --- [SystemInitListener.java:34][localhost-startStop-1] - 初始化全局变量完成
2020-01-13 10:05:24.380 INFO  --- [AbstractHandlerMethodMapping.java:549][main] - Mapped "{[/console/api/test]}" onto public com.cofire.common.result.Result com.cofire.console.controller.api.JsonApiController.test(com.cofire.console.controller.api.Person)
2020-01-13 10:05:24.381 INFO  --- [AbstractHandlerMethodMapping.java:549][main] - Mapped "{[/console/api/test2]}" onto java.lang.String com.cofire.console.controller.api.JsonApiController.request(javax.servlet.http.HttpServletRequest,javax.servlet.http.HttpServletResponse)
2020-01-13 10:05:24.382 INFO  --- [AbstractHandlerMethodMapping.java:549][main] - Mapped "{[/getUserDetail]}" onto public com.cofire.common.result.Result com.cofire.console.controller.base.BaseController.getUserDetail(javax.servlet.http.HttpServletRequest)
2020-01-13 10:05:24.382 INFO  --- [AbstractHandlerMethodMapping.java:549][main] - Mapped "{[/getDictByGroup]}" onto public com.cofire.common.result.Result com.cofire.console.controller.base.BaseController.getDictByGroup(java.lang.String)
2020-01-13 10:05:24.382 INFO  --- [AbstractHandlerMethodMapping.java:549][main] - Mapped "{[/console]}" onto public java.lang.String com.cofire.console.controller.base.BasePageController.console()
2020-01-13 10:05:24.383 INFO  --- [AbstractHandlerMethodMapping.java:549][main] - Mapped "{[/mobile]}" onto public java.lang.String com.cofire.console.controller.base.BasePageController.mobile()
2020-01-13 10:05:24.383 INFO  --- [AbstractHandlerMethodMapping.java:549][main] - Mapped "{[/ipad]}" onto public java.lang.String com.cofire.console.controller.base.BasePageController.ipad()
2020-01-13 10:05:24.384 INFO  --- [AbstractHandlerMethodMapping.java:549][main] - Mapped "{[/error/sessionTimeOut]}" onto public com.cofire.common.result.Result com.cofire.console.controller.base.ErrorController.sessionTimeOut()
2020-01-13 10:05:24.385 INFO  --- [AbstractHandlerMethodMapping.java:549][main] - Mapped "{[/error/unauth]}" onto public com.cofire.common.result.Result com.cofire.console.controller.base.ErrorController.unauth()
2020-01-13 10:05:24.385 INFO  --- [AbstractHandlerMethodMapping.java:549][main] - Mapped "{[/error/exportError]}" onto public com.cofire.common.result.Result com.cofire.console.controller.base.ErrorController.exportError()
2020-01-13 10:05:24.386 INFO  --- [AbstractHandlerMethodMapping.java:549][main] - Mapped "{[/image/],produces=[image/jpeg]}" onto public byte[] com.cofire.console.controller.base.ImageController.getImage(java.lang.String) throws java.io.FileNotFoundException,java.io.IOException
2020-01-13 10:05:24.386 INFO  --- [AbstractHandlerMethodMapping.java:549][main] - Mapped "{[/image/upload]}" onto public com.cofire.common.result.Result com.cofire.console.controller.base.ImageController.imgUpload(javax.servlet.http.HttpServletRequest,org.springframework.web.multipart.MultipartFile)
2020-01-13 10:05:24.387 INFO  --- [AbstractHandlerMethodMapping.java:549][main] - Mapped "{[/console/dict/delete],methods=[POST]}" onto public com.cofire.common.result.Result com.cofire.console.controller.system.DictController.deleteDict(com.cofire.dao.model.system.SysDict)
2020-01-13 10:05:24.388 INFO  --- [AbstractHandlerMethodMapping.java:549][main] - Mapped "{[/console/dict/save],methods=[POST]}" onto public com.cofire.common.result.Result com.cofire.console.controller.system.DictController.saveDict(java.lang.String,com.cofire.dao.model.system.SysDict)
2020-01-13 10:05:24.388 INFO  --- [AbstractHandlerMethodMapping.java:549][main] - Mapped "{[/console/dict/query],methods=[POST]}" onto public com.cofire.common.result.Result com.cofire.console.controller.system.DictController.queryDict(com.cofire.common.result.ParamItem,com.cofire.dao.model.system.SysDict)
2020-01-13 10:05:24.389 INFO  --- [AbstractHandlerMethodMapping.java:549][main] - Mapped "{[/console/job/delete],methods=[POST]}" onto public com.cofire.common.result.Result com.cofire.console.controller.system.JobController.deleteJob(com.cofire.dao.model.system.QtzJob)
2020-01-13 10:05:24.389 INFO  --- [AbstractHandlerMethodMapping.java:549][main] - Mapped "{[/console/job/query],methods=[POST]}" onto public com.cofire.common.result.Result com.cofire.console.controller.system.JobController.queryJob(com.cofire.common.result.ParamItem,com.cofire.dao.model.system.QtzJob)
2020-01-13 10:05:24.389 INFO  --- [AbstractHandlerMethodMapping.java:549][main] - Mapped "{[/console/job/save],methods=[POST]}" onto public com.cofire.common.result.Result com.cofire.console.controller.system.JobController.saveJob(java.lang.String,com.cofire.dao.model.system.QtzJob)
2020-01-13 10:05:24.390 INFO  --- [AbstractHandlerMethodMapping.java:549][main] - Mapped "{[/console/jobLog/query],methods=[POST]}" onto public com.cofire.common.result.Result com.cofire.console.controller.system.JobLogController.queryJobLog(com.cofire.common.result.ParamItem,com.cofire.dao.model.system.QtzJobLog)
2020-01-13 10:05:24.391 INFO  --- [AbstractHandlerMethodMapping.java:549][main] - Mapped "{[/console/loginAudit/query],methods=[POST]}" onto public com.cofire.common.result.Result com.cofire.console.controller.system.LoginAuditController.queryLoginAudit(com.cofire.common.result.ParamItem,com.cofire.dao.model.system.SysLoginAudit)
2020-01-13 10:05:24.391 INFO  --- [AbstractHandlerMethodMapping.java:549][main] - Mapped "{[/console/login]}" onto public com.cofire.common.result.Result com.cofire.console.controller.system.LoginController.login(java.lang.String,java.lang.String,java.lang.String,java.lang.String)
2020-01-13 10:05:24.392 INFO  --- [AbstractHandlerMethodMapping.java:549][main] - Mapped "{[/console/loginOut]}" onto public com.cofire.common.result.Result com.cofire.console.controller.system.LoginController.loginOut(java.lang.String,java.lang.String)
2020-01-13 10:05:24.392 INFO  --- [AbstractHandlerMethodMapping.java:549][main] - Mapped "{[/console/operateAudit/query],methods=[POST]}" onto public com.cofire.common.result.Result com.cofire.console.controller.system.OperateAuditController.queryOperateAudit(com.cofire.common.result.ParamItem,com.cofire.dao.model.system.SysOperateAudit)
2020-01-13 10:05:24.393 INFO  --- [AbstractHandlerMethodMapping.java:549][main] - Mapped "{[/console/param/query],methods=[POST]}" onto public com.cofire.common.result.Result com.cofire.console.controller.system.ParamController.queryParam(com.cofire.common.result.ParamItem,com.cofire.dao.model.system.SysParam)
2020-01-13 10:05:24.393 INFO  --- [AbstractHandlerMethodMapping.java:549][main] - Mapped "{[/console/param/save],methods=[POST]}" onto public com.cofire.common.result.Result com.cofire.console.controller.system.ParamController.saveParam(java.lang.String,com.cofire.dao.model.system.SysParam)
2020-01-13 10:05:24.394 INFO  --- [AbstractHandlerMethodMapping.java:549][main] - Mapped "{[/console/param/delete],methods=[POST]}" onto public com.cofire.common.result.Result com.cofire.console.controller.system.ParamController.deleteParam(com.cofire.dao.model.system.SysParam)
2020-01-13 10:05:24.394 INFO  --- [AbstractHandlerMethodMapping.java:549][main] - Mapped "{[/console/resource/query],methods=[POST]}" onto public com.cofire.common.result.Result com.cofire.console.controller.system.ResourceController.queryResource()
2020-01-13 10:05:24.395 INFO  --- [AbstractHandlerMethodMapping.java:549][main] - Mapped "{[/console/resource/save],methods=[POST]}" onto public com.cofire.common.result.Result com.cofire.console.controller.system.ResourceController.saveResource(java.lang.String,com.cofire.dao.model.system.SysResource)
2020-01-13 10:05:24.395 INFO  --- [AbstractHandlerMethodMapping.java:549][main] - Mapped "{[/console/resource/delete],methods=[POST]}" onto public com.cofire.common.result.Result com.cofire.console.controller.system.ResourceController.deleteResource(com.cofire.dao.model.system.SysResource)
2020-01-13 10:05:24.396 INFO  --- [AbstractHandlerMethodMapping.java:549][main] - Mapped "{[/console/returnCode/query],methods=[POST]}" onto public com.cofire.common.result.Result com.cofire.console.controller.system.ReturnCodeController.queryReturnCode(com.cofire.common.result.ParamItem,com.cofire.dao.model.system.SysReturnCode)
2020-01-13 10:05:24.396 INFO  --- [AbstractHandlerMethodMapping.java:549][main] - Mapped "{[/console/returnCode/save],methods=[POST]}" onto public com.cofire.common.result.Result com.cofire.console.controller.system.ReturnCodeController.saveReturnCode(java.lang.String,com.cofire.dao.model.system.SysReturnCode)
2020-01-13 10:05:24.396 INFO  --- [AbstractHandlerMethodMapping.java:549][main] - Mapped "{[/console/returnCode/delete],methods=[POST]}" onto public com.cofire.common.result.Result com.cofire.console.controller.system.ReturnCodeController.deleteReturnCode(com.cofire.dao.model.system.SysReturnCode)
2020-01-13 10:05:24.397 INFO  --- [AbstractHandlerMethodMapping.java:549][main] - Mapped "{[/console/role/getRoleTree],methods=[POST]}" onto public com.cofire.common.result.Result com.cofire.console.controller.system.RoleController.getRoleTree(java.lang.String)
2020-01-13 10:05:24.397 INFO  --- [AbstractHandlerMethodMapping.java:549][main] - Mapped "{[/console/role/query],methods=[POST]}" onto public com.cofire.common.result.Result com.cofire.console.controller.system.RoleController.queryRole(com.cofire.common.result.ParamItem,com.cofire.dao.model.system.SysRole)
2020-01-13 10:05:24.397 INFO  --- [AbstractHandlerMethodMapping.java:549][main] - Mapped "{[/console/role/delete],methods=[POST]}" onto public com.cofire.common.result.Result com.cofire.console.controller.system.RoleController.deleteRole(com.cofire.dao.model.system.SysRole)
2020-01-13 10:05:24.397 INFO  --- [AbstractHandlerMethodMapping.java:549][main] - Mapped "{[/console/role/save],methods=[POST]}" onto public com.cofire.common.result.Result com.cofire.console.controller.system.RoleController.saveRole(java.lang.String,com.cofire.dao.model.system.SysRole,java.lang.String)
2020-01-13 10:05:24.398 INFO  --- [AbstractHandlerMethodMapping.java:549][main] - Mapped "{[/console/role/queryUserRoleList],methods=[POST]}" onto public com.cofire.common.result.Result com.cofire.console.controller.system.RoleController.queryUserRoleList(com.cofire.dao.model.system.SysUser)
2020-01-13 10:05:24.398 INFO  --- [AbstractHandlerMethodMapping.java:549][main] - Mapped "{[/console/user/query],methods=[POST]}" onto public com.cofire.common.result.Result com.cofire.console.controller.system.UserController.queryRole(com.cofire.common.result.ParamItem,com.cofire.dao.model.system.SysUser)
2020-01-13 10:05:24.399 INFO  --- [AbstractHandlerMethodMapping.java:549][main] - Mapped "{[/console/user/save],methods=[POST]}" onto public com.cofire.common.result.Result com.cofire.console.controller.system.UserController.saveUser(java.lang.String,com.cofire.dao.model.system.SysUser)
2020-01-13 10:05:24.399 INFO  --- [AbstractHandlerMethodMapping.java:549][main] - Mapped "{[/console/user/restPassWord],methods=[POST]}" onto public com.cofire.common.result.Result com.cofire.console.controller.system.UserController.restPassWord(java.lang.String)
2020-01-13 10:05:24.399 INFO  --- [AbstractHandlerMethodMapping.java:549][main] - Mapped "{[/console/user/delete],methods=[POST]}" onto public com.cofire.common.result.Result com.cofire.console.controller.system.UserController.deleteUser(java.lang.String)
2020-01-13 10:05:24.399 INFO  --- [AbstractHandlerMethodMapping.java:549][main] - Mapped "{[/console/user/saveUserRole],methods=[POST]}" onto public com.cofire.common.result.Result com.cofire.console.controller.system.UserController.saveUserRole(java.lang.String,java.lang.String)
2020-01-13 10:05:24.400 INFO  --- [AbstractHandlerMethodMapping.java:549][main] - Mapped "{[/console/user/changePassWord],methods=[POST]}" onto public com.cofire.common.result.Result com.cofire.console.controller.system.UserController.changePassWord(java.lang.String,java.lang.String,java.lang.String)
2020-01-13 10:05:24.400 INFO  --- [AbstractHandlerMethodMapping.java:549][main] - Mapped "{[/console/user/exportExcel]}" onto public void com.cofire.console.controller.system.UserController.exportExcel(com.cofire.dao.model.system.SysUser,javax.servlet.http.HttpServletResponse)
2020-01-13 10:05:24.403 INFO  --- [AbstractHandlerMethodMapping.java:549][main] - Mapped "{[/error]}" onto public org.springframework.http.ResponseEntity<java.util.Map<java.lang.String, java.lang.Object>> org.springframework.boot.autoconfigure.web.servlet.error.BasicErrorController.error(javax.servlet.http.HttpServletRequest)
2020-01-13 10:05:24.403 INFO  --- [AbstractHandlerMethodMapping.java:549][main] - Mapped "{[/error],produces=[text/html]}" onto public org.springframework.web.servlet.ModelAndView org.springframework.boot.autoconfigure.web.servlet.error.BasicErrorController.errorHtml(javax.servlet.http.HttpServletRequest,javax.servlet.http.HttpServletResponse)
2020-01-13 10:05:24.502 INFO  --- [AbstractUrlHandlerMapping.java:373][main] - Mapped URL path [/console/static/**] onto handler of type [class org.springframework.web.servlet.resource.ResourceHttpRequestHandler]
2020-01-13 10:05:24.502 INFO  --- [AbstractUrlHandlerMapping.java:373][main] - Mapped URL path [/ipad/static/**] onto handler of type [class org.springframework.web.servlet.resource.ResourceHttpRequestHandler]
2020-01-13 10:05:24.502 INFO  --- [AbstractUrlHandlerMapping.java:373][main] - Mapped URL path [/mobile/static/**] onto handler of type [class org.springframework.web.servlet.resource.ResourceHttpRequestHandler]
2020-01-13 10:05:24.648 INFO  --- [RequestMappingHandlerAdapter.java:588][main] - Looking for @ControllerAdvice: org.springframework.boot.web.servlet.context.AnnotationConfigServletWebServerApplicationContext@dd8ba08: startup date [Mon Jan 13 10:05:19 CST 2020]; root of context hierarchy
2020-01-13 10:05:24.787 INFO  --- [ExceptionHandlerExceptionResolver.java:288][main] - Detected @ExceptionHandler methods in controllerAdviceHandler
2020-01-13 10:05:25.652 INFO  --- [MBeanExporter.java:433][main] - Registering beans for JMX exposure on startup
2020-01-13 10:05:25.653 INFO  --- [MBeanExporter.java:895][main] - Bean with name 'dataSource' has been autodetected for JMX exposure
2020-01-13 10:05:25.658 INFO  --- [MBeanExporter.java:668][main] - Located MBean 'dataSource': registering with JMX server as MBean [com.zaxxer.hikari:name=dataSource,type=HikariDataSource]
2020-01-13 10:05:25.662 INFO  --- [DefaultLifecycleProcessor.java:356][main] - Starting beans in phase 2147483647
2020-01-13 10:05:25.668 INFO  --- [DirectJDKLog.java:180][main] - Starting ProtocolHandler ["http-nio-8048"]
2020-01-13 10:05:25.686 INFO  --- [DirectJDKLog.java:180][main] - Using a shared selector for servlet write/read
2020-01-13 10:05:25.701 INFO  --- [TomcatWebServer.java:206][main] - Tomcat started on port(s): 8048 (http) with context path '/cofire'
2020-01-13 10:05:25.705 INFO  --- [StartupInfoLogger.java:59][main] - Started Application in 6.447 seconds (JVM running for 8.252)
2020-01-13 10:06:51.946 INFO  --- [DirectJDKLog.java:180][http-nio-8048-exec-1] - Initializing Spring FrameworkServlet 'dispatcherServlet'
2020-01-13 10:06:51.946 INFO  --- [FrameworkServlet.java:494][http-nio-8048-exec-1] - FrameworkServlet 'dispatcherServlet': initialization started
2020-01-13 10:06:51.969 INFO  --- [FrameworkServlet.java:509][http-nio-8048-exec-1] - FrameworkServlet 'dispatcherServlet': initialization completed in 23 ms
2020-01-13 10:06:52.182 INFO  --- [LoginServiceImpl.java:57][http-nio-8048-exec-2] - 登录成功！
2020-01-13 10:06:52.271 INFO  --- [LogAop.java:55][http-nio-8048-exec-4] - 调用前
2020-01-13 10:06:52.277 INFO  --- [LogAop.java:86][http-nio-8048-exec-4] - 接口说明：获取用户菜单
2020-01-13 10:06:52.277 INFO  --- [LogAop.java:87][http-nio-8048-exec-4] - 接口参数：{length=10, source=pc, page=1}
2020-01-13 10:06:52.277 INFO  --- [LogAop.java:88][http-nio-8048-exec-4] - 请求用户id：admin
2020-01-13 10:06:52.277 INFO  --- [LogAop.java:89][http-nio-8048-exec-4] - 请求用户Session：8C2F57010689FD19C653DBFD9200D8E5
2020-01-13 10:06:52.278 INFO  --- [LogAop.java:90][http-nio-8048-exec-4] - 请求方法：com.cofire.console.controller.base.BaseController.getUserDetail
2020-01-13 10:06:52.278 INFO  --- [LogAop.java:91][http-nio-8048-exec-4] - 请求Ip：0:0:0:0:0:0:0:1
2020-01-13 10:06:52.278 INFO  --- [LogAop.java:92][http-nio-8048-exec-4] - 请求URI：/cofire/getUserDetail
2020-01-13 10:06:52.278 INFO  --- [LogAop.java:93][http-nio-8048-exec-4] - 请求类型：query
2020-01-13 10:06:52.278 INFO  --- [LogAop.java:94][http-nio-8048-exec-4] - 操作来源：pc
2020-01-13 10:06:52.281 INFO  --- [BaseController.java:45][http-nio-8048-exec-4] - 正在获取用户菜单
2020-01-13 10:06:52.283 INFO  --- [BaseController.java:52][http-nio-8048-exec-4] - 当前登录用户的id：admin
2020-01-13 12:47:14.962 WARN  --- [HikariPool.java:758][HikariPool-1 housekeeper] - HikariPool-1 - Thread starvation or clock leap detected (housekeeper delta=15m21s156ms950µs800ns).
2020-01-13 12:49:19.679 INFO  --- [LogAop.java:55][http-nio-8048-exec-8] - 调用前
2020-01-13 12:49:19.707 INFO  --- [LogAop.java:86][http-nio-8048-exec-8] - 接口说明：获取用户菜单
2020-01-13 12:49:19.707 INFO  --- [LogAop.java:87][http-nio-8048-exec-8] - 接口参数：{length=10, source=pc, page=1}
2020-01-13 12:49:19.708 INFO  --- [LogAop.java:88][http-nio-8048-exec-8] - 请求用户id：admin
2020-01-13 12:49:19.708 INFO  --- [LogAop.java:89][http-nio-8048-exec-8] - 请求用户Session：8C2F57010689FD19C653DBFD9200D8E5
2020-01-13 12:49:19.708 INFO  --- [LogAop.java:90][http-nio-8048-exec-8] - 请求方法：com.cofire.console.controller.base.BaseController.getUserDetail
2020-01-13 12:49:19.709 INFO  --- [LogAop.java:91][http-nio-8048-exec-8] - 请求Ip：0:0:0:0:0:0:0:1
2020-01-13 12:49:19.709 INFO  --- [LogAop.java:92][http-nio-8048-exec-8] - 请求URI：/cofire/getUserDetail
2020-01-13 12:49:19.709 INFO  --- [LogAop.java:93][http-nio-8048-exec-8] - 请求类型：query
2020-01-13 12:49:19.710 INFO  --- [LogAop.java:94][http-nio-8048-exec-8] - 操作来源：pc
2020-01-13 12:49:19.718 INFO  --- [BaseController.java:45][http-nio-8048-exec-8] - 正在获取用户菜单
2020-01-13 12:49:19.726 INFO  --- [BaseController.java:52][http-nio-8048-exec-8] - 当前登录用户的id：admin
