2020-01-10 16:56:18.767 INFO  --- [StartupInfoLogger.java:50][main] - Starting Application on DESKTOP-TL9S3KD with PID 3064 (D:\liying\github\cofire\cofire\console\target\classes started by ThinkPad in D:\liying\github\cofire\cofire)
2020-01-10 16:56:18.771 INFO  --- [SpringApplication.java:680][main] - No active profile set, falling back to default profiles: default
2020-01-10 16:56:18.815 INFO  --- [AbstractApplicationContext.java:590][main] - Refreshing org.springframework.boot.web.servlet.context.AnnotationConfigServletWebServerApplicationContext@2d7275fc: startup date [Fri Jan 10 16:56:18 CST 2020]; root of context hierarchy
2020-01-10 16:56:19.551 INFO  --- [XmlBeanDefinitionReader.java:317][main] - Loading XML bean definitions from class path resource [application-bean.xml]
2020-01-10 16:56:20.058 INFO  --- [PostProcessorRegistrationDelegate.java:326][main] - Bean 'shiroConfiguration' of type [com.cofire.shiro.config.ShiroConfiguration$$EnhancerBySpringCGLIB$$3ef91ed1] is not eligible for getting processed by all BeanPostProcessors (for example: not eligible for auto-proxying)
2020-01-10 16:56:20.307 INFO  --- [PostProcessorRegistrationDelegate.java:326][main] - Bean 'org.springframework.boot.context.properties.ConversionServiceDeducer$Factory' of type [org.springframework.boot.context.properties.ConversionServiceDeducer$Factory] is not eligible for getting processed by all BeanPostProcessors (for example: not eligible for auto-proxying)
2020-01-10 16:56:20.384 INFO  --- [PostProcessorRegistrationDelegate.java:326][main] - Bean 'mybatis-org.mybatis.spring.boot.autoconfigure.MybatisProperties' of type [org.mybatis.spring.boot.autoconfigure.MybatisProperties] is not eligible for getting processed by all BeanPostProcessors (for example: not eligible for auto-proxying)
2020-01-10 16:56:20.394 INFO  --- [PostProcessorRegistrationDelegate.java:326][main] - Bean 'org.mybatis.spring.boot.autoconfigure.MybatisAutoConfiguration' of type [org.mybatis.spring.boot.autoconfigure.MybatisAutoConfiguration$$EnhancerBySpringCGLIB$$ab14a427] is not eligible for getting processed by all BeanPostProcessors (for example: not eligible for auto-proxying)
2020-01-10 16:56:20.397 INFO  --- [PostProcessorRegistrationDelegate.java:326][main] - Bean 'org.springframework.boot.autoconfigure.jdbc.DataSourceConfiguration$Hikari' of type [org.springframework.boot.autoconfigure.jdbc.DataSourceConfiguration$Hikari] is not eligible for getting processed by all BeanPostProcessors (for example: not eligible for auto-proxying)
2020-01-10 16:56:20.415 INFO  --- [PostProcessorRegistrationDelegate.java:326][main] - Bean 'spring.datasource-org.springframework.boot.autoconfigure.jdbc.DataSourceProperties' of type [org.springframework.boot.autoconfigure.jdbc.DataSourceProperties] is not eligible for getting processed by all BeanPostProcessors (for example: not eligible for auto-proxying)
2020-01-10 16:56:20.506 INFO  --- [PostProcessorRegistrationDelegate.java:326][main] - Bean 'dataSource' of type [com.zaxxer.hikari.HikariDataSource] is not eligible for getting processed by all BeanPostProcessors (for example: not eligible for auto-proxying)
2020-01-10 16:56:20.933 INFO  --- [PostProcessorRegistrationDelegate.java:326][main] - Bean 'sqlSessionFactory' of type [org.apache.ibatis.session.defaults.DefaultSqlSessionFactory] is not eligible for getting processed by all BeanPostProcessors (for example: not eligible for auto-proxying)
2020-01-10 16:56:20.942 INFO  --- [PostProcessorRegistrationDelegate.java:326][main] - Bean 'sqlSessionTemplate' of type [org.mybatis.spring.SqlSessionTemplate] is not eligible for getting processed by all BeanPostProcessors (for example: not eligible for auto-proxying)
2020-01-10 16:56:20.942 INFO  --- [PostProcessorRegistrationDelegate.java:326][main] - Bean 'sysUserMapper' of type [org.mybatis.spring.mapper.MapperFactoryBean] is not eligible for getting processed by all BeanPostProcessors (for example: not eligible for auto-proxying)
2020-01-10 16:56:20.944 INFO  --- [PostProcessorRegistrationDelegate.java:326][main] - Bean 'sysUserMapper' of type [com.sun.proxy.$Proxy57] is not eligible for getting processed by all BeanPostProcessors (for example: not eligible for auto-proxying)
2020-01-10 16:56:20.947 INFO  --- [PostProcessorRegistrationDelegate.java:326][main] - Bean 'userPermissionCustomMapper' of type [org.mybatis.spring.mapper.MapperFactoryBean] is not eligible for getting processed by all BeanPostProcessors (for example: not eligible for auto-proxying)
2020-01-10 16:56:20.948 INFO  --- [PostProcessorRegistrationDelegate.java:326][main] - Bean 'userPermissionCustomMapper' of type [com.sun.proxy.$Proxy58] is not eligible for getting processed by all BeanPostProcessors (for example: not eligible for auto-proxying)
2020-01-10 16:56:20.949 INFO  --- [PostProcessorRegistrationDelegate.java:326][main] - Bean 'userPermissionServiceImpl' of type [com.cofire.shiro.service.impl.UserPermissionServiceImpl] is not eligible for getting processed by all BeanPostProcessors (for example: not eligible for auto-proxying)
2020-01-10 16:56:20.949 INFO  --- [PostProcessorRegistrationDelegate.java:326][main] - Bean 'userRealm' of type [com.cofire.shiro.config.UserRealm] is not eligible for getting processed by all BeanPostProcessors (for example: not eligible for auto-proxying)
2020-01-10 16:56:20.962 INFO  --- [PostProcessorRegistrationDelegate.java:326][main] - Bean 'securityManager' of type [org.apache.shiro.web.mgt.DefaultWebSecurityManager] is not eligible for getting processed by all BeanPostProcessors (for example: not eligible for auto-proxying)
2020-01-10 16:56:21.022 INFO  --- [PostProcessorRegistrationDelegate.java:326][main] - Bean 'authorizationAttributeSourceAdvisor' of type [org.apache.shiro.spring.security.interceptor.AuthorizationAttributeSourceAdvisor] is not eligible for getting processed by all BeanPostProcessors (for example: not eligible for auto-proxying)
2020-01-10 16:56:21.056 INFO  --- [PostProcessorRegistrationDelegate.java:326][main] - Bean 'org.springframework.transaction.annotation.ProxyTransactionManagementConfiguration' of type [org.springframework.transaction.annotation.ProxyTransactionManagementConfiguration$$EnhancerBySpringCGLIB$$784052f7] is not eligible for getting processed by all BeanPostProcessors (for example: not eligible for auto-proxying)
2020-01-10 16:56:21.782 INFO  --- [TomcatWebServer.java:91][main] - Tomcat initialized with port(s): 8048 (http)
2020-01-10 16:56:21.797 INFO  --- [DirectJDKLog.java:180][main] - Initializing ProtocolHandler ["http-nio-8048"]
2020-01-10 16:56:21.811 INFO  --- [DirectJDKLog.java:180][main] - Starting service [Tomcat]
2020-01-10 16:56:21.812 INFO  --- [DirectJDKLog.java:180][main] - Starting Servlet Engine: Apache Tomcat/8.5.34
2020-01-10 16:56:21.816 INFO  --- [DirectJDKLog.java:180][localhost-startStop-1] - The APR based Apache Tomcat Native library which allows optimal performance in production environments was not found on the java.library.path: [D:\Program Files\Java\jdk1.8.0_101\bin;C:\WINDOWS\Sun\Java\bin;C:\WINDOWS\system32;C:\WINDOWS;C:\Python27\;C:\Python27\Scripts;D:\app\oracle\product\11.2.0\dbhome_1\bin;D:\Program Files (x86)\NetSarang\Xftp 6\;D:\Program Files (x86)\NetSarang\Xshell 6\;D:\Program Files\python3\Scripts\;D:\Program Files\python3\;C:\ProgramData\Oracle\Java\javapath;C:\WINDOWS\system32;C:\WINDOWS;C:\WINDOWS\System32\Wbem;C:\WINDOWS\System32\WindowsPowerShell\v1.0\;D:\Program Files\apache-maven-3.6.0\bin;D:\Program Files\Git\cmd;D:\Program Files\Microsoft SQL Server\120\DTS\Binn\;D:\Program Files\Microsoft SQL Server\Client SDK\ODBC\110\Tools\Binn\;D:\Program Files (x86)\Microsoft SQL Server\120\Tools\Binn\;D:\Program Files\Microsoft SQL Server\120\Tools\Binn\;D:\Program Files (x86)\Microsoft SQL Server\120\Tools\Binn\ManagementStudio\;D:\Program Files (x86)\Microsoft SQL Server\120\DTS\Binn\;C:\Program Files\MySQL\MySQL Utilities 1.6\;C:\Program Files\MySQL\MySQL Server 5.7\bin;D:\Program Files\Java\jdk1.8.0_101\bin;D:\Program Files\Java\jdk1.8.0_101\jre\bin;D:\Program Files (x86)\sdk\android\platform-tools;D:\Program Files (x86)\sdk\android\tools;D:\Program Files\gradle-5.2.1\bin;C:\WINDOWS\System32\OpenSSH\;D:\Program Files (x86)\PostgreSQL\bin;C:\Program Files\Intel\WiFi\bin\;C:\Program Files\Common Files\Intel\WirelessCommon\;C:\Program Files (x86)\Microsoft SQL Server\100\Tools\Binn\;C:\Program Files\Microsoft SQL Server\100\Tools\Binn\;C:\Program Files\Microsoft SQL Server\100\DTS\Binn\;C:\Program Files (x86)\Microsoft ASP.NET\ASP.NET Web Pages\v1.0\;D:\Program Files\nodejs\;C:\ProgramData\chocolatey\bin;D:\Program Files\Redis-x64-3.2.100;D:\Program Files\TortoiseSVN\bin;D:\Program Files\PuTTY\;C:\Users\ThinkPad\AppData\Local\Microsoft\WindowsApps;;D:\Program Files\Microsoft VS Code\bin;C:\Users\ThinkPad\AppData\Roaming\npm;.]
2020-01-10 16:56:21.958 INFO  --- [DirectJDKLog.java:180][localhost-startStop-1] - Initializing Spring embedded WebApplicationContext
2020-01-10 16:56:21.958 INFO  --- [ServletWebServerApplicationContext.java:285][localhost-startStop-1] - Root WebApplicationContext: initialization completed in 3143 ms
2020-01-10 16:56:22.107 INFO  --- [AbstractFilterRegistrationBean.java:245][localhost-startStop-1] - Mapping filter: 'corsFilter' to: [/*]
2020-01-10 16:56:22.107 INFO  --- [AbstractFilterRegistrationBean.java:245][localhost-startStop-1] - Mapping filter: 'delegatingFilterProxy' to: [/*]
2020-01-10 16:56:22.108 INFO  --- [AbstractFilterRegistrationBean.java:245][localhost-startStop-1] - Mapping filter: 'initializeCharacterEncodingFilter' to: [/*]
2020-01-10 16:56:22.108 INFO  --- [AbstractFilterRegistrationBean.java:245][localhost-startStop-1] - Mapping filter: 'shiroFilter' to: [/*]
2020-01-10 16:56:22.108 INFO  --- [ServletRegistrationBean.java:187][localhost-startStop-1] - Servlet dispatcherServlet mapped to [/]
2020-01-10 16:56:22.130 INFO  --- [SystemInitListener.java:32][localhost-startStop-1] - 正在初始化全局变量
2020-01-10 16:56:22.137 INFO  --- [SystemService.java:57][localhost-startStop-1] - 正在初始化系统参数
2020-01-10 16:56:22.148 INFO  --- [HikariDataSource.java:110][localhost-startStop-1] - HikariPool-1 - Starting...
2020-01-10 16:56:22.359 INFO  --- [HikariDataSource.java:123][localhost-startStop-1] - HikariPool-1 - Start completed.
2020-01-10 16:56:22.366 DEBUG --- [BaseJdbcLogger.java:159][localhost-startStop-1] - ==>  Preparing: SELECT concat(group_id, '|', param_id) AS pk_id, group_id, param_id, param_value, param_name, remark FROM sys_param 
2020-01-10 16:56:22.381 DEBUG --- [BaseJdbcLogger.java:159][localhost-startStop-1] - ==> Parameters: 
2020-01-10 16:56:22.439 DEBUG --- [BaseJdbcLogger.java:159][localhost-startStop-1] - <==      Total: 2
2020-01-10 16:56:22.446 INFO  --- [SystemService.java:63][localhost-startStop-1] - 系统参数：{0001|12={param_value=12, pk_id=0001|12, group_id=0001, param_name=1221124, param_id=12}, 0001|13={param_value=13, pk_id=0001|13, group_id=0001, param_name=31, param_id=13}}
2020-01-10 16:56:22.446 INFO  --- [SystemService.java:73][localhost-startStop-1] - 初始化系统参数完成
2020-01-10 16:56:22.446 INFO  --- [SystemService.java:82][localhost-startStop-1] - 正在初始化数据字典
2020-01-10 16:56:22.447 DEBUG --- [BaseJdbcLogger.java:159][localhost-startStop-1] - ==>  Preparing: SELECT concat(group_id, '|', dict_value) AS pk_id, group_id, dict_value, dict_name_cn, dict_name_en, group_name FROM sys_dict 
2020-01-10 16:56:22.447 DEBUG --- [BaseJdbcLogger.java:159][localhost-startStop-1] - ==> Parameters: 
2020-01-10 16:56:22.459 DEBUG --- [BaseJdbcLogger.java:159][localhost-startStop-1] - <==      Total: 17
2020-01-10 16:56:22.460 INFO  --- [SystemService.java:91][localhost-startStop-1] - 数据字典列表：：{0007|export={pk_id=0007|export, group_id=0007, group_name=操作类型, dict_value=export, dict_name_en=export, dict_name_cn=导出}, 0007|add={pk_id=0007|add, group_id=0007, group_name=操作类型, dict_value=add, dict_name_en=add, dict_name_cn=新增}, 0007|query={pk_id=0007|query, group_id=0007, group_name=操作类型, dict_value=query, dict_name_en=query, dict_name_cn=查询}, 0007|delete={pk_id=0007|delete, group_id=0007, group_name=操作类型, dict_value=delete, dict_name_en=delete, dict_name_cn=删除}, 0007|upload={pk_id=0007|upload, group_id=0007, group_name=操作类型, dict_value=upload, dict_name_en=upload, dict_name_cn=上传}, 0002|1={pk_id=0002|1, group_id=0002, group_name=登录登出类型, dict_value=1, dict_name_en=SignOut, dict_name_cn=登出}, 0003|0={pk_id=0003|0, group_id=0003, group_name=是否可删除, dict_value=0, dict_name_en=False, dict_name_cn=否}, 0001|1={pk_id=0001|1, group_id=0001, group_name=是否可用, dict_value=1, dict_name_en=Ture, dict_name_cn=是}, 0002|0={pk_id=0002|0, group_id=0002, group_name=登录登出类型, dict_value=0, dict_name_en=SignIn, dict_name_cn=登录}, 0001|0={pk_id=0001|0, group_id=0001, group_name=是否可用, dict_value=0, dict_name_en=False, dict_name_cn=否}, 0005|pc={pk_id=0005|pc, group_id=0005, group_name=来源类型, dict_value=pc, dict_name_en=PC, dict_name_cn=PC端}, 0006|1={pk_id=0006|1, group_id=0006, group_name=是否叶节点, dict_value=1, dict_name_en=True, dict_name_cn=是}, 0006|0={pk_id=0006|0, group_id=0006, group_name=是否叶节点, dict_value=0, dict_name_en=False, dict_name_cn=否}, 0004|1={pk_id=0004|1, group_id=0004, group_name=是否成功, dict_value=1, dict_name_en=True, dict_name_cn=是}, 0003|1={pk_id=0003|1, group_id=0003, group_name=是否可删除, dict_value=1, dict_name_en=True, dict_name_cn=是}, 0004|0={pk_id=0004|0, group_id=0004, group_name=是否成功, dict_value=0, dict_name_en=False, dict_name_cn=否}, 0007|update={pk_id=0007|update, group_id=0007, group_name=操作类型, dict_value=update, dict_name_en=update, dict_name_cn=修改}}
2020-01-10 16:56:22.460 INFO  --- [SystemService.java:92][localhost-startStop-1] - 数据字典分组：：{0006=[{pk_id=0006|0, group_id=0006, group_name=是否叶节点, dict_value=0, dict_name_en=False, dict_name_cn=否}, {pk_id=0006|1, group_id=0006, group_name=是否叶节点, dict_value=1, dict_name_en=True, dict_name_cn=是}], 0007=[{pk_id=0007|add, group_id=0007, group_name=操作类型, dict_value=add, dict_name_en=add, dict_name_cn=新增}, {pk_id=0007|delete, group_id=0007, group_name=操作类型, dict_value=delete, dict_name_en=delete, dict_name_cn=删除}, {pk_id=0007|export, group_id=0007, group_name=操作类型, dict_value=export, dict_name_en=export, dict_name_cn=导出}, {pk_id=0007|query, group_id=0007, group_name=操作类型, dict_value=query, dict_name_en=query, dict_name_cn=查询}, {pk_id=0007|update, group_id=0007, group_name=操作类型, dict_value=update, dict_name_en=update, dict_name_cn=修改}, {pk_id=0007|upload, group_id=0007, group_name=操作类型, dict_value=upload, dict_name_en=upload, dict_name_cn=上传}], 0004=[{pk_id=0004|0, group_id=0004, group_name=是否成功, dict_value=0, dict_name_en=False, dict_name_cn=否}, {pk_id=0004|1, group_id=0004, group_name=是否成功, dict_value=1, dict_name_en=True, dict_name_cn=是}], 0005=[{pk_id=0005|pc, group_id=0005, group_name=来源类型, dict_value=pc, dict_name_en=PC, dict_name_cn=PC端}], 0002=[{pk_id=0002|0, group_id=0002, group_name=登录登出类型, dict_value=0, dict_name_en=SignIn, dict_name_cn=登录}, {pk_id=0002|1, group_id=0002, group_name=登录登出类型, dict_value=1, dict_name_en=SignOut, dict_name_cn=登出}], 0003=[{pk_id=0003|0, group_id=0003, group_name=是否可删除, dict_value=0, dict_name_en=False, dict_name_cn=否}, {pk_id=0003|1, group_id=0003, group_name=是否可删除, dict_value=1, dict_name_en=True, dict_name_cn=是}], 0001=[{pk_id=0001|0, group_id=0001, group_name=是否可用, dict_value=0, dict_name_en=False, dict_name_cn=否}, {pk_id=0001|1, group_id=0001, group_name=是否可用, dict_value=1, dict_name_en=Ture, dict_name_cn=是}]}
2020-01-10 16:56:22.460 INFO  --- [SystemService.java:101][localhost-startStop-1] - 初始化数据字典完成
2020-01-10 16:56:22.461 INFO  --- [SystemService.java:112][localhost-startStop-1] - 正在初始化返回码
2020-01-10 16:56:22.461 INFO  --- [SystemService.java:114][localhost-startStop-1] - 初始化返回码完成
2020-01-10 16:56:22.572 INFO  --- [StdSchedulerFactory.java:1208][localhost-startStop-1] - Using default implementation for ThreadExecutor
2020-01-10 16:56:22.587 INFO  --- [SchedulerSignalerImpl.java:61][localhost-startStop-1] - Initialized Scheduler Signaller of type: class org.quartz.core.SchedulerSignalerImpl
2020-01-10 16:56:22.587 INFO  --- [QuartzScheduler.java:229][localhost-startStop-1] - Quartz Scheduler v.2.3.0 created.
2020-01-10 16:56:22.589 INFO  --- [RAMJobStore.java:155][localhost-startStop-1] - RAMJobStore initialized.
2020-01-10 16:56:22.590 INFO  --- [QuartzScheduler.java:294][localhost-startStop-1] - Scheduler meta-data: Quartz Scheduler (v2.3.0) 'quartzScheduler' with instanceId 'NON_CLUSTERED'
  Scheduler class: 'org.quartz.core.QuartzScheduler' - running locally.
  NOT STARTED.
  Currently in standby mode.
  Number of jobs executed: 0
  Using thread pool 'org.quartz.simpl.SimpleThreadPool' - with 10 threads.
  Using job-store 'org.quartz.simpl.RAMJobStore' - which does not support persistence. and is not clustered.

2020-01-10 16:56:22.590 INFO  --- [StdSchedulerFactory.java:1362][localhost-startStop-1] - Quartz scheduler 'quartzScheduler' initialized from an externally provided properties instance.
2020-01-10 16:56:22.590 INFO  --- [StdSchedulerFactory.java:1366][localhost-startStop-1] - Quartz scheduler version: 2.3.0
2020-01-10 16:56:22.591 INFO  --- [QuartzScheduler.java:2287][localhost-startStop-1] - JobFactory set to: org.springframework.boot.autoconfigure.quartz.AutowireCapableBeanJobFactory@1ee35d19
2020-01-10 16:56:22.615 INFO  --- [QuartzJobConfig.java:37][localhost-startStop-1] - 准备注册定时任务
2020-01-10 16:56:22.645 DEBUG --- [BaseJdbcLogger.java:159][localhost-startStop-1] - ==>  Preparing: select 'true' as QUERYID, job_id, job_name, job_desc, year, month, day, week, hour, minute, second, is_del, modifier, modify_time, param1, param2, param3, param4, param5 from qtz_job WHERE ( is_del = ? ) 
2020-01-10 16:56:22.646 DEBUG --- [BaseJdbcLogger.java:159][localhost-startStop-1] - ==> Parameters: 0(String)
2020-01-10 16:56:22.653 DEBUG --- [BaseJdbcLogger.java:159][localhost-startStop-1] - <==      Total: 0
2020-01-10 16:56:22.654 INFO  --- [QuartzJobConfig.java:42][localhost-startStop-1] - 总共有0个定时任务
2020-01-10 16:56:22.655 INFO  --- [QuartzScheduler.java:547][localhost-startStop-1] - Scheduler quartzScheduler_$_NON_CLUSTERED started.
2020-01-10 16:56:22.655 INFO  --- [QuartzJobConfig.java:62][localhost-startStop-1] - Quartz任务注册成功
2020-01-10 16:56:22.655 INFO  --- [SystemInitListener.java:34][localhost-startStop-1] - 初始化全局变量完成
2020-01-10 16:56:23.115 INFO  --- [AbstractHandlerMethodMapping.java:549][main] - Mapped "{[/console/api/test]}" onto public com.cofire.common.result.Result com.cofire.console.controller.api.JsonApiController.test(org.springframework.http.HttpRequest,com.cofire.console.controller.api.Person)
2020-01-10 16:56:23.115 INFO  --- [AbstractHandlerMethodMapping.java:549][main] - Mapped "{[/console/api/test2]}" onto java.lang.String com.cofire.console.controller.api.JsonApiController.request(javax.servlet.http.HttpServletRequest,javax.servlet.http.HttpServletResponse)
2020-01-10 16:56:23.116 INFO  --- [AbstractHandlerMethodMapping.java:549][main] - Mapped "{[/getUserDetail]}" onto public com.cofire.common.result.Result com.cofire.console.controller.base.BaseController.getUserDetail(javax.servlet.http.HttpServletRequest)
2020-01-10 16:56:23.116 INFO  --- [AbstractHandlerMethodMapping.java:549][main] - Mapped "{[/getDictByGroup]}" onto public com.cofire.common.result.Result com.cofire.console.controller.base.BaseController.getDictByGroup(java.lang.String)
2020-01-10 16:56:23.117 INFO  --- [AbstractHandlerMethodMapping.java:549][main] - Mapped "{[/console]}" onto public java.lang.String com.cofire.console.controller.base.BasePageController.console()
2020-01-10 16:56:23.117 INFO  --- [AbstractHandlerMethodMapping.java:549][main] - Mapped "{[/ipad]}" onto public java.lang.String com.cofire.console.controller.base.BasePageController.ipad()
2020-01-10 16:56:23.117 INFO  --- [AbstractHandlerMethodMapping.java:549][main] - Mapped "{[/mobile]}" onto public java.lang.String com.cofire.console.controller.base.BasePageController.mobile()
2020-01-10 16:56:23.119 INFO  --- [AbstractHandlerMethodMapping.java:549][main] - Mapped "{[/error/unauth]}" onto public com.cofire.common.result.Result com.cofire.console.controller.base.ErrorController.unauth()
2020-01-10 16:56:23.119 INFO  --- [AbstractHandlerMethodMapping.java:549][main] - Mapped "{[/error/exportError]}" onto public com.cofire.common.result.Result com.cofire.console.controller.base.ErrorController.exportError()
2020-01-10 16:56:23.119 INFO  --- [AbstractHandlerMethodMapping.java:549][main] - Mapped "{[/error/sessionTimeOut]}" onto public com.cofire.common.result.Result com.cofire.console.controller.base.ErrorController.sessionTimeOut()
2020-01-10 16:56:23.120 INFO  --- [AbstractHandlerMethodMapping.java:549][main] - Mapped "{[/image/],produces=[image/jpeg]}" onto public byte[] com.cofire.console.controller.base.ImageController.getImage(java.lang.String) throws java.io.FileNotFoundException,java.io.IOException
2020-01-10 16:56:23.120 INFO  --- [AbstractHandlerMethodMapping.java:549][main] - Mapped "{[/image/upload]}" onto public com.cofire.common.result.Result com.cofire.console.controller.base.ImageController.imgUpload(javax.servlet.http.HttpServletRequest,org.springframework.web.multipart.MultipartFile)
2020-01-10 16:56:23.121 INFO  --- [AbstractHandlerMethodMapping.java:549][main] - Mapped "{[/console/dict/query],methods=[POST]}" onto public com.cofire.common.result.Result com.cofire.console.controller.system.DictController.queryDict(com.cofire.common.result.ParamItem,com.cofire.dao.model.system.SysDict)
2020-01-10 16:56:23.121 INFO  --- [AbstractHandlerMethodMapping.java:549][main] - Mapped "{[/console/dict/delete],methods=[POST]}" onto public com.cofire.common.result.Result com.cofire.console.controller.system.DictController.deleteDict(com.cofire.dao.model.system.SysDict)
2020-01-10 16:56:23.121 INFO  --- [AbstractHandlerMethodMapping.java:549][main] - Mapped "{[/console/dict/save],methods=[POST]}" onto public com.cofire.common.result.Result com.cofire.console.controller.system.DictController.saveDict(java.lang.String,com.cofire.dao.model.system.SysDict)
2020-01-10 16:56:23.122 INFO  --- [AbstractHandlerMethodMapping.java:549][main] - Mapped "{[/console/job/delete],methods=[POST]}" onto public com.cofire.common.result.Result com.cofire.console.controller.system.JobController.deleteJob(com.cofire.dao.model.system.QtzJob)
2020-01-10 16:56:23.122 INFO  --- [AbstractHandlerMethodMapping.java:549][main] - Mapped "{[/console/job/query],methods=[POST]}" onto public com.cofire.common.result.Result com.cofire.console.controller.system.JobController.queryJob(com.cofire.common.result.ParamItem,com.cofire.dao.model.system.QtzJob)
2020-01-10 16:56:23.122 INFO  --- [AbstractHandlerMethodMapping.java:549][main] - Mapped "{[/console/job/save],methods=[POST]}" onto public com.cofire.common.result.Result com.cofire.console.controller.system.JobController.saveJob(java.lang.String,com.cofire.dao.model.system.QtzJob)
2020-01-10 16:56:23.123 INFO  --- [AbstractHandlerMethodMapping.java:549][main] - Mapped "{[/console/jobLog/query],methods=[POST]}" onto public com.cofire.common.result.Result com.cofire.console.controller.system.JobLogController.queryJobLog(com.cofire.common.result.ParamItem,com.cofire.dao.model.system.QtzJobLog)
2020-01-10 16:56:23.123 INFO  --- [AbstractHandlerMethodMapping.java:549][main] - Mapped "{[/console/loginAudit/query],methods=[POST]}" onto public com.cofire.common.result.Result com.cofire.console.controller.system.LoginAuditController.queryLoginAudit(com.cofire.common.result.ParamItem,com.cofire.dao.model.system.SysLoginAudit)
2020-01-10 16:56:23.124 INFO  --- [AbstractHandlerMethodMapping.java:549][main] - Mapped "{[/console/loginOut]}" onto public com.cofire.common.result.Result com.cofire.console.controller.system.LoginController.loginOut(java.lang.String,java.lang.String)
2020-01-10 16:56:23.124 INFO  --- [AbstractHandlerMethodMapping.java:549][main] - Mapped "{[/console/login]}" onto public com.cofire.common.result.Result com.cofire.console.controller.system.LoginController.login(java.lang.String,java.lang.String,java.lang.String,java.lang.String)
2020-01-10 16:56:23.125 INFO  --- [AbstractHandlerMethodMapping.java:549][main] - Mapped "{[/console/operateAudit/query],methods=[POST]}" onto public com.cofire.common.result.Result com.cofire.console.controller.system.OperateAuditController.queryOperateAudit(com.cofire.common.result.ParamItem,com.cofire.dao.model.system.SysOperateAudit)
2020-01-10 16:56:23.126 INFO  --- [AbstractHandlerMethodMapping.java:549][main] - Mapped "{[/console/param/query],methods=[POST]}" onto public com.cofire.common.result.Result com.cofire.console.controller.system.ParamController.queryParam(com.cofire.common.result.ParamItem,com.cofire.dao.model.system.SysParam)
2020-01-10 16:56:23.126 INFO  --- [AbstractHandlerMethodMapping.java:549][main] - Mapped "{[/console/param/save],methods=[POST]}" onto public com.cofire.common.result.Result com.cofire.console.controller.system.ParamController.saveParam(java.lang.String,com.cofire.dao.model.system.SysParam)
2020-01-10 16:56:23.126 INFO  --- [AbstractHandlerMethodMapping.java:549][main] - Mapped "{[/console/param/delete],methods=[POST]}" onto public com.cofire.common.result.Result com.cofire.console.controller.system.ParamController.deleteParam(com.cofire.dao.model.system.SysParam)
2020-01-10 16:56:23.127 INFO  --- [AbstractHandlerMethodMapping.java:549][main] - Mapped "{[/console/resource/query],methods=[POST]}" onto public com.cofire.common.result.Result com.cofire.console.controller.system.ResourceController.queryResource()
2020-01-10 16:56:23.127 INFO  --- [AbstractHandlerMethodMapping.java:549][main] - Mapped "{[/console/resource/save],methods=[POST]}" onto public com.cofire.common.result.Result com.cofire.console.controller.system.ResourceController.saveResource(java.lang.String,com.cofire.dao.model.system.SysResource)
2020-01-10 16:56:23.127 INFO  --- [AbstractHandlerMethodMapping.java:549][main] - Mapped "{[/console/resource/delete],methods=[POST]}" onto public com.cofire.common.result.Result com.cofire.console.controller.system.ResourceController.deleteResource(com.cofire.dao.model.system.SysResource)
2020-01-10 16:56:23.128 INFO  --- [AbstractHandlerMethodMapping.java:549][main] - Mapped "{[/console/returnCode/save],methods=[POST]}" onto public com.cofire.common.result.Result com.cofire.console.controller.system.ReturnCodeController.saveReturnCode(java.lang.String,com.cofire.dao.model.system.SysReturnCode)
2020-01-10 16:56:23.128 INFO  --- [AbstractHandlerMethodMapping.java:549][main] - Mapped "{[/console/returnCode/delete],methods=[POST]}" onto public com.cofire.common.result.Result com.cofire.console.controller.system.ReturnCodeController.deleteReturnCode(com.cofire.dao.model.system.SysReturnCode)
2020-01-10 16:56:23.128 INFO  --- [AbstractHandlerMethodMapping.java:549][main] - Mapped "{[/console/returnCode/query],methods=[POST]}" onto public com.cofire.common.result.Result com.cofire.console.controller.system.ReturnCodeController.queryReturnCode(com.cofire.common.result.ParamItem,com.cofire.dao.model.system.SysReturnCode)
2020-01-10 16:56:23.129 INFO  --- [AbstractHandlerMethodMapping.java:549][main] - Mapped "{[/console/role/queryUserRoleList],methods=[POST]}" onto public com.cofire.common.result.Result com.cofire.console.controller.system.RoleController.queryUserRoleList(com.cofire.dao.model.system.SysUser)
2020-01-10 16:56:23.129 INFO  --- [AbstractHandlerMethodMapping.java:549][main] - Mapped "{[/console/role/getRoleTree],methods=[POST]}" onto public com.cofire.common.result.Result com.cofire.console.controller.system.RoleController.getRoleTree(java.lang.String)
2020-01-10 16:56:23.129 INFO  --- [AbstractHandlerMethodMapping.java:549][main] - Mapped "{[/console/role/delete],methods=[POST]}" onto public com.cofire.common.result.Result com.cofire.console.controller.system.RoleController.deleteRole(com.cofire.dao.model.system.SysRole)
2020-01-10 16:56:23.130 INFO  --- [AbstractHandlerMethodMapping.java:549][main] - Mapped "{[/console/role/query],methods=[POST]}" onto public com.cofire.common.result.Result com.cofire.console.controller.system.RoleController.queryRole(com.cofire.common.result.ParamItem,com.cofire.dao.model.system.SysRole)
2020-01-10 16:56:23.130 INFO  --- [AbstractHandlerMethodMapping.java:549][main] - Mapped "{[/console/role/save],methods=[POST]}" onto public com.cofire.common.result.Result com.cofire.console.controller.system.RoleController.saveRole(java.lang.String,com.cofire.dao.model.system.SysRole,java.lang.String)
2020-01-10 16:56:23.130 INFO  --- [AbstractHandlerMethodMapping.java:549][main] - Mapped "{[/console/user/exportExcel]}" onto public void com.cofire.console.controller.system.UserController.exportExcel(com.cofire.dao.model.system.SysUser,javax.servlet.http.HttpServletResponse)
2020-01-10 16:56:23.131 INFO  --- [AbstractHandlerMethodMapping.java:549][main] - Mapped "{[/console/user/query],methods=[POST]}" onto public com.cofire.common.result.Result com.cofire.console.controller.system.UserController.queryRole(com.cofire.common.result.ParamItem,com.cofire.dao.model.system.SysUser)
2020-01-10 16:56:23.131 INFO  --- [AbstractHandlerMethodMapping.java:549][main] - Mapped "{[/console/user/save],methods=[POST]}" onto public com.cofire.common.result.Result com.cofire.console.controller.system.UserController.saveUser(java.lang.String,com.cofire.dao.model.system.SysUser)
2020-01-10 16:56:23.131 INFO  --- [AbstractHandlerMethodMapping.java:549][main] - Mapped "{[/console/user/saveUserRole],methods=[POST]}" onto public com.cofire.common.result.Result com.cofire.console.controller.system.UserController.saveUserRole(java.lang.String,java.lang.String)
2020-01-10 16:56:23.132 INFO  --- [AbstractHandlerMethodMapping.java:549][main] - Mapped "{[/console/user/restPassWord],methods=[POST]}" onto public com.cofire.common.result.Result com.cofire.console.controller.system.UserController.restPassWord(java.lang.String)
2020-01-10 16:56:23.132 INFO  --- [AbstractHandlerMethodMapping.java:549][main] - Mapped "{[/console/user/delete],methods=[POST]}" onto public com.cofire.common.result.Result com.cofire.console.controller.system.UserController.deleteUser(java.lang.String)
2020-01-10 16:56:23.132 INFO  --- [AbstractHandlerMethodMapping.java:549][main] - Mapped "{[/console/user/changePassWord],methods=[POST]}" onto public com.cofire.common.result.Result com.cofire.console.controller.system.UserController.changePassWord(java.lang.String,java.lang.String,java.lang.String)
2020-01-10 16:56:23.137 INFO  --- [AbstractHandlerMethodMapping.java:549][main] - Mapped "{[/error]}" onto public org.springframework.http.ResponseEntity<java.util.Map<java.lang.String, java.lang.Object>> org.springframework.boot.autoconfigure.web.servlet.error.BasicErrorController.error(javax.servlet.http.HttpServletRequest)
2020-01-10 16:56:23.137 INFO  --- [AbstractHandlerMethodMapping.java:549][main] - Mapped "{[/error],produces=[text/html]}" onto public org.springframework.web.servlet.ModelAndView org.springframework.boot.autoconfigure.web.servlet.error.BasicErrorController.errorHtml(javax.servlet.http.HttpServletRequest,javax.servlet.http.HttpServletResponse)
2020-01-10 16:56:23.203 INFO  --- [AbstractUrlHandlerMapping.java:373][main] - Mapped URL path [/console/static/**] onto handler of type [class org.springframework.web.servlet.resource.ResourceHttpRequestHandler]
2020-01-10 16:56:23.203 INFO  --- [AbstractUrlHandlerMapping.java:373][main] - Mapped URL path [/ipad/static/**] onto handler of type [class org.springframework.web.servlet.resource.ResourceHttpRequestHandler]
2020-01-10 16:56:23.204 INFO  --- [AbstractUrlHandlerMapping.java:373][main] - Mapped URL path [/mobile/static/**] onto handler of type [class org.springframework.web.servlet.resource.ResourceHttpRequestHandler]
2020-01-10 16:56:23.344 INFO  --- [RequestMappingHandlerAdapter.java:588][main] - Looking for @ControllerAdvice: org.springframework.boot.web.servlet.context.AnnotationConfigServletWebServerApplicationContext@2d7275fc: startup date [Fri Jan 10 16:56:18 CST 2020]; root of context hierarchy
2020-01-10 16:56:23.478 INFO  --- [ExceptionHandlerExceptionResolver.java:288][main] - Detected @ExceptionHandler methods in controllerAdviceHandler
2020-01-10 16:56:24.268 INFO  --- [MBeanExporter.java:433][main] - Registering beans for JMX exposure on startup
2020-01-10 16:56:24.270 INFO  --- [MBeanExporter.java:895][main] - Bean with name 'dataSource' has been autodetected for JMX exposure
2020-01-10 16:56:24.279 INFO  --- [MBeanExporter.java:668][main] - Located MBean 'dataSource': registering with JMX server as MBean [com.zaxxer.hikari:name=dataSource,type=HikariDataSource]
2020-01-10 16:56:24.284 INFO  --- [DefaultLifecycleProcessor.java:356][main] - Starting beans in phase 2147483647
2020-01-10 16:56:24.292 INFO  --- [DirectJDKLog.java:180][main] - Starting ProtocolHandler ["http-nio-8048"]
2020-01-10 16:56:24.303 INFO  --- [DirectJDKLog.java:180][main] - Using a shared selector for servlet write/read
2020-01-10 16:56:24.322 INFO  --- [TomcatWebServer.java:206][main] - Tomcat started on port(s): 8048 (http) with context path '/cofire'
2020-01-10 16:56:24.327 INFO  --- [StartupInfoLogger.java:59][main] - Started Application in 5.86 seconds (JVM running for 7.248)
2020-01-10 16:56:44.247 INFO  --- [DirectJDKLog.java:180][http-nio-8048-exec-1] - Initializing Spring FrameworkServlet 'dispatcherServlet'
2020-01-10 16:56:44.247 INFO  --- [FrameworkServlet.java:494][http-nio-8048-exec-1] - FrameworkServlet 'dispatcherServlet': initialization started
2020-01-10 16:56:44.266 INFO  --- [FrameworkServlet.java:509][http-nio-8048-exec-1] - FrameworkServlet 'dispatcherServlet': initialization completed in 19 ms
2020-01-10 16:57:04.685 WARN  --- [AbstractHandlerExceptionResolver.java:140][http-nio-8048-exec-2] - Resolved [java.lang.IllegalStateException: No primary or default constructor found for interface org.springframework.http.HttpRequest]
2020-01-10 16:57:45.138 INFO  --- [StartupInfoLogger.java:50][main] - Starting Application on DESKTOP-TL9S3KD with PID 1516 (D:\liying\github\cofire\cofire\console\target\classes started by ThinkPad in D:\liying\github\cofire\cofire)
2020-01-10 16:57:45.143 INFO  --- [SpringApplication.java:680][main] - No active profile set, falling back to default profiles: default
2020-01-10 16:57:45.223 INFO  --- [AbstractApplicationContext.java:590][main] - Refreshing org.springframework.boot.web.servlet.context.AnnotationConfigServletWebServerApplicationContext@4ce7fffa: startup date [Fri Jan 10 16:57:45 CST 2020]; root of context hierarchy
2020-01-10 16:57:45.995 INFO  --- [XmlBeanDefinitionReader.java:317][main] - Loading XML bean definitions from class path resource [application-bean.xml]
2020-01-10 16:57:46.603 INFO  --- [PostProcessorRegistrationDelegate.java:326][main] - Bean 'shiroConfiguration' of type [com.cofire.shiro.config.ShiroConfiguration$$EnhancerBySpringCGLIB$$9fff7206] is not eligible for getting processed by all BeanPostProcessors (for example: not eligible for auto-proxying)
2020-01-10 16:57:46.916 INFO  --- [PostProcessorRegistrationDelegate.java:326][main] - Bean 'org.springframework.boot.context.properties.ConversionServiceDeducer$Factory' of type [org.springframework.boot.context.properties.ConversionServiceDeducer$Factory] is not eligible for getting processed by all BeanPostProcessors (for example: not eligible for auto-proxying)
2020-01-10 16:57:46.994 INFO  --- [PostProcessorRegistrationDelegate.java:326][main] - Bean 'mybatis-org.mybatis.spring.boot.autoconfigure.MybatisProperties' of type [org.mybatis.spring.boot.autoconfigure.MybatisProperties] is not eligible for getting processed by all BeanPostProcessors (for example: not eligible for auto-proxying)
2020-01-10 16:57:47.005 INFO  --- [PostProcessorRegistrationDelegate.java:326][main] - Bean 'org.mybatis.spring.boot.autoconfigure.MybatisAutoConfiguration' of type [org.mybatis.spring.boot.autoconfigure.MybatisAutoConfiguration$$EnhancerBySpringCGLIB$$c1af75c] is not eligible for getting processed by all BeanPostProcessors (for example: not eligible for auto-proxying)
2020-01-10 16:57:47.010 INFO  --- [PostProcessorRegistrationDelegate.java:326][main] - Bean 'org.springframework.boot.autoconfigure.jdbc.DataSourceConfiguration$Hikari' of type [org.springframework.boot.autoconfigure.jdbc.DataSourceConfiguration$Hikari] is not eligible for getting processed by all BeanPostProcessors (for example: not eligible for auto-proxying)
2020-01-10 16:57:47.026 INFO  --- [PostProcessorRegistrationDelegate.java:326][main] - Bean 'spring.datasource-org.springframework.boot.autoconfigure.jdbc.DataSourceProperties' of type [org.springframework.boot.autoconfigure.jdbc.DataSourceProperties] is not eligible for getting processed by all BeanPostProcessors (for example: not eligible for auto-proxying)
2020-01-10 16:57:47.117 INFO  --- [PostProcessorRegistrationDelegate.java:326][main] - Bean 'dataSource' of type [com.zaxxer.hikari.HikariDataSource] is not eligible for getting processed by all BeanPostProcessors (for example: not eligible for auto-proxying)
2020-01-10 16:57:47.548 INFO  --- [PostProcessorRegistrationDelegate.java:326][main] - Bean 'sqlSessionFactory' of type [org.apache.ibatis.session.defaults.DefaultSqlSessionFactory] is not eligible for getting processed by all BeanPostProcessors (for example: not eligible for auto-proxying)
2020-01-10 16:57:47.560 INFO  --- [PostProcessorRegistrationDelegate.java:326][main] - Bean 'sqlSessionTemplate' of type [org.mybatis.spring.SqlSessionTemplate] is not eligible for getting processed by all BeanPostProcessors (for example: not eligible for auto-proxying)
2020-01-10 16:57:47.561 INFO  --- [PostProcessorRegistrationDelegate.java:326][main] - Bean 'sysUserMapper' of type [org.mybatis.spring.mapper.MapperFactoryBean] is not eligible for getting processed by all BeanPostProcessors (for example: not eligible for auto-proxying)
2020-01-10 16:57:47.563 INFO  --- [PostProcessorRegistrationDelegate.java:326][main] - Bean 'sysUserMapper' of type [com.sun.proxy.$Proxy57] is not eligible for getting processed by all BeanPostProcessors (for example: not eligible for auto-proxying)
2020-01-10 16:57:47.568 INFO  --- [PostProcessorRegistrationDelegate.java:326][main] - Bean 'userPermissionCustomMapper' of type [org.mybatis.spring.mapper.MapperFactoryBean] is not eligible for getting processed by all BeanPostProcessors (for example: not eligible for auto-proxying)
2020-01-10 16:57:47.569 INFO  --- [PostProcessorRegistrationDelegate.java:326][main] - Bean 'userPermissionCustomMapper' of type [com.sun.proxy.$Proxy58] is not eligible for getting processed by all BeanPostProcessors (for example: not eligible for auto-proxying)
2020-01-10 16:57:47.570 INFO  --- [PostProcessorRegistrationDelegate.java:326][main] - Bean 'userPermissionServiceImpl' of type [com.cofire.shiro.service.impl.UserPermissionServiceImpl] is not eligible for getting processed by all BeanPostProcessors (for example: not eligible for auto-proxying)
2020-01-10 16:57:47.571 INFO  --- [PostProcessorRegistrationDelegate.java:326][main] - Bean 'userRealm' of type [com.cofire.shiro.config.UserRealm] is not eligible for getting processed by all BeanPostProcessors (for example: not eligible for auto-proxying)
2020-01-10 16:57:47.588 INFO  --- [PostProcessorRegistrationDelegate.java:326][main] - Bean 'securityManager' of type [org.apache.shiro.web.mgt.DefaultWebSecurityManager] is not eligible for getting processed by all BeanPostProcessors (for example: not eligible for auto-proxying)
2020-01-10 16:57:47.669 INFO  --- [PostProcessorRegistrationDelegate.java:326][main] - Bean 'authorizationAttributeSourceAdvisor' of type [org.apache.shiro.spring.security.interceptor.AuthorizationAttributeSourceAdvisor] is not eligible for getting processed by all BeanPostProcessors (for example: not eligible for auto-proxying)
2020-01-10 16:57:47.749 INFO  --- [PostProcessorRegistrationDelegate.java:326][main] - Bean 'org.springframework.transaction.annotation.ProxyTransactionManagementConfiguration' of type [org.springframework.transaction.annotation.ProxyTransactionManagementConfiguration$$EnhancerBySpringCGLIB$$d946a62c] is not eligible for getting processed by all BeanPostProcessors (for example: not eligible for auto-proxying)
2020-01-10 16:57:48.534 INFO  --- [TomcatWebServer.java:91][main] - Tomcat initialized with port(s): 8048 (http)
2020-01-10 16:57:48.551 INFO  --- [DirectJDKLog.java:180][main] - Initializing ProtocolHandler ["http-nio-8048"]
2020-01-10 16:57:48.567 INFO  --- [DirectJDKLog.java:180][main] - Starting service [Tomcat]
2020-01-10 16:57:48.567 INFO  --- [DirectJDKLog.java:180][main] - Starting Servlet Engine: Apache Tomcat/8.5.34
2020-01-10 16:57:48.572 INFO  --- [DirectJDKLog.java:180][localhost-startStop-1] - The APR based Apache Tomcat Native library which allows optimal performance in production environments was not found on the java.library.path: [D:\Program Files\Java\jdk1.8.0_101\bin;C:\WINDOWS\Sun\Java\bin;C:\WINDOWS\system32;C:\WINDOWS;C:\Python27\;C:\Python27\Scripts;D:\app\oracle\product\11.2.0\dbhome_1\bin;D:\Program Files (x86)\NetSarang\Xftp 6\;D:\Program Files (x86)\NetSarang\Xshell 6\;D:\Program Files\python3\Scripts\;D:\Program Files\python3\;C:\ProgramData\Oracle\Java\javapath;C:\WINDOWS\system32;C:\WINDOWS;C:\WINDOWS\System32\Wbem;C:\WINDOWS\System32\WindowsPowerShell\v1.0\;D:\Program Files\apache-maven-3.6.0\bin;D:\Program Files\Git\cmd;D:\Program Files\Microsoft SQL Server\120\DTS\Binn\;D:\Program Files\Microsoft SQL Server\Client SDK\ODBC\110\Tools\Binn\;D:\Program Files (x86)\Microsoft SQL Server\120\Tools\Binn\;D:\Program Files\Microsoft SQL Server\120\Tools\Binn\;D:\Program Files (x86)\Microsoft SQL Server\120\Tools\Binn\ManagementStudio\;D:\Program Files (x86)\Microsoft SQL Server\120\DTS\Binn\;C:\Program Files\MySQL\MySQL Utilities 1.6\;C:\Program Files\MySQL\MySQL Server 5.7\bin;D:\Program Files\Java\jdk1.8.0_101\bin;D:\Program Files\Java\jdk1.8.0_101\jre\bin;D:\Program Files (x86)\sdk\android\platform-tools;D:\Program Files (x86)\sdk\android\tools;D:\Program Files\gradle-5.2.1\bin;C:\WINDOWS\System32\OpenSSH\;D:\Program Files (x86)\PostgreSQL\bin;C:\Program Files\Intel\WiFi\bin\;C:\Program Files\Common Files\Intel\WirelessCommon\;C:\Program Files (x86)\Microsoft SQL Server\100\Tools\Binn\;C:\Program Files\Microsoft SQL Server\100\Tools\Binn\;C:\Program Files\Microsoft SQL Server\100\DTS\Binn\;C:\Program Files (x86)\Microsoft ASP.NET\ASP.NET Web Pages\v1.0\;D:\Program Files\nodejs\;C:\ProgramData\chocolatey\bin;D:\Program Files\Redis-x64-3.2.100;D:\Program Files\TortoiseSVN\bin;D:\Program Files\PuTTY\;C:\Users\ThinkPad\AppData\Local\Microsoft\WindowsApps;;D:\Program Files\Microsoft VS Code\bin;C:\Users\ThinkPad\AppData\Roaming\npm;.]
2020-01-10 16:57:48.722 INFO  --- [DirectJDKLog.java:180][localhost-startStop-1] - Initializing Spring embedded WebApplicationContext
2020-01-10 16:57:48.723 INFO  --- [ServletWebServerApplicationContext.java:285][localhost-startStop-1] - Root WebApplicationContext: initialization completed in 3500 ms
2020-01-10 16:57:48.916 INFO  --- [AbstractFilterRegistrationBean.java:245][localhost-startStop-1] - Mapping filter: 'corsFilter' to: [/*]
2020-01-10 16:57:48.917 INFO  --- [AbstractFilterRegistrationBean.java:245][localhost-startStop-1] - Mapping filter: 'delegatingFilterProxy' to: [/*]
2020-01-10 16:57:48.917 INFO  --- [AbstractFilterRegistrationBean.java:245][localhost-startStop-1] - Mapping filter: 'initializeCharacterEncodingFilter' to: [/*]
2020-01-10 16:57:48.917 INFO  --- [AbstractFilterRegistrationBean.java:245][localhost-startStop-1] - Mapping filter: 'shiroFilter' to: [/*]
2020-01-10 16:57:48.918 INFO  --- [ServletRegistrationBean.java:187][localhost-startStop-1] - Servlet dispatcherServlet mapped to [/]
2020-01-10 16:57:48.940 INFO  --- [SystemInitListener.java:32][localhost-startStop-1] - 正在初始化全局变量
2020-01-10 16:57:48.948 INFO  --- [SystemService.java:57][localhost-startStop-1] - 正在初始化系统参数
2020-01-10 16:57:48.962 INFO  --- [HikariDataSource.java:110][localhost-startStop-1] - HikariPool-1 - Starting...
2020-01-10 16:57:49.138 INFO  --- [HikariDataSource.java:123][localhost-startStop-1] - HikariPool-1 - Start completed.
2020-01-10 16:57:49.148 DEBUG --- [BaseJdbcLogger.java:159][localhost-startStop-1] - ==>  Preparing: SELECT concat(group_id, '|', param_id) AS pk_id, group_id, param_id, param_value, param_name, remark FROM sys_param 
2020-01-10 16:57:49.169 DEBUG --- [BaseJdbcLogger.java:159][localhost-startStop-1] - ==> Parameters: 
2020-01-10 16:57:49.184 DEBUG --- [BaseJdbcLogger.java:159][localhost-startStop-1] - <==      Total: 2
2020-01-10 16:57:49.192 INFO  --- [SystemService.java:63][localhost-startStop-1] - 系统参数：{0001|12={param_value=12, pk_id=0001|12, group_id=0001, param_name=1221124, param_id=12}, 0001|13={param_value=13, pk_id=0001|13, group_id=0001, param_name=31, param_id=13}}
2020-01-10 16:57:49.193 INFO  --- [SystemService.java:73][localhost-startStop-1] - 初始化系统参数完成
2020-01-10 16:57:49.193 INFO  --- [SystemService.java:82][localhost-startStop-1] - 正在初始化数据字典
2020-01-10 16:57:49.193 DEBUG --- [BaseJdbcLogger.java:159][localhost-startStop-1] - ==>  Preparing: SELECT concat(group_id, '|', dict_value) AS pk_id, group_id, dict_value, dict_name_cn, dict_name_en, group_name FROM sys_dict 
2020-01-10 16:57:49.193 DEBUG --- [BaseJdbcLogger.java:159][localhost-startStop-1] - ==> Parameters: 
2020-01-10 16:57:49.200 DEBUG --- [BaseJdbcLogger.java:159][localhost-startStop-1] - <==      Total: 17
2020-01-10 16:57:49.201 INFO  --- [SystemService.java:91][localhost-startStop-1] - 数据字典列表：：{0007|export={pk_id=0007|export, group_id=0007, group_name=操作类型, dict_value=export, dict_name_en=export, dict_name_cn=导出}, 0007|add={pk_id=0007|add, group_id=0007, group_name=操作类型, dict_value=add, dict_name_en=add, dict_name_cn=新增}, 0007|query={pk_id=0007|query, group_id=0007, group_name=操作类型, dict_value=query, dict_name_en=query, dict_name_cn=查询}, 0007|delete={pk_id=0007|delete, group_id=0007, group_name=操作类型, dict_value=delete, dict_name_en=delete, dict_name_cn=删除}, 0007|upload={pk_id=0007|upload, group_id=0007, group_name=操作类型, dict_value=upload, dict_name_en=upload, dict_name_cn=上传}, 0002|1={pk_id=0002|1, group_id=0002, group_name=登录登出类型, dict_value=1, dict_name_en=SignOut, dict_name_cn=登出}, 0003|0={pk_id=0003|0, group_id=0003, group_name=是否可删除, dict_value=0, dict_name_en=False, dict_name_cn=否}, 0001|1={pk_id=0001|1, group_id=0001, group_name=是否可用, dict_value=1, dict_name_en=Ture, dict_name_cn=是}, 0002|0={pk_id=0002|0, group_id=0002, group_name=登录登出类型, dict_value=0, dict_name_en=SignIn, dict_name_cn=登录}, 0001|0={pk_id=0001|0, group_id=0001, group_name=是否可用, dict_value=0, dict_name_en=False, dict_name_cn=否}, 0005|pc={pk_id=0005|pc, group_id=0005, group_name=来源类型, dict_value=pc, dict_name_en=PC, dict_name_cn=PC端}, 0006|1={pk_id=0006|1, group_id=0006, group_name=是否叶节点, dict_value=1, dict_name_en=True, dict_name_cn=是}, 0006|0={pk_id=0006|0, group_id=0006, group_name=是否叶节点, dict_value=0, dict_name_en=False, dict_name_cn=否}, 0004|1={pk_id=0004|1, group_id=0004, group_name=是否成功, dict_value=1, dict_name_en=True, dict_name_cn=是}, 0003|1={pk_id=0003|1, group_id=0003, group_name=是否可删除, dict_value=1, dict_name_en=True, dict_name_cn=是}, 0004|0={pk_id=0004|0, group_id=0004, group_name=是否成功, dict_value=0, dict_name_en=False, dict_name_cn=否}, 0007|update={pk_id=0007|update, group_id=0007, group_name=操作类型, dict_value=update, dict_name_en=update, dict_name_cn=修改}}
2020-01-10 16:57:49.201 INFO  --- [SystemService.java:92][localhost-startStop-1] - 数据字典分组：：{0006=[{pk_id=0006|0, group_id=0006, group_name=是否叶节点, dict_value=0, dict_name_en=False, dict_name_cn=否}, {pk_id=0006|1, group_id=0006, group_name=是否叶节点, dict_value=1, dict_name_en=True, dict_name_cn=是}], 0007=[{pk_id=0007|add, group_id=0007, group_name=操作类型, dict_value=add, dict_name_en=add, dict_name_cn=新增}, {pk_id=0007|delete, group_id=0007, group_name=操作类型, dict_value=delete, dict_name_en=delete, dict_name_cn=删除}, {pk_id=0007|export, group_id=0007, group_name=操作类型, dict_value=export, dict_name_en=export, dict_name_cn=导出}, {pk_id=0007|query, group_id=0007, group_name=操作类型, dict_value=query, dict_name_en=query, dict_name_cn=查询}, {pk_id=0007|update, group_id=0007, group_name=操作类型, dict_value=update, dict_name_en=update, dict_name_cn=修改}, {pk_id=0007|upload, group_id=0007, group_name=操作类型, dict_value=upload, dict_name_en=upload, dict_name_cn=上传}], 0004=[{pk_id=0004|0, group_id=0004, group_name=是否成功, dict_value=0, dict_name_en=False, dict_name_cn=否}, {pk_id=0004|1, group_id=0004, group_name=是否成功, dict_value=1, dict_name_en=True, dict_name_cn=是}], 0005=[{pk_id=0005|pc, group_id=0005, group_name=来源类型, dict_value=pc, dict_name_en=PC, dict_name_cn=PC端}], 0002=[{pk_id=0002|0, group_id=0002, group_name=登录登出类型, dict_value=0, dict_name_en=SignIn, dict_name_cn=登录}, {pk_id=0002|1, group_id=0002, group_name=登录登出类型, dict_value=1, dict_name_en=SignOut, dict_name_cn=登出}], 0003=[{pk_id=0003|0, group_id=0003, group_name=是否可删除, dict_value=0, dict_name_en=False, dict_name_cn=否}, {pk_id=0003|1, group_id=0003, group_name=是否可删除, dict_value=1, dict_name_en=True, dict_name_cn=是}], 0001=[{pk_id=0001|0, group_id=0001, group_name=是否可用, dict_value=0, dict_name_en=False, dict_name_cn=否}, {pk_id=0001|1, group_id=0001, group_name=是否可用, dict_value=1, dict_name_en=Ture, dict_name_cn=是}]}
2020-01-10 16:57:49.201 INFO  --- [SystemService.java:101][localhost-startStop-1] - 初始化数据字典完成
2020-01-10 16:57:49.201 INFO  --- [SystemService.java:112][localhost-startStop-1] - 正在初始化返回码
2020-01-10 16:57:49.202 INFO  --- [SystemService.java:114][localhost-startStop-1] - 初始化返回码完成
2020-01-10 16:57:49.331 INFO  --- [StdSchedulerFactory.java:1208][localhost-startStop-1] - Using default implementation for ThreadExecutor
2020-01-10 16:57:49.352 INFO  --- [SchedulerSignalerImpl.java:61][localhost-startStop-1] - Initialized Scheduler Signaller of type: class org.quartz.core.SchedulerSignalerImpl
2020-01-10 16:57:49.352 INFO  --- [QuartzScheduler.java:229][localhost-startStop-1] - Quartz Scheduler v.2.3.0 created.
2020-01-10 16:57:49.354 INFO  --- [RAMJobStore.java:155][localhost-startStop-1] - RAMJobStore initialized.
2020-01-10 16:57:49.356 INFO  --- [QuartzScheduler.java:294][localhost-startStop-1] - Scheduler meta-data: Quartz Scheduler (v2.3.0) 'quartzScheduler' with instanceId 'NON_CLUSTERED'
  Scheduler class: 'org.quartz.core.QuartzScheduler' - running locally.
  NOT STARTED.
  Currently in standby mode.
  Number of jobs executed: 0
  Using thread pool 'org.quartz.simpl.SimpleThreadPool' - with 10 threads.
  Using job-store 'org.quartz.simpl.RAMJobStore' - which does not support persistence. and is not clustered.

2020-01-10 16:57:49.356 INFO  --- [StdSchedulerFactory.java:1362][localhost-startStop-1] - Quartz scheduler 'quartzScheduler' initialized from an externally provided properties instance.
2020-01-10 16:57:49.357 INFO  --- [StdSchedulerFactory.java:1366][localhost-startStop-1] - Quartz scheduler version: 2.3.0
2020-01-10 16:57:49.357 INFO  --- [QuartzScheduler.java:2287][localhost-startStop-1] - JobFactory set to: org.springframework.boot.autoconfigure.quartz.AutowireCapableBeanJobFactory@1f024b1f
2020-01-10 16:57:49.392 INFO  --- [QuartzJobConfig.java:37][localhost-startStop-1] - 准备注册定时任务
2020-01-10 16:57:49.447 DEBUG --- [BaseJdbcLogger.java:159][localhost-startStop-1] - ==>  Preparing: select 'true' as QUERYID, job_id, job_name, job_desc, year, month, day, week, hour, minute, second, is_del, modifier, modify_time, param1, param2, param3, param4, param5 from qtz_job WHERE ( is_del = ? ) 
2020-01-10 16:57:49.449 DEBUG --- [BaseJdbcLogger.java:159][localhost-startStop-1] - ==> Parameters: 0(String)
2020-01-10 16:57:49.454 DEBUG --- [BaseJdbcLogger.java:159][localhost-startStop-1] - <==      Total: 0
2020-01-10 16:57:49.455 INFO  --- [QuartzJobConfig.java:42][localhost-startStop-1] - 总共有0个定时任务
2020-01-10 16:57:49.455 INFO  --- [QuartzScheduler.java:547][localhost-startStop-1] - Scheduler quartzScheduler_$_NON_CLUSTERED started.
2020-01-10 16:57:49.455 INFO  --- [QuartzJobConfig.java:62][localhost-startStop-1] - Quartz任务注册成功
2020-01-10 16:57:49.456 INFO  --- [SystemInitListener.java:34][localhost-startStop-1] - 初始化全局变量完成
2020-01-10 16:57:50.140 INFO  --- [AbstractHandlerMethodMapping.java:549][main] - Mapped "{[/console/api/test]}" onto public com.cofire.common.result.Result com.cofire.console.controller.api.JsonApiController.test(com.cofire.console.controller.api.Person)
2020-01-10 16:57:50.142 INFO  --- [AbstractHandlerMethodMapping.java:549][main] - Mapped "{[/console/api/test2]}" onto java.lang.String com.cofire.console.controller.api.JsonApiController.request(javax.servlet.http.HttpServletRequest,javax.servlet.http.HttpServletResponse)
2020-01-10 16:57:50.142 INFO  --- [AbstractHandlerMethodMapping.java:549][main] - Mapped "{[/getUserDetail]}" onto public com.cofire.common.result.Result com.cofire.console.controller.base.BaseController.getUserDetail(javax.servlet.http.HttpServletRequest)
2020-01-10 16:57:50.143 INFO  --- [AbstractHandlerMethodMapping.java:549][main] - Mapped "{[/getDictByGroup]}" onto public com.cofire.common.result.Result com.cofire.console.controller.base.BaseController.getDictByGroup(java.lang.String)
2020-01-10 16:57:50.143 INFO  --- [AbstractHandlerMethodMapping.java:549][main] - Mapped "{[/console]}" onto public java.lang.String com.cofire.console.controller.base.BasePageController.console()
2020-01-10 16:57:50.144 INFO  --- [AbstractHandlerMethodMapping.java:549][main] - Mapped "{[/ipad]}" onto public java.lang.String com.cofire.console.controller.base.BasePageController.ipad()
2020-01-10 16:57:50.144 INFO  --- [AbstractHandlerMethodMapping.java:549][main] - Mapped "{[/mobile]}" onto public java.lang.String com.cofire.console.controller.base.BasePageController.mobile()
2020-01-10 16:57:50.147 INFO  --- [AbstractHandlerMethodMapping.java:549][main] - Mapped "{[/error/exportError]}" onto public com.cofire.common.result.Result com.cofire.console.controller.base.ErrorController.exportError()
2020-01-10 16:57:50.147 INFO  --- [AbstractHandlerMethodMapping.java:549][main] - Mapped "{[/error/sessionTimeOut]}" onto public com.cofire.common.result.Result com.cofire.console.controller.base.ErrorController.sessionTimeOut()
2020-01-10 16:57:50.148 INFO  --- [AbstractHandlerMethodMapping.java:549][main] - Mapped "{[/error/unauth]}" onto public com.cofire.common.result.Result com.cofire.console.controller.base.ErrorController.unauth()
2020-01-10 16:57:50.149 INFO  --- [AbstractHandlerMethodMapping.java:549][main] - Mapped "{[/image/],produces=[image/jpeg]}" onto public byte[] com.cofire.console.controller.base.ImageController.getImage(java.lang.String) throws java.io.FileNotFoundException,java.io.IOException
2020-01-10 16:57:50.149 INFO  --- [AbstractHandlerMethodMapping.java:549][main] - Mapped "{[/image/upload]}" onto public com.cofire.common.result.Result com.cofire.console.controller.base.ImageController.imgUpload(javax.servlet.http.HttpServletRequest,org.springframework.web.multipart.MultipartFile)
2020-01-10 16:57:50.150 INFO  --- [AbstractHandlerMethodMapping.java:549][main] - Mapped "{[/console/dict/save],methods=[POST]}" onto public com.cofire.common.result.Result com.cofire.console.controller.system.DictController.saveDict(java.lang.String,com.cofire.dao.model.system.SysDict)
2020-01-10 16:57:50.150 INFO  --- [AbstractHandlerMethodMapping.java:549][main] - Mapped "{[/console/dict/delete],methods=[POST]}" onto public com.cofire.common.result.Result com.cofire.console.controller.system.DictController.deleteDict(com.cofire.dao.model.system.SysDict)
2020-01-10 16:57:50.150 INFO  --- [AbstractHandlerMethodMapping.java:549][main] - Mapped "{[/console/dict/query],methods=[POST]}" onto public com.cofire.common.result.Result com.cofire.console.controller.system.DictController.queryDict(com.cofire.common.result.ParamItem,com.cofire.dao.model.system.SysDict)
2020-01-10 16:57:50.151 INFO  --- [AbstractHandlerMethodMapping.java:549][main] - Mapped "{[/console/job/delete],methods=[POST]}" onto public com.cofire.common.result.Result com.cofire.console.controller.system.JobController.deleteJob(com.cofire.dao.model.system.QtzJob)
2020-01-10 16:57:50.152 INFO  --- [AbstractHandlerMethodMapping.java:549][main] - Mapped "{[/console/job/save],methods=[POST]}" onto public com.cofire.common.result.Result com.cofire.console.controller.system.JobController.saveJob(java.lang.String,com.cofire.dao.model.system.QtzJob)
2020-01-10 16:57:50.152 INFO  --- [AbstractHandlerMethodMapping.java:549][main] - Mapped "{[/console/job/query],methods=[POST]}" onto public com.cofire.common.result.Result com.cofire.console.controller.system.JobController.queryJob(com.cofire.common.result.ParamItem,com.cofire.dao.model.system.QtzJob)
2020-01-10 16:57:50.152 INFO  --- [AbstractHandlerMethodMapping.java:549][main] - Mapped "{[/console/jobLog/query],methods=[POST]}" onto public com.cofire.common.result.Result com.cofire.console.controller.system.JobLogController.queryJobLog(com.cofire.common.result.ParamItem,com.cofire.dao.model.system.QtzJobLog)
2020-01-10 16:57:50.153 INFO  --- [AbstractHandlerMethodMapping.java:549][main] - Mapped "{[/console/loginAudit/query],methods=[POST]}" onto public com.cofire.common.result.Result com.cofire.console.controller.system.LoginAuditController.queryLoginAudit(com.cofire.common.result.ParamItem,com.cofire.dao.model.system.SysLoginAudit)
2020-01-10 16:57:50.154 INFO  --- [AbstractHandlerMethodMapping.java:549][main] - Mapped "{[/console/login]}" onto public com.cofire.common.result.Result com.cofire.console.controller.system.LoginController.login(java.lang.String,java.lang.String,java.lang.String,java.lang.String)
2020-01-10 16:57:50.154 INFO  --- [AbstractHandlerMethodMapping.java:549][main] - Mapped "{[/console/loginOut]}" onto public com.cofire.common.result.Result com.cofire.console.controller.system.LoginController.loginOut(java.lang.String,java.lang.String)
2020-01-10 16:57:50.154 INFO  --- [AbstractHandlerMethodMapping.java:549][main] - Mapped "{[/console/operateAudit/query],methods=[POST]}" onto public com.cofire.common.result.Result com.cofire.console.controller.system.OperateAuditController.queryOperateAudit(com.cofire.common.result.ParamItem,com.cofire.dao.model.system.SysOperateAudit)
2020-01-10 16:57:50.155 INFO  --- [AbstractHandlerMethodMapping.java:549][main] - Mapped "{[/console/param/save],methods=[POST]}" onto public com.cofire.common.result.Result com.cofire.console.controller.system.ParamController.saveParam(java.lang.String,com.cofire.dao.model.system.SysParam)
2020-01-10 16:57:50.156 INFO  --- [AbstractHandlerMethodMapping.java:549][main] - Mapped "{[/console/param/query],methods=[POST]}" onto public com.cofire.common.result.Result com.cofire.console.controller.system.ParamController.queryParam(com.cofire.common.result.ParamItem,com.cofire.dao.model.system.SysParam)
2020-01-10 16:57:50.156 INFO  --- [AbstractHandlerMethodMapping.java:549][main] - Mapped "{[/console/param/delete],methods=[POST]}" onto public com.cofire.common.result.Result com.cofire.console.controller.system.ParamController.deleteParam(com.cofire.dao.model.system.SysParam)
2020-01-10 16:57:50.157 INFO  --- [AbstractHandlerMethodMapping.java:549][main] - Mapped "{[/console/resource/delete],methods=[POST]}" onto public com.cofire.common.result.Result com.cofire.console.controller.system.ResourceController.deleteResource(com.cofire.dao.model.system.SysResource)
2020-01-10 16:57:50.157 INFO  --- [AbstractHandlerMethodMapping.java:549][main] - Mapped "{[/console/resource/query],methods=[POST]}" onto public com.cofire.common.result.Result com.cofire.console.controller.system.ResourceController.queryResource()
2020-01-10 16:57:50.157 INFO  --- [AbstractHandlerMethodMapping.java:549][main] - Mapped "{[/console/resource/save],methods=[POST]}" onto public com.cofire.common.result.Result com.cofire.console.controller.system.ResourceController.saveResource(java.lang.String,com.cofire.dao.model.system.SysResource)
2020-01-10 16:57:50.158 INFO  --- [AbstractHandlerMethodMapping.java:549][main] - Mapped "{[/console/returnCode/save],methods=[POST]}" onto public com.cofire.common.result.Result com.cofire.console.controller.system.ReturnCodeController.saveReturnCode(java.lang.String,com.cofire.dao.model.system.SysReturnCode)
2020-01-10 16:57:50.158 INFO  --- [AbstractHandlerMethodMapping.java:549][main] - Mapped "{[/console/returnCode/delete],methods=[POST]}" onto public com.cofire.common.result.Result com.cofire.console.controller.system.ReturnCodeController.deleteReturnCode(com.cofire.dao.model.system.SysReturnCode)
2020-01-10 16:57:50.159 INFO  --- [AbstractHandlerMethodMapping.java:549][main] - Mapped "{[/console/returnCode/query],methods=[POST]}" onto public com.cofire.common.result.Result com.cofire.console.controller.system.ReturnCodeController.queryReturnCode(com.cofire.common.result.ParamItem,com.cofire.dao.model.system.SysReturnCode)
2020-01-10 16:57:50.160 INFO  --- [AbstractHandlerMethodMapping.java:549][main] - Mapped "{[/console/role/queryUserRoleList],methods=[POST]}" onto public com.cofire.common.result.Result com.cofire.console.controller.system.RoleController.queryUserRoleList(com.cofire.dao.model.system.SysUser)
2020-01-10 16:57:50.161 INFO  --- [AbstractHandlerMethodMapping.java:549][main] - Mapped "{[/console/role/save],methods=[POST]}" onto public com.cofire.common.result.Result com.cofire.console.controller.system.RoleController.saveRole(java.lang.String,com.cofire.dao.model.system.SysRole,java.lang.String)
2020-01-10 16:57:50.161 INFO  --- [AbstractHandlerMethodMapping.java:549][main] - Mapped "{[/console/role/getRoleTree],methods=[POST]}" onto public com.cofire.common.result.Result com.cofire.console.controller.system.RoleController.getRoleTree(java.lang.String)
2020-01-10 16:57:50.161 INFO  --- [AbstractHandlerMethodMapping.java:549][main] - Mapped "{[/console/role/query],methods=[POST]}" onto public com.cofire.common.result.Result com.cofire.console.controller.system.RoleController.queryRole(com.cofire.common.result.ParamItem,com.cofire.dao.model.system.SysRole)
2020-01-10 16:57:50.161 INFO  --- [AbstractHandlerMethodMapping.java:549][main] - Mapped "{[/console/role/delete],methods=[POST]}" onto public com.cofire.common.result.Result com.cofire.console.controller.system.RoleController.deleteRole(com.cofire.dao.model.system.SysRole)
2020-01-10 16:57:50.163 INFO  --- [AbstractHandlerMethodMapping.java:549][main] - Mapped "{[/console/user/exportExcel]}" onto public void com.cofire.console.controller.system.UserController.exportExcel(com.cofire.dao.model.system.SysUser,javax.servlet.http.HttpServletResponse)
2020-01-10 16:57:50.164 INFO  --- [AbstractHandlerMethodMapping.java:549][main] - Mapped "{[/console/user/save],methods=[POST]}" onto public com.cofire.common.result.Result com.cofire.console.controller.system.UserController.saveUser(java.lang.String,com.cofire.dao.model.system.SysUser)
2020-01-10 16:57:50.164 INFO  --- [AbstractHandlerMethodMapping.java:549][main] - Mapped "{[/console/user/delete],methods=[POST]}" onto public com.cofire.common.result.Result com.cofire.console.controller.system.UserController.deleteUser(java.lang.String)
2020-01-10 16:57:50.164 INFO  --- [AbstractHandlerMethodMapping.java:549][main] - Mapped "{[/console/user/changePassWord],methods=[POST]}" onto public com.cofire.common.result.Result com.cofire.console.controller.system.UserController.changePassWord(java.lang.String,java.lang.String,java.lang.String)
2020-01-10 16:57:50.165 INFO  --- [AbstractHandlerMethodMapping.java:549][main] - Mapped "{[/console/user/saveUserRole],methods=[POST]}" onto public com.cofire.common.result.Result com.cofire.console.controller.system.UserController.saveUserRole(java.lang.String,java.lang.String)
2020-01-10 16:57:50.165 INFO  --- [AbstractHandlerMethodMapping.java:549][main] - Mapped "{[/console/user/query],methods=[POST]}" onto public com.cofire.common.result.Result com.cofire.console.controller.system.UserController.queryRole(com.cofire.common.result.ParamItem,com.cofire.dao.model.system.SysUser)
2020-01-10 16:57:50.165 INFO  --- [AbstractHandlerMethodMapping.java:549][main] - Mapped "{[/console/user/restPassWord],methods=[POST]}" onto public com.cofire.common.result.Result com.cofire.console.controller.system.UserController.restPassWord(java.lang.String)
2020-01-10 16:57:50.170 INFO  --- [AbstractHandlerMethodMapping.java:549][main] - Mapped "{[/error]}" onto public org.springframework.http.ResponseEntity<java.util.Map<java.lang.String, java.lang.Object>> org.springframework.boot.autoconfigure.web.servlet.error.BasicErrorController.error(javax.servlet.http.HttpServletRequest)
2020-01-10 16:57:50.170 INFO  --- [AbstractHandlerMethodMapping.java:549][main] - Mapped "{[/error],produces=[text/html]}" onto public org.springframework.web.servlet.ModelAndView org.springframework.boot.autoconfigure.web.servlet.error.BasicErrorController.errorHtml(javax.servlet.http.HttpServletRequest,javax.servlet.http.HttpServletResponse)
2020-01-10 16:57:50.252 INFO  --- [AbstractUrlHandlerMapping.java:373][main] - Mapped URL path [/console/static/**] onto handler of type [class org.springframework.web.servlet.resource.ResourceHttpRequestHandler]
2020-01-10 16:57:50.253 INFO  --- [AbstractUrlHandlerMapping.java:373][main] - Mapped URL path [/ipad/static/**] onto handler of type [class org.springframework.web.servlet.resource.ResourceHttpRequestHandler]
2020-01-10 16:57:50.253 INFO  --- [AbstractUrlHandlerMapping.java:373][main] - Mapped URL path [/mobile/static/**] onto handler of type [class org.springframework.web.servlet.resource.ResourceHttpRequestHandler]
2020-01-10 16:57:50.337 INFO  --- [RequestMappingHandlerAdapter.java:588][main] - Looking for @ControllerAdvice: org.springframework.boot.web.servlet.context.AnnotationConfigServletWebServerApplicationContext@4ce7fffa: startup date [Fri Jan 10 16:57:45 CST 2020]; root of context hierarchy
2020-01-10 16:57:50.416 INFO  --- [ExceptionHandlerExceptionResolver.java:288][main] - Detected @ExceptionHandler methods in controllerAdviceHandler
2020-01-10 16:57:51.219 INFO  --- [MBeanExporter.java:433][main] - Registering beans for JMX exposure on startup
2020-01-10 16:57:51.220 INFO  --- [MBeanExporter.java:895][main] - Bean with name 'dataSource' has been autodetected for JMX exposure
2020-01-10 16:57:51.226 INFO  --- [MBeanExporter.java:668][main] - Located MBean 'dataSource': registering with JMX server as MBean [com.zaxxer.hikari:name=dataSource,type=HikariDataSource]
2020-01-10 16:57:51.231 INFO  --- [DefaultLifecycleProcessor.java:356][main] - Starting beans in phase 2147483647
2020-01-10 16:57:51.237 INFO  --- [DirectJDKLog.java:180][main] - Starting ProtocolHandler ["http-nio-8048"]
2020-01-10 16:57:51.246 INFO  --- [DirectJDKLog.java:180][main] - Using a shared selector for servlet write/read
2020-01-10 16:57:51.262 INFO  --- [TomcatWebServer.java:206][main] - Tomcat started on port(s): 8048 (http) with context path '/cofire'
2020-01-10 16:57:51.266 INFO  --- [StartupInfoLogger.java:59][main] - Started Application in 6.613 seconds (JVM running for 8.815)
2020-01-10 16:57:57.459 INFO  --- [DirectJDKLog.java:180][http-nio-8048-exec-1] - Initializing Spring FrameworkServlet 'dispatcherServlet'
2020-01-10 16:57:57.460 INFO  --- [FrameworkServlet.java:494][http-nio-8048-exec-1] - FrameworkServlet 'dispatcherServlet': initialization started
2020-01-10 16:57:57.486 INFO  --- [FrameworkServlet.java:509][http-nio-8048-exec-1] - FrameworkServlet 'dispatcherServlet': initialization completed in 26 ms
2020-01-10 16:57:57.583 INFO  --- [LogAop.java:55][http-nio-8048-exec-1] - 调用前
2020-01-10 16:58:01.571 INFO  --- [LogAop.java:86][http-nio-8048-exec-1] - 接口说明：测试
2020-01-10 16:58:01.572 INFO  --- [LogAop.java:87][http-nio-8048-exec-1] - 接口参数：{}
2020-01-10 16:58:01.572 INFO  --- [LogAop.java:88][http-nio-8048-exec-1] - 请求用户id：
2020-01-10 16:58:01.572 INFO  --- [LogAop.java:89][http-nio-8048-exec-1] - 请求用户Session：
2020-01-10 16:58:01.572 INFO  --- [LogAop.java:90][http-nio-8048-exec-1] - 请求方法：com.cofire.console.controller.api.JsonApiController.test
2020-01-10 16:58:01.572 INFO  --- [LogAop.java:91][http-nio-8048-exec-1] - 请求Ip：0:0:0:0:0:0:0:1
2020-01-10 16:58:01.573 INFO  --- [LogAop.java:92][http-nio-8048-exec-1] - 请求URI：/cofire/console/api/test
2020-01-10 16:58:01.573 INFO  --- [LogAop.java:93][http-nio-8048-exec-1] - 请求类型：query
2020-01-10 16:58:01.573 INFO  --- [LogAop.java:94][http-nio-8048-exec-1] - 操作来源：null
2020-01-10 16:58:01.685 DEBUG --- [BaseJdbcLogger.java:159][logManage-1] - ==>  Preparing: insert into sys_operate_audit (sid, user_id, ip, session_id, description, request_url, request_param, request_time, result, return_time, source_type, operation_type, filler1, filler2, filler3 ) values (?, ?, ?, ?, ?, ?, ?, ?, ?, ?, ?, ?, ?, ?, ? ) 
2020-01-10 16:58:01.686 DEBUG --- [BaseJdbcLogger.java:159][logManage-1] - ==> Parameters: null, (String), 0:0:0:0:0:0:0:1(String), (String), 测试(String), /cofire/console/api/test(String), {}(String), 20200110165801(String), {"data":{"name":"123"},"success":false}(String), 20200110165801(String), null, null, (String), (String), (String)
2020-01-10 16:58:01.717 DEBUG --- [BaseJdbcLogger.java:159][logManage-1] - <==    Updates: 1
2020-01-10 16:58:19.787 INFO  --- [LogAop.java:55][http-nio-8048-exec-4] - 调用前
2020-01-10 16:58:19.789 INFO  --- [LogAop.java:86][http-nio-8048-exec-4] - 接口说明：测试
2020-01-10 16:58:19.789 INFO  --- [LogAop.java:87][http-nio-8048-exec-4] - 接口参数：{}
2020-01-10 16:58:19.789 INFO  --- [LogAop.java:88][http-nio-8048-exec-4] - 请求用户id：
2020-01-10 16:58:19.789 INFO  --- [LogAop.java:89][http-nio-8048-exec-4] - 请求用户Session：
2020-01-10 16:58:19.789 INFO  --- [LogAop.java:90][http-nio-8048-exec-4] - 请求方法：com.cofire.console.controller.api.JsonApiController.test
2020-01-10 16:58:19.790 INFO  --- [LogAop.java:91][http-nio-8048-exec-4] - 请求Ip：0:0:0:0:0:0:0:1
2020-01-10 16:58:19.790 INFO  --- [LogAop.java:92][http-nio-8048-exec-4] - 请求URI：/cofire/console/api/test
2020-01-10 16:58:19.790 INFO  --- [LogAop.java:93][http-nio-8048-exec-4] - 请求类型：query
2020-01-10 16:58:19.790 INFO  --- [LogAop.java:94][http-nio-8048-exec-4] - 操作来源：null
2020-01-10 16:58:19.803 DEBUG --- [BaseJdbcLogger.java:159][logManage-1] - ==>  Preparing: insert into sys_operate_audit (sid, user_id, ip, session_id, description, request_url, request_param, request_time, result, return_time, source_type, operation_type, filler1, filler2, filler3 ) values (?, ?, ?, ?, ?, ?, ?, ?, ?, ?, ?, ?, ?, ?, ? ) 
2020-01-10 16:58:19.804 DEBUG --- [BaseJdbcLogger.java:159][logManage-1] - ==> Parameters: null, (String), 0:0:0:0:0:0:0:1(String), (String), 测试(String), /cofire/console/api/test(String), {}(String), 20200110165819(String), {"data":{"name":"123"},"success":false}(String), 20200110165819(String), null, null, (String), (String), (String)
2020-01-10 16:58:19.810 DEBUG --- [BaseJdbcLogger.java:159][logManage-1] - <==    Updates: 1
2020-01-10 16:58:25.842 INFO  --- [LogAop.java:55][http-nio-8048-exec-3] - 调用前
2020-01-10 16:58:25.843 INFO  --- [LogAop.java:86][http-nio-8048-exec-3] - 接口说明：测试
2020-01-10 16:58:25.843 INFO  --- [LogAop.java:87][http-nio-8048-exec-3] - 接口参数：{}
2020-01-10 16:58:25.844 INFO  --- [LogAop.java:88][http-nio-8048-exec-3] - 请求用户id：
2020-01-10 16:58:25.844 INFO  --- [LogAop.java:89][http-nio-8048-exec-3] - 请求用户Session：
2020-01-10 16:58:25.844 INFO  --- [LogAop.java:90][http-nio-8048-exec-3] - 请求方法：com.cofire.console.controller.api.JsonApiController.test
2020-01-10 16:58:25.844 INFO  --- [LogAop.java:91][http-nio-8048-exec-3] - 请求Ip：0:0:0:0:0:0:0:1
2020-01-10 16:58:25.844 INFO  --- [LogAop.java:92][http-nio-8048-exec-3] - 请求URI：/cofire/console/api/test
2020-01-10 16:58:25.844 INFO  --- [LogAop.java:93][http-nio-8048-exec-3] - 请求类型：query
2020-01-10 16:58:25.844 INFO  --- [LogAop.java:94][http-nio-8048-exec-3] - 操作来源：null
2020-01-10 16:58:25.857 DEBUG --- [BaseJdbcLogger.java:159][logManage-2] - ==>  Preparing: insert into sys_operate_audit (sid, user_id, ip, session_id, description, request_url, request_param, request_time, result, return_time, source_type, operation_type, filler1, filler2, filler3 ) values (?, ?, ?, ?, ?, ?, ?, ?, ?, ?, ?, ?, ?, ?, ? ) 
2020-01-10 16:58:25.858 DEBUG --- [BaseJdbcLogger.java:159][logManage-2] - ==> Parameters: null, (String), 0:0:0:0:0:0:0:1(String), (String), 测试(String), /cofire/console/api/test(String), {}(String), 20200110165825(String), {"data":{"name":"123"},"success":false}(String), 20200110165825(String), null, null, (String), (String), (String)
2020-01-10 16:58:25.864 DEBUG --- [BaseJdbcLogger.java:159][logManage-2] - <==    Updates: 1
2020-01-10 16:59:03.258 INFO  --- [LogAop.java:55][http-nio-8048-exec-5] - 调用前
2020-01-10 16:59:03.260 INFO  --- [LogAop.java:86][http-nio-8048-exec-5] - 接口说明：测试
2020-01-10 16:59:03.260 INFO  --- [LogAop.java:87][http-nio-8048-exec-5] - 接口参数：{}
2020-01-10 16:59:03.260 INFO  --- [LogAop.java:88][http-nio-8048-exec-5] - 请求用户id：
2020-01-10 16:59:03.260 INFO  --- [LogAop.java:89][http-nio-8048-exec-5] - 请求用户Session：
2020-01-10 16:59:03.261 INFO  --- [LogAop.java:90][http-nio-8048-exec-5] - 请求方法：com.cofire.console.controller.api.JsonApiController.test
2020-01-10 16:59:03.261 INFO  --- [LogAop.java:91][http-nio-8048-exec-5] - 请求Ip：0:0:0:0:0:0:0:1
2020-01-10 16:59:03.261 INFO  --- [LogAop.java:92][http-nio-8048-exec-5] - 请求URI：/cofire/console/api/test
2020-01-10 16:59:03.261 INFO  --- [LogAop.java:93][http-nio-8048-exec-5] - 请求类型：query
2020-01-10 16:59:03.261 INFO  --- [LogAop.java:94][http-nio-8048-exec-5] - 操作来源：null
2020-01-10 16:59:47.635 WARN  --- [HikariPool.java:758][HikariPool-1 housekeeper] - HikariPool-1 - Thread starvation or clock leap detected (housekeeper delta=58s393ms507µs).
2020-01-10 16:59:47.647 DEBUG --- [BaseJdbcLogger.java:159][logManage-1] - ==>  Preparing: insert into sys_operate_audit (sid, user_id, ip, session_id, description, request_url, request_param, request_time, result, return_time, source_type, operation_type, filler1, filler2, filler3 ) values (?, ?, ?, ?, ?, ?, ?, ?, ?, ?, ?, ?, ?, ?, ? ) 
2020-01-10 16:59:47.648 DEBUG --- [BaseJdbcLogger.java:159][logManage-1] - ==> Parameters: null, (String), 0:0:0:0:0:0:0:1(String), (String), 测试(String), /cofire/console/api/test(String), {}(String), 20200110165903(String), {"data":{"name":"123"},"success":false}(String), 20200110165947(String), null, null, (String), (String), (String)
2020-01-10 16:59:47.654 DEBUG --- [BaseJdbcLogger.java:159][logManage-1] - <==    Updates: 1
2020-01-10 17:07:19.338 INFO  --- [AbstractApplicationContext.java:993][Thread-24] - Closing org.springframework.boot.web.servlet.context.AnnotationConfigServletWebServerApplicationContext@4ce7fffa: startup date [Fri Jan 10 16:57:45 CST 2020]; root of context hierarchy
2020-01-10 17:07:19.341 INFO  --- [DefaultLifecycleProcessor.java:369][Thread-24] - Stopping beans in phase 2147483647
2020-01-10 17:07:19.342 INFO  --- [QuartzScheduler.java:585][Thread-24] - Scheduler quartzScheduler_$_NON_CLUSTERED paused.
2020-01-10 17:07:19.342 INFO  --- [MBeanExporter.java:451][Thread-24] - Unregistering JMX-exposed beans on shutdown
2020-01-10 17:07:19.343 INFO  --- [MBeanRegistrationSupport.java:185][Thread-24] - Unregistering JMX-exposed beans
2020-01-10 17:07:19.344 INFO  --- [SchedulerFactoryBean.java:830][Thread-24] - Shutting down Quartz Scheduler
2020-01-10 17:07:19.344 INFO  --- [QuartzScheduler.java:666][Thread-24] - Scheduler quartzScheduler_$_NON_CLUSTERED shutting down.
2020-01-10 17:07:19.345 INFO  --- [QuartzScheduler.java:585][Thread-24] - Scheduler quartzScheduler_$_NON_CLUSTERED paused.
2020-01-10 17:07:19.345 INFO  --- [QuartzScheduler.java:740][Thread-24] - Scheduler quartzScheduler_$_NON_CLUSTERED shutdown complete.
2020-01-10 17:07:19.349 INFO  --- [HikariDataSource.java:381][Thread-24] - HikariPool-1 - Shutdown initiated...
2020-01-10 17:07:19.359 INFO  --- [HikariDataSource.java:383][Thread-24] - HikariPool-1 - Shutdown completed.
2020-01-10 17:07:19.791 INFO  --- [SystemInitListener.java:46][localhost-startStop-2] - 开始关闭Quartz
2020-01-10 17:07:19.792 INFO  --- [SystemInitListener.java:48][localhost-startStop-2] - Quartz已关闭
