2019-12-25 10:46:43.429 INFO  --- [StartupInfoLogger.java:50][main] - Starting Application on DESKTOP-TL9S3KD with PID 16620 (D:\liying\github\cofire\cofire\console\target\classes started by ThinkPad in D:\liying\github\cofire\cofire)
2019-12-25 10:46:43.433 INFO  --- [SpringApplication.java:680][main] - No active profile set, falling back to default profiles: default
2019-12-25 10:46:43.489 INFO  --- [AbstractApplicationContext.java:590][main] - Refreshing org.springframework.boot.web.servlet.context.AnnotationConfigServletWebServerApplicationContext@1a6c1270: startup date [Wed Dec 25 10:46:43 CST 2019]; root of context hierarchy
2019-12-25 10:46:44.186 INFO  --- [XmlBeanDefinitionReader.java:317][main] - Loading XML bean definitions from class path resource [application-bean.xml]
2019-12-25 10:46:44.708 INFO  --- [PostProcessorRegistrationDelegate.java:326][main] - Bean 'shiroConfiguration' of type [com.cofire.shiro.config.ShiroConfiguration$$EnhancerBySpringCGLIB$$4034bbfa] is not eligible for getting processed by all BeanPostProcessors (for example: not eligible for auto-proxying)
2019-12-25 10:46:44.958 INFO  --- [PostProcessorRegistrationDelegate.java:326][main] - Bean 'org.springframework.boot.context.properties.ConversionServiceDeducer$Factory' of type [org.springframework.boot.context.properties.ConversionServiceDeducer$Factory] is not eligible for getting processed by all BeanPostProcessors (for example: not eligible for auto-proxying)
2019-12-25 10:46:45.031 INFO  --- [PostProcessorRegistrationDelegate.java:326][main] - Bean 'mybatis-org.mybatis.spring.boot.autoconfigure.MybatisProperties' of type [org.mybatis.spring.boot.autoconfigure.MybatisProperties] is not eligible for getting processed by all BeanPostProcessors (for example: not eligible for auto-proxying)
2019-12-25 10:46:45.040 INFO  --- [PostProcessorRegistrationDelegate.java:326][main] - Bean 'org.mybatis.spring.boot.autoconfigure.MybatisAutoConfiguration' of type [org.mybatis.spring.boot.autoconfigure.MybatisAutoConfiguration$$EnhancerBySpringCGLIB$$ac504150] is not eligible for getting processed by all BeanPostProcessors (for example: not eligible for auto-proxying)
2019-12-25 10:46:45.043 INFO  --- [PostProcessorRegistrationDelegate.java:326][main] - Bean 'org.springframework.boot.autoconfigure.jdbc.DataSourceConfiguration$Hikari' of type [org.springframework.boot.autoconfigure.jdbc.DataSourceConfiguration$Hikari] is not eligible for getting processed by all BeanPostProcessors (for example: not eligible for auto-proxying)
2019-12-25 10:46:45.056 INFO  --- [PostProcessorRegistrationDelegate.java:326][main] - Bean 'spring.datasource-org.springframework.boot.autoconfigure.jdbc.DataSourceProperties' of type [org.springframework.boot.autoconfigure.jdbc.DataSourceProperties] is not eligible for getting processed by all BeanPostProcessors (for example: not eligible for auto-proxying)
2019-12-25 10:46:45.123 INFO  --- [PostProcessorRegistrationDelegate.java:326][main] - Bean 'dataSource' of type [com.zaxxer.hikari.HikariDataSource] is not eligible for getting processed by all BeanPostProcessors (for example: not eligible for auto-proxying)
2019-12-25 10:46:45.496 INFO  --- [PostProcessorRegistrationDelegate.java:326][main] - Bean 'sqlSessionFactory' of type [org.apache.ibatis.session.defaults.DefaultSqlSessionFactory] is not eligible for getting processed by all BeanPostProcessors (for example: not eligible for auto-proxying)
2019-12-25 10:46:45.506 INFO  --- [PostProcessorRegistrationDelegate.java:326][main] - Bean 'sqlSessionTemplate' of type [org.mybatis.spring.SqlSessionTemplate] is not eligible for getting processed by all BeanPostProcessors (for example: not eligible for auto-proxying)
2019-12-25 10:46:45.506 INFO  --- [PostProcessorRegistrationDelegate.java:326][main] - Bean 'sysUserMapper' of type [org.mybatis.spring.mapper.MapperFactoryBean] is not eligible for getting processed by all BeanPostProcessors (for example: not eligible for auto-proxying)
2019-12-25 10:46:45.508 INFO  --- [PostProcessorRegistrationDelegate.java:326][main] - Bean 'sysUserMapper' of type [com.sun.proxy.$Proxy57] is not eligible for getting processed by all BeanPostProcessors (for example: not eligible for auto-proxying)
2019-12-25 10:46:45.510 INFO  --- [PostProcessorRegistrationDelegate.java:326][main] - Bean 'userPermissionCustomMapper' of type [org.mybatis.spring.mapper.MapperFactoryBean] is not eligible for getting processed by all BeanPostProcessors (for example: not eligible for auto-proxying)
2019-12-25 10:46:45.511 INFO  --- [PostProcessorRegistrationDelegate.java:326][main] - Bean 'userPermissionCustomMapper' of type [com.sun.proxy.$Proxy58] is not eligible for getting processed by all BeanPostProcessors (for example: not eligible for auto-proxying)
2019-12-25 10:46:45.512 INFO  --- [PostProcessorRegistrationDelegate.java:326][main] - Bean 'userPermissionServiceImpl' of type [com.cofire.shiro.service.impl.UserPermissionServiceImpl] is not eligible for getting processed by all BeanPostProcessors (for example: not eligible for auto-proxying)
2019-12-25 10:46:45.513 INFO  --- [PostProcessorRegistrationDelegate.java:326][main] - Bean 'userRealm' of type [com.cofire.shiro.config.UserRealm] is not eligible for getting processed by all BeanPostProcessors (for example: not eligible for auto-proxying)
2019-12-25 10:46:45.527 INFO  --- [PostProcessorRegistrationDelegate.java:326][main] - Bean 'securityManager' of type [org.apache.shiro.web.mgt.DefaultWebSecurityManager] is not eligible for getting processed by all BeanPostProcessors (for example: not eligible for auto-proxying)
2019-12-25 10:46:45.603 INFO  --- [PostProcessorRegistrationDelegate.java:326][main] - Bean 'authorizationAttributeSourceAdvisor' of type [org.apache.shiro.spring.security.interceptor.AuthorizationAttributeSourceAdvisor] is not eligible for getting processed by all BeanPostProcessors (for example: not eligible for auto-proxying)
2019-12-25 10:46:45.669 INFO  --- [PostProcessorRegistrationDelegate.java:326][main] - Bean 'org.springframework.transaction.annotation.ProxyTransactionManagementConfiguration' of type [org.springframework.transaction.annotation.ProxyTransactionManagementConfiguration$$EnhancerBySpringCGLIB$$797bf020] is not eligible for getting processed by all BeanPostProcessors (for example: not eligible for auto-proxying)
2019-12-25 10:46:46.356 INFO  --- [TomcatWebServer.java:91][main] - Tomcat initialized with port(s): 8080 (http)
2019-12-25 10:46:46.368 INFO  --- [DirectJDKLog.java:180][main] - Initializing ProtocolHandler ["http-nio-8080"]
2019-12-25 10:46:46.382 INFO  --- [DirectJDKLog.java:180][main] - Starting service [Tomcat]
2019-12-25 10:46:46.383 INFO  --- [DirectJDKLog.java:180][main] - Starting Servlet Engine: Apache Tomcat/8.5.34
2019-12-25 10:46:46.387 INFO  --- [DirectJDKLog.java:180][localhost-startStop-1] - The APR based Apache Tomcat Native library which allows optimal performance in production environments was not found on the java.library.path: [D:\Program Files\Java\jdk1.8.0_101\bin;C:\WINDOWS\Sun\Java\bin;C:\WINDOWS\system32;C:\WINDOWS;C:\Python27\;C:\Python27\Scripts;D:\app\oracle\product\11.2.0\dbhome_1\bin;D:\Program Files (x86)\NetSarang\Xftp 6\;D:\Program Files (x86)\NetSarang\Xshell 6\;D:\Program Files\python3\Scripts\;D:\Program Files\python3\;C:\ProgramData\Oracle\Java\javapath;C:\WINDOWS\system32;C:\WINDOWS;C:\WINDOWS\System32\Wbem;C:\WINDOWS\System32\WindowsPowerShell\v1.0\;D:\Program Files\apache-maven-3.6.0\bin;D:\Program Files\Git\cmd;D:\Program Files\Microsoft SQL Server\120\DTS\Binn\;D:\Program Files\Microsoft SQL Server\Client SDK\ODBC\110\Tools\Binn\;D:\Program Files (x86)\Microsoft SQL Server\120\Tools\Binn\;D:\Program Files\Microsoft SQL Server\120\Tools\Binn\;D:\Program Files (x86)\Microsoft SQL Server\120\Tools\Binn\ManagementStudio\;D:\Program Files (x86)\Microsoft SQL Server\120\DTS\Binn\;C:\Program Files\MySQL\MySQL Utilities 1.6\;C:\Program Files\MySQL\MySQL Server 5.7\bin;D:\Program Files\Java\jdk1.8.0_101\bin;D:\Program Files\Java\jdk1.8.0_101\jre\bin;D:\Program Files (x86)\sdk\android\platform-tools;D:\Program Files (x86)\sdk\android\tools;D:\Program Files\gradle-5.2.1\bin;C:\WINDOWS\System32\OpenSSH\;D:\Program Files (x86)\PostgreSQL\bin;C:\Program Files\Intel\WiFi\bin\;C:\Program Files\Common Files\Intel\WirelessCommon\;C:\Program Files (x86)\Microsoft SQL Server\100\Tools\Binn\;C:\Program Files\Microsoft SQL Server\100\Tools\Binn\;C:\Program Files\Microsoft SQL Server\100\DTS\Binn\;C:\Program Files (x86)\Microsoft ASP.NET\ASP.NET Web Pages\v1.0\;D:\Program Files\nodejs\;C:\ProgramData\chocolatey\bin;D:\Program Files\Redis-x64-3.2.100;D:\Program Files\TortoiseSVN\bin;C:\Users\ThinkPad\AppData\Local\Microsoft\WindowsApps;;D:\Program Files\Microsoft VS Code\bin;C:\Users\ThinkPad\AppData\Roaming\npm;.]
2019-12-25 10:46:46.529 INFO  --- [DirectJDKLog.java:180][localhost-startStop-1] - Initializing Spring embedded WebApplicationContext
2019-12-25 10:46:46.530 INFO  --- [ServletWebServerApplicationContext.java:285][localhost-startStop-1] - Root WebApplicationContext: initialization completed in 3041 ms
2019-12-25 10:46:46.709 INFO  --- [AbstractFilterRegistrationBean.java:245][localhost-startStop-1] - Mapping filter: 'corsFilter' to: [/*]
2019-12-25 10:46:46.710 INFO  --- [AbstractFilterRegistrationBean.java:245][localhost-startStop-1] - Mapping filter: 'delegatingFilterProxy' to: [/*]
2019-12-25 10:46:46.710 INFO  --- [AbstractFilterRegistrationBean.java:245][localhost-startStop-1] - Mapping filter: 'initializeCharacterEncodingFilter' to: [/*]
2019-12-25 10:46:46.710 INFO  --- [AbstractFilterRegistrationBean.java:245][localhost-startStop-1] - Mapping filter: 'shiroFilter' to: [/*]
2019-12-25 10:46:46.710 INFO  --- [ServletRegistrationBean.java:187][localhost-startStop-1] - Servlet dispatcherServlet mapped to [/]
2019-12-25 10:46:46.731 INFO  --- [SystemInitListener.java:32][localhost-startStop-1] - 正在初始化全局变量
2019-12-25 10:46:46.737 INFO  --- [SystemService.java:57][localhost-startStop-1] - 正在初始化系统参数
2019-12-25 10:46:46.749 INFO  --- [HikariDataSource.java:110][localhost-startStop-1] - HikariPool-1 - Starting...
2019-12-25 10:46:46.900 INFO  --- [HikariDataSource.java:123][localhost-startStop-1] - HikariPool-1 - Start completed.
2019-12-25 10:46:46.988 INFO  --- [SystemService.java:63][localhost-startStop-1] - 系统参数：{0001|12={param_value=12, pk_id=0001|12, group_id=0001, param_name=1221124, param_id=12}, 0001|13={param_value=13, pk_id=0001|13, group_id=0001, param_name=31, param_id=13}}
2019-12-25 10:46:46.989 INFO  --- [SystemService.java:73][localhost-startStop-1] - 初始化系统参数完成
2019-12-25 10:46:46.989 INFO  --- [SystemService.java:82][localhost-startStop-1] - 正在初始化数据字典
2019-12-25 10:46:47.004 INFO  --- [SystemService.java:91][localhost-startStop-1] - 数据字典列表：：{0007|export={pk_id=0007|export, group_id=0007, group_name=操作类型, dict_value=export, dict_name_en=export, dict_name_cn=导出}, 0007|add={pk_id=0007|add, group_id=0007, group_name=操作类型, dict_value=add, dict_name_en=add, dict_name_cn=新增}, 0007|query={pk_id=0007|query, group_id=0007, group_name=操作类型, dict_value=query, dict_name_en=query, dict_name_cn=查询}, 0007|delete={pk_id=0007|delete, group_id=0007, group_name=操作类型, dict_value=delete, dict_name_en=delete, dict_name_cn=删除}, 0007|upload={pk_id=0007|upload, group_id=0007, group_name=操作类型, dict_value=upload, dict_name_en=upload, dict_name_cn=上传}, 0002|1={pk_id=0002|1, group_id=0002, group_name=登录登出类型, dict_value=1, dict_name_en=SignOut, dict_name_cn=登出}, 0003|0={pk_id=0003|0, group_id=0003, group_name=是否可删除, dict_value=0, dict_name_en=False, dict_name_cn=否}, 0001|1={pk_id=0001|1, group_id=0001, group_name=是否可用, dict_value=1, dict_name_en=Ture, dict_name_cn=是}, 0002|0={pk_id=0002|0, group_id=0002, group_name=登录登出类型, dict_value=0, dict_name_en=SignIn, dict_name_cn=登录}, 0001|0={pk_id=0001|0, group_id=0001, group_name=是否可用, dict_value=0, dict_name_en=False, dict_name_cn=否}, 0005|pc={pk_id=0005|pc, group_id=0005, group_name=来源类型, dict_value=pc, dict_name_en=PC, dict_name_cn=PC端}, 0006|1={pk_id=0006|1, group_id=0006, group_name=是否叶节点, dict_value=1, dict_name_en=True, dict_name_cn=是}, 0006|0={pk_id=0006|0, group_id=0006, group_name=是否叶节点, dict_value=0, dict_name_en=False, dict_name_cn=否}, 0004|1={pk_id=0004|1, group_id=0004, group_name=是否成功, dict_value=1, dict_name_en=True, dict_name_cn=是}, 0003|1={pk_id=0003|1, group_id=0003, group_name=是否可删除, dict_value=1, dict_name_en=True, dict_name_cn=是}, 0004|0={pk_id=0004|0, group_id=0004, group_name=是否成功, dict_value=0, dict_name_en=False, dict_name_cn=否}, 0007|update={pk_id=0007|update, group_id=0007, group_name=操作类型, dict_value=update, dict_name_en=update, dict_name_cn=修改}}
2019-12-25 10:46:47.004 INFO  --- [SystemService.java:92][localhost-startStop-1] - 数据字典分组：：{0006=[{pk_id=0006|0, group_id=0006, group_name=是否叶节点, dict_value=0, dict_name_en=False, dict_name_cn=否}, {pk_id=0006|1, group_id=0006, group_name=是否叶节点, dict_value=1, dict_name_en=True, dict_name_cn=是}], 0007=[{pk_id=0007|add, group_id=0007, group_name=操作类型, dict_value=add, dict_name_en=add, dict_name_cn=新增}, {pk_id=0007|delete, group_id=0007, group_name=操作类型, dict_value=delete, dict_name_en=delete, dict_name_cn=删除}, {pk_id=0007|export, group_id=0007, group_name=操作类型, dict_value=export, dict_name_en=export, dict_name_cn=导出}, {pk_id=0007|query, group_id=0007, group_name=操作类型, dict_value=query, dict_name_en=query, dict_name_cn=查询}, {pk_id=0007|update, group_id=0007, group_name=操作类型, dict_value=update, dict_name_en=update, dict_name_cn=修改}, {pk_id=0007|upload, group_id=0007, group_name=操作类型, dict_value=upload, dict_name_en=upload, dict_name_cn=上传}], 0004=[{pk_id=0004|0, group_id=0004, group_name=是否成功, dict_value=0, dict_name_en=False, dict_name_cn=否}, {pk_id=0004|1, group_id=0004, group_name=是否成功, dict_value=1, dict_name_en=True, dict_name_cn=是}], 0005=[{pk_id=0005|pc, group_id=0005, group_name=来源类型, dict_value=pc, dict_name_en=PC, dict_name_cn=PC端}], 0002=[{pk_id=0002|0, group_id=0002, group_name=登录登出类型, dict_value=0, dict_name_en=SignIn, dict_name_cn=登录}, {pk_id=0002|1, group_id=0002, group_name=登录登出类型, dict_value=1, dict_name_en=SignOut, dict_name_cn=登出}], 0003=[{pk_id=0003|0, group_id=0003, group_name=是否可删除, dict_value=0, dict_name_en=False, dict_name_cn=否}, {pk_id=0003|1, group_id=0003, group_name=是否可删除, dict_value=1, dict_name_en=True, dict_name_cn=是}], 0001=[{pk_id=0001|0, group_id=0001, group_name=是否可用, dict_value=0, dict_name_en=False, dict_name_cn=否}, {pk_id=0001|1, group_id=0001, group_name=是否可用, dict_value=1, dict_name_en=Ture, dict_name_cn=是}]}
2019-12-25 10:46:47.004 INFO  --- [SystemService.java:101][localhost-startStop-1] - 初始化数据字典完成
2019-12-25 10:46:47.004 INFO  --- [SystemService.java:112][localhost-startStop-1] - 正在初始化返回码
2019-12-25 10:46:47.004 INFO  --- [SystemService.java:114][localhost-startStop-1] - 初始化返回码完成
2019-12-25 10:46:47.144 INFO  --- [StdSchedulerFactory.java:1208][localhost-startStop-1] - Using default implementation for ThreadExecutor
2019-12-25 10:46:47.161 INFO  --- [SchedulerSignalerImpl.java:61][localhost-startStop-1] - Initialized Scheduler Signaller of type: class org.quartz.core.SchedulerSignalerImpl
2019-12-25 10:46:47.162 INFO  --- [QuartzScheduler.java:229][localhost-startStop-1] - Quartz Scheduler v.2.3.0 created.
2019-12-25 10:46:47.163 INFO  --- [RAMJobStore.java:155][localhost-startStop-1] - RAMJobStore initialized.
2019-12-25 10:46:47.164 INFO  --- [QuartzScheduler.java:294][localhost-startStop-1] - Scheduler meta-data: Quartz Scheduler (v2.3.0) 'quartzScheduler' with instanceId 'NON_CLUSTERED'
  Scheduler class: 'org.quartz.core.QuartzScheduler' - running locally.
  NOT STARTED.
  Currently in standby mode.
  Number of jobs executed: 0
  Using thread pool 'org.quartz.simpl.SimpleThreadPool' - with 10 threads.
  Using job-store 'org.quartz.simpl.RAMJobStore' - which does not support persistence. and is not clustered.

2019-12-25 10:46:47.165 INFO  --- [StdSchedulerFactory.java:1362][localhost-startStop-1] - Quartz scheduler 'quartzScheduler' initialized from an externally provided properties instance.
2019-12-25 10:46:47.166 INFO  --- [StdSchedulerFactory.java:1366][localhost-startStop-1] - Quartz scheduler version: 2.3.0
2019-12-25 10:46:47.166 INFO  --- [QuartzScheduler.java:2287][localhost-startStop-1] - JobFactory set to: org.springframework.boot.autoconfigure.quartz.AutowireCapableBeanJobFactory@54f38464
2019-12-25 10:46:47.199 INFO  --- [QuartzJobConfig.java:37][localhost-startStop-1] - 准备注册定时任务
2019-12-25 10:46:47.254 INFO  --- [QuartzJobConfig.java:42][localhost-startStop-1] - 总共有0个定时任务
2019-12-25 10:46:47.254 INFO  --- [QuartzScheduler.java:547][localhost-startStop-1] - Scheduler quartzScheduler_$_NON_CLUSTERED started.
2019-12-25 10:46:47.255 INFO  --- [QuartzJobConfig.java:62][localhost-startStop-1] - Quartz任务注册成功
2019-12-25 10:46:47.255 INFO  --- [SystemInitListener.java:34][localhost-startStop-1] - 初始化全局变量完成
2019-12-25 10:46:47.882 INFO  --- [AbstractHandlerMethodMapping.java:549][main] - Mapped "{[/console/api/test]}" onto public com.cofire.common.result.Result com.cofire.console.controller.api.JsonApiController.test(org.springframework.http.HttpRequest,com.cofire.console.controller.api.Person)
2019-12-25 10:46:47.883 INFO  --- [AbstractHandlerMethodMapping.java:549][main] - Mapped "{[/console/api/test2]}" onto java.lang.String com.cofire.console.controller.api.JsonApiController.request(javax.servlet.http.HttpServletRequest,javax.servlet.http.HttpServletResponse)
2019-12-25 10:46:47.884 INFO  --- [AbstractHandlerMethodMapping.java:549][main] - Mapped "{[/getDictByGroup]}" onto public com.cofire.common.result.Result com.cofire.console.controller.base.BaseController.getDictByGroup(java.lang.String)
2019-12-25 10:46:47.884 INFO  --- [AbstractHandlerMethodMapping.java:549][main] - Mapped "{[/getUserDetail]}" onto public com.cofire.common.result.Result com.cofire.console.controller.base.BaseController.getUserDetail(javax.servlet.http.HttpServletRequest)
2019-12-25 10:46:47.885 INFO  --- [AbstractHandlerMethodMapping.java:549][main] - Mapped "{[/console]}" onto public java.lang.String com.cofire.console.controller.base.BasePageController.console()
2019-12-25 10:46:47.885 INFO  --- [AbstractHandlerMethodMapping.java:549][main] - Mapped "{[/ipad]}" onto public java.lang.String com.cofire.console.controller.base.BasePageController.ipad()
2019-12-25 10:46:47.885 INFO  --- [AbstractHandlerMethodMapping.java:549][main] - Mapped "{[/mobile]}" onto public java.lang.String com.cofire.console.controller.base.BasePageController.mobile()
2019-12-25 10:46:47.887 INFO  --- [AbstractHandlerMethodMapping.java:549][main] - Mapped "{[/error/sessionTimeOut]}" onto public com.cofire.common.result.Result com.cofire.console.controller.base.ErrorController.sessionTimeOut()
2019-12-25 10:46:47.887 INFO  --- [AbstractHandlerMethodMapping.java:549][main] - Mapped "{[/error/unauth]}" onto public com.cofire.common.result.Result com.cofire.console.controller.base.ErrorController.unauth()
2019-12-25 10:46:47.887 INFO  --- [AbstractHandlerMethodMapping.java:549][main] - Mapped "{[/error/exportError]}" onto public com.cofire.common.result.Result com.cofire.console.controller.base.ErrorController.exportError()
2019-12-25 10:46:47.888 INFO  --- [AbstractHandlerMethodMapping.java:549][main] - Mapped "{[/image/upload]}" onto public com.cofire.common.result.Result com.cofire.console.controller.base.ImageController.imgUpload(javax.servlet.http.HttpServletRequest,org.springframework.web.multipart.MultipartFile)
2019-12-25 10:46:47.889 INFO  --- [AbstractHandlerMethodMapping.java:549][main] - Mapped "{[/image/],produces=[image/jpeg]}" onto public byte[] com.cofire.console.controller.base.ImageController.getImage(java.lang.String) throws java.io.FileNotFoundException,java.io.IOException
2019-12-25 10:46:47.889 INFO  --- [AbstractHandlerMethodMapping.java:549][main] - Mapped "{[/console/dict/delete],methods=[POST]}" onto public com.cofire.common.result.Result com.cofire.console.controller.system.DictController.deleteDict(com.cofire.dao.model.system.SysDict)
2019-12-25 10:46:47.890 INFO  --- [AbstractHandlerMethodMapping.java:549][main] - Mapped "{[/console/dict/query],methods=[POST]}" onto public com.cofire.common.result.Result com.cofire.console.controller.system.DictController.queryDict(com.cofire.common.result.ParamItem,com.cofire.dao.model.system.SysDict)
2019-12-25 10:46:47.890 INFO  --- [AbstractHandlerMethodMapping.java:549][main] - Mapped "{[/console/dict/save],methods=[POST]}" onto public com.cofire.common.result.Result com.cofire.console.controller.system.DictController.saveDict(java.lang.String,com.cofire.dao.model.system.SysDict)
2019-12-25 10:46:47.891 INFO  --- [AbstractHandlerMethodMapping.java:549][main] - Mapped "{[/console/job/delete],methods=[POST]}" onto public com.cofire.common.result.Result com.cofire.console.controller.system.JobController.deleteJob(com.cofire.dao.model.system.QtzJob)
2019-12-25 10:46:47.891 INFO  --- [AbstractHandlerMethodMapping.java:549][main] - Mapped "{[/console/job/save],methods=[POST]}" onto public com.cofire.common.result.Result com.cofire.console.controller.system.JobController.saveJob(java.lang.String,com.cofire.dao.model.system.QtzJob)
2019-12-25 10:46:47.891 INFO  --- [AbstractHandlerMethodMapping.java:549][main] - Mapped "{[/console/job/query],methods=[POST]}" onto public com.cofire.common.result.Result com.cofire.console.controller.system.JobController.queryJob(com.cofire.common.result.ParamItem,com.cofire.dao.model.system.QtzJob)
2019-12-25 10:46:47.891 INFO  --- [AbstractHandlerMethodMapping.java:549][main] - Mapped "{[/console/jobLog/query],methods=[POST]}" onto public com.cofire.common.result.Result com.cofire.console.controller.system.JobLogController.queryJobLog(com.cofire.common.result.ParamItem,com.cofire.dao.model.system.QtzJobLog)
2019-12-25 10:46:47.892 INFO  --- [AbstractHandlerMethodMapping.java:549][main] - Mapped "{[/console/loginAudit/query],methods=[POST]}" onto public com.cofire.common.result.Result com.cofire.console.controller.system.LoginAuditController.queryLoginAudit(com.cofire.common.result.ParamItem,com.cofire.dao.model.system.SysLoginAudit)
2019-12-25 10:46:47.892 INFO  --- [AbstractHandlerMethodMapping.java:549][main] - Mapped "{[/console/login]}" onto public com.cofire.common.result.Result com.cofire.console.controller.system.LoginController.login(java.lang.String,java.lang.String,java.lang.String,java.lang.String)
2019-12-25 10:46:47.892 INFO  --- [AbstractHandlerMethodMapping.java:549][main] - Mapped "{[/console/loginOut]}" onto public com.cofire.common.result.Result com.cofire.console.controller.system.LoginController.loginOut(java.lang.String,java.lang.String)
2019-12-25 10:46:47.893 INFO  --- [AbstractHandlerMethodMapping.java:549][main] - Mapped "{[/console/operateAudit/query],methods=[POST]}" onto public com.cofire.common.result.Result com.cofire.console.controller.system.OperateAuditController.queryOperateAudit(com.cofire.common.result.ParamItem,com.cofire.dao.model.system.SysOperateAudit)
2019-12-25 10:46:47.893 INFO  --- [AbstractHandlerMethodMapping.java:549][main] - Mapped "{[/console/param/save],methods=[POST]}" onto public com.cofire.common.result.Result com.cofire.console.controller.system.ParamController.saveParam(java.lang.String,com.cofire.dao.model.system.SysParam)
2019-12-25 10:46:47.893 INFO  --- [AbstractHandlerMethodMapping.java:549][main] - Mapped "{[/console/param/delete],methods=[POST]}" onto public com.cofire.common.result.Result com.cofire.console.controller.system.ParamController.deleteParam(com.cofire.dao.model.system.SysParam)
2019-12-25 10:46:47.894 INFO  --- [AbstractHandlerMethodMapping.java:549][main] - Mapped "{[/console/param/query],methods=[POST]}" onto public com.cofire.common.result.Result com.cofire.console.controller.system.ParamController.queryParam(com.cofire.common.result.ParamItem,com.cofire.dao.model.system.SysParam)
2019-12-25 10:46:47.894 INFO  --- [AbstractHandlerMethodMapping.java:549][main] - Mapped "{[/console/resource/query],methods=[POST]}" onto public com.cofire.common.result.Result com.cofire.console.controller.system.ResourceController.queryResource()
2019-12-25 10:46:47.894 INFO  --- [AbstractHandlerMethodMapping.java:549][main] - Mapped "{[/console/resource/save],methods=[POST]}" onto public com.cofire.common.result.Result com.cofire.console.controller.system.ResourceController.saveResource(java.lang.String,com.cofire.dao.model.system.SysResource)
2019-12-25 10:46:47.895 INFO  --- [AbstractHandlerMethodMapping.java:549][main] - Mapped "{[/console/resource/delete],methods=[POST]}" onto public com.cofire.common.result.Result com.cofire.console.controller.system.ResourceController.deleteResource(com.cofire.dao.model.system.SysResource)
2019-12-25 10:46:47.895 INFO  --- [AbstractHandlerMethodMapping.java:549][main] - Mapped "{[/console/returnCode/delete],methods=[POST]}" onto public com.cofire.common.result.Result com.cofire.console.controller.system.ReturnCodeController.deleteReturnCode(com.cofire.dao.model.system.SysReturnCode)
2019-12-25 10:46:47.895 INFO  --- [AbstractHandlerMethodMapping.java:549][main] - Mapped "{[/console/returnCode/query],methods=[POST]}" onto public com.cofire.common.result.Result com.cofire.console.controller.system.ReturnCodeController.queryReturnCode(com.cofire.common.result.ParamItem,com.cofire.dao.model.system.SysReturnCode)
2019-12-25 10:46:47.896 INFO  --- [AbstractHandlerMethodMapping.java:549][main] - Mapped "{[/console/returnCode/save],methods=[POST]}" onto public com.cofire.common.result.Result com.cofire.console.controller.system.ReturnCodeController.saveReturnCode(java.lang.String,com.cofire.dao.model.system.SysReturnCode)
2019-12-25 10:46:47.897 INFO  --- [AbstractHandlerMethodMapping.java:549][main] - Mapped "{[/console/role/queryUserRoleList],methods=[POST]}" onto public com.cofire.common.result.Result com.cofire.console.controller.system.RoleController.queryUserRoleList(com.cofire.dao.model.system.SysUser)
2019-12-25 10:46:47.897 INFO  --- [AbstractHandlerMethodMapping.java:549][main] - Mapped "{[/console/role/save],methods=[POST]}" onto public com.cofire.common.result.Result com.cofire.console.controller.system.RoleController.saveRole(java.lang.String,com.cofire.dao.model.system.SysRole,java.lang.String)
2019-12-25 10:46:47.897 INFO  --- [AbstractHandlerMethodMapping.java:549][main] - Mapped "{[/console/role/delete],methods=[POST]}" onto public com.cofire.common.result.Result com.cofire.console.controller.system.RoleController.deleteRole(com.cofire.dao.model.system.SysRole)
2019-12-25 10:46:47.898 INFO  --- [AbstractHandlerMethodMapping.java:549][main] - Mapped "{[/console/role/query],methods=[POST]}" onto public com.cofire.common.result.Result com.cofire.console.controller.system.RoleController.queryRole(com.cofire.common.result.ParamItem,com.cofire.dao.model.system.SysRole)
2019-12-25 10:46:47.898 INFO  --- [AbstractHandlerMethodMapping.java:549][main] - Mapped "{[/console/role/getRoleTree],methods=[POST]}" onto public com.cofire.common.result.Result com.cofire.console.controller.system.RoleController.getRoleTree(java.lang.String)
2019-12-25 10:46:47.899 INFO  --- [AbstractHandlerMethodMapping.java:549][main] - Mapped "{[/console/user/restPassWord],methods=[POST]}" onto public com.cofire.common.result.Result com.cofire.console.controller.system.UserController.restPassWord(java.lang.String)
2019-12-25 10:46:47.899 INFO  --- [AbstractHandlerMethodMapping.java:549][main] - Mapped "{[/console/user/changePassWord],methods=[POST]}" onto public com.cofire.common.result.Result com.cofire.console.controller.system.UserController.changePassWord(java.lang.String,java.lang.String,java.lang.String)
2019-12-25 10:46:47.900 INFO  --- [AbstractHandlerMethodMapping.java:549][main] - Mapped "{[/console/user/exportExcel]}" onto public void com.cofire.console.controller.system.UserController.exportExcel(com.cofire.dao.model.system.SysUser,javax.servlet.http.HttpServletResponse)
2019-12-25 10:46:47.900 INFO  --- [AbstractHandlerMethodMapping.java:549][main] - Mapped "{[/console/user/save],methods=[POST]}" onto public com.cofire.common.result.Result com.cofire.console.controller.system.UserController.saveUser(java.lang.String,com.cofire.dao.model.system.SysUser)
2019-12-25 10:46:47.900 INFO  --- [AbstractHandlerMethodMapping.java:549][main] - Mapped "{[/console/user/query],methods=[POST]}" onto public com.cofire.common.result.Result com.cofire.console.controller.system.UserController.queryRole(com.cofire.common.result.ParamItem,com.cofire.dao.model.system.SysUser)
2019-12-25 10:46:47.900 INFO  --- [AbstractHandlerMethodMapping.java:549][main] - Mapped "{[/console/user/saveUserRole],methods=[POST]}" onto public com.cofire.common.result.Result com.cofire.console.controller.system.UserController.saveUserRole(java.lang.String,java.lang.String)
2019-12-25 10:46:47.901 INFO  --- [AbstractHandlerMethodMapping.java:549][main] - Mapped "{[/console/user/delete],methods=[POST]}" onto public com.cofire.common.result.Result com.cofire.console.controller.system.UserController.deleteUser(java.lang.String)
2019-12-25 10:46:47.904 INFO  --- [AbstractHandlerMethodMapping.java:549][main] - Mapped "{[/error]}" onto public org.springframework.http.ResponseEntity<java.util.Map<java.lang.String, java.lang.Object>> org.springframework.boot.autoconfigure.web.servlet.error.BasicErrorController.error(javax.servlet.http.HttpServletRequest)
2019-12-25 10:46:47.904 INFO  --- [AbstractHandlerMethodMapping.java:549][main] - Mapped "{[/error],produces=[text/html]}" onto public org.springframework.web.servlet.ModelAndView org.springframework.boot.autoconfigure.web.servlet.error.BasicErrorController.errorHtml(javax.servlet.http.HttpServletRequest,javax.servlet.http.HttpServletResponse)
2019-12-25 10:46:47.972 INFO  --- [AbstractUrlHandlerMapping.java:373][main] - Mapped URL path [/console/static/**] onto handler of type [class org.springframework.web.servlet.resource.ResourceHttpRequestHandler]
2019-12-25 10:46:47.972 INFO  --- [AbstractUrlHandlerMapping.java:373][main] - Mapped URL path [/ipad/static/**] onto handler of type [class org.springframework.web.servlet.resource.ResourceHttpRequestHandler]
2019-12-25 10:46:47.973 INFO  --- [AbstractUrlHandlerMapping.java:373][main] - Mapped URL path [/mobile/static/**] onto handler of type [class org.springframework.web.servlet.resource.ResourceHttpRequestHandler]
2019-12-25 10:46:48.042 INFO  --- [RequestMappingHandlerAdapter.java:588][main] - Looking for @ControllerAdvice: org.springframework.boot.web.servlet.context.AnnotationConfigServletWebServerApplicationContext@1a6c1270: startup date [Wed Dec 25 10:46:43 CST 2019]; root of context hierarchy
2019-12-25 10:46:48.095 INFO  --- [ExceptionHandlerExceptionResolver.java:288][main] - Detected @ExceptionHandler methods in controllerAdviceHandler
2019-12-25 10:46:49.030 INFO  --- [MBeanExporter.java:433][main] - Registering beans for JMX exposure on startup
2019-12-25 10:46:49.031 INFO  --- [MBeanExporter.java:895][main] - Bean with name 'dataSource' has been autodetected for JMX exposure
2019-12-25 10:46:49.037 INFO  --- [MBeanExporter.java:668][main] - Located MBean 'dataSource': registering with JMX server as MBean [com.zaxxer.hikari:name=dataSource,type=HikariDataSource]
2019-12-25 10:46:49.041 INFO  --- [DefaultLifecycleProcessor.java:356][main] - Starting beans in phase 2147483647
2019-12-25 10:46:49.047 INFO  --- [DirectJDKLog.java:180][main] - Starting ProtocolHandler ["http-nio-8080"]
2019-12-25 10:46:49.056 ERROR --- [DirectJDKLog.java:182][main] - Failed to start connector [Connector[HTTP/1.1-8080]]
org.apache.catalina.LifecycleException: Failed to start component [Connector[HTTP/1.1-8080]]
	at org.apache.catalina.util.LifecycleBase.start(LifecycleBase.java:167)
	at org.apache.catalina.core.StandardService.addConnector(StandardService.java:225)
	at org.springframework.boot.web.embedded.tomcat.TomcatWebServer.addPreviouslyRemovedConnectors(TomcatWebServer.java:256)
	at org.springframework.boot.web.embedded.tomcat.TomcatWebServer.start(TomcatWebServer.java:198)
	at org.springframework.boot.web.servlet.context.ServletWebServerApplicationContext.startWebServer(ServletWebServerApplicationContext.java:300)
	at org.springframework.boot.web.servlet.context.ServletWebServerApplicationContext.finishRefresh(ServletWebServerApplicationContext.java:162)
	at org.springframework.context.support.AbstractApplicationContext.refresh(AbstractApplicationContext.java:553)
	at org.springframework.boot.web.servlet.context.ServletWebServerApplicationContext.refresh(ServletWebServerApplicationContext.java:140)
	at org.springframework.boot.SpringApplication.refresh(SpringApplication.java:780)
	at org.springframework.boot.SpringApplication.refreshContext(SpringApplication.java:412)
	at org.springframework.boot.SpringApplication.run(SpringApplication.java:333)
	at org.springframework.boot.SpringApplication.run(SpringApplication.java:1277)
	at org.springframework.boot.SpringApplication.run(SpringApplication.java:1265)
	at com.cofire.console.Application.main(Application.java:25)
Caused by: org.apache.catalina.LifecycleException: Protocol handler start failed
	at org.apache.catalina.connector.Connector.startInternal(Connector.java:1020)
	at org.apache.catalina.util.LifecycleBase.start(LifecycleBase.java:150)
	... 13 common frames omitted
Caused by: java.net.BindException: Address already in use: bind
	at sun.nio.ch.Net.bind0(Native Method)
	at sun.nio.ch.Net.bind(Net.java:433)
	at sun.nio.ch.Net.bind(Net.java:425)
	at sun.nio.ch.ServerSocketChannelImpl.bind(ServerSocketChannelImpl.java:223)
	at sun.nio.ch.ServerSocketAdaptor.bind(ServerSocketAdaptor.java:74)
	at org.apache.tomcat.util.net.NioEndpoint.bind(NioEndpoint.java:219)
	at org.apache.tomcat.util.net.AbstractEndpoint.start(AbstractEndpoint.java:1151)
	at org.apache.coyote.AbstractProtocol.start(AbstractProtocol.java:591)
	at org.apache.catalina.connector.Connector.startInternal(Connector.java:1018)
	... 14 common frames omitted
2019-12-25 10:46:49.062 INFO  --- [DirectJDKLog.java:180][main] - Pausing ProtocolHandler ["http-nio-8080"]
2019-12-25 10:46:49.062 INFO  --- [DirectJDKLog.java:180][main] - Stopping service [Tomcat]
2019-12-25 10:46:49.064 INFO  --- [SystemInitListener.java:46][localhost-startStop-1] - 开始关闭Quartz
2019-12-25 10:46:49.064 INFO  --- [QuartzScheduler.java:666][localhost-startStop-1] - Scheduler quartzScheduler_$_NON_CLUSTERED shutting down.
2019-12-25 10:46:49.064 INFO  --- [QuartzScheduler.java:585][localhost-startStop-1] - Scheduler quartzScheduler_$_NON_CLUSTERED paused.
2019-12-25 10:46:49.065 INFO  --- [QuartzScheduler.java:740][localhost-startStop-1] - Scheduler quartzScheduler_$_NON_CLUSTERED shutdown complete.
2019-12-25 10:46:49.065 INFO  --- [SystemInitListener.java:48][localhost-startStop-1] - Quartz已关闭
2019-12-25 10:46:49.065 INFO  --- [DirectJDKLog.java:180][localhost-startStop-1] - Closing Spring root WebApplicationContext
2019-12-25 10:46:49.067 WARN  --- [DirectJDKLog.java:180][localhost-startStop-1] - The web application [cofire] appears to have started a thread named [HikariPool-1 housekeeper] but has failed to stop it. This is very likely to create a memory leak. Stack trace of thread:
 sun.misc.Unsafe.park(Native Method)
 java.util.concurrent.locks.LockSupport.parkNanos(LockSupport.java:215)
 java.util.concurrent.locks.AbstractQueuedSynchronizer$ConditionObject.awaitNanos(AbstractQueuedSynchronizer.java:2078)
 java.util.concurrent.ScheduledThreadPoolExecutor$DelayedWorkQueue.take(ScheduledThreadPoolExecutor.java:1093)
 java.util.concurrent.ScheduledThreadPoolExecutor$DelayedWorkQueue.take(ScheduledThreadPoolExecutor.java:809)
 java.util.concurrent.ThreadPoolExecutor.getTask(ThreadPoolExecutor.java:1067)
 java.util.concurrent.ThreadPoolExecutor.runWorker(ThreadPoolExecutor.java:1127)
 java.util.concurrent.ThreadPoolExecutor$Worker.run(ThreadPoolExecutor.java:617)
 java.lang.Thread.run(Thread.java:745)
2019-12-25 10:46:49.068 WARN  --- [DirectJDKLog.java:180][localhost-startStop-1] - The web application [cofire] appears to have started a thread named [HikariPool-1 connection adder] but has failed to stop it. This is very likely to create a memory leak. Stack trace of thread:
 sun.misc.Unsafe.park(Native Method)
 java.util.concurrent.locks.LockSupport.parkNanos(LockSupport.java:215)
 java.util.concurrent.locks.AbstractQueuedSynchronizer$ConditionObject.awaitNanos(AbstractQueuedSynchronizer.java:2078)
 java.util.concurrent.LinkedBlockingQueue.poll(LinkedBlockingQueue.java:467)
 java.util.concurrent.ThreadPoolExecutor.getTask(ThreadPoolExecutor.java:1066)
 java.util.concurrent.ThreadPoolExecutor.runWorker(ThreadPoolExecutor.java:1127)
 java.util.concurrent.ThreadPoolExecutor$Worker.run(ThreadPoolExecutor.java:617)
 java.lang.Thread.run(Thread.java:745)
2019-12-25 10:46:49.074 INFO  --- [DirectJDKLog.java:180][main] - The stop() method was called on component [StandardServer[-1]] after stop() had already been called. The second call will be ignored.
2019-12-25 10:46:49.074 INFO  --- [DirectJDKLog.java:180][main] - Stopping ProtocolHandler ["http-nio-8080"]
2019-12-25 10:46:49.074 INFO  --- [DirectJDKLog.java:180][main] - Destroying ProtocolHandler ["http-nio-8080"]
2019-12-25 10:46:49.076 INFO  --- [ConditionEvaluationReportLoggingListener.java:101][main] - 

Error starting ApplicationContext. To display the conditions report re-run your application with 'debug' enabled.
2019-12-25 10:46:49.080 ERROR --- [LoggingFailureAnalysisReporter.java:42][main] - 

***************************
APPLICATION FAILED TO START
***************************

Description:

The Tomcat connector configured to listen on port 8080 failed to start. The port may already be in use or the connector may be misconfigured.

Action:

Verify the connector's configuration, identify and stop any process that's listening on port 8080, or configure this application to listen on another port.

2019-12-25 10:46:49.082 INFO  --- [AbstractApplicationContext.java:993][main] - Closing org.springframework.boot.web.servlet.context.AnnotationConfigServletWebServerApplicationContext@1a6c1270: startup date [Wed Dec 25 10:46:43 CST 2019]; root of context hierarchy
2019-12-25 10:46:49.083 INFO  --- [DefaultLifecycleProcessor.java:369][main] - Stopping beans in phase 2147483647
2019-12-25 10:46:49.084 INFO  --- [MBeanExporter.java:451][main] - Unregistering JMX-exposed beans on shutdown
2019-12-25 10:46:49.084 INFO  --- [MBeanRegistrationSupport.java:185][main] - Unregistering JMX-exposed beans
2019-12-25 10:46:49.084 INFO  --- [SchedulerFactoryBean.java:830][main] - Shutting down Quartz Scheduler
2019-12-25 10:46:49.086 INFO  --- [HikariDataSource.java:381][main] - HikariPool-1 - Shutdown initiated...
2019-12-25 10:46:49.092 INFO  --- [HikariDataSource.java:383][main] - HikariPool-1 - Shutdown completed.
2019-12-25 10:47:54.260 INFO  --- [StartupInfoLogger.java:50][main] - Starting Application on DESKTOP-TL9S3KD with PID 19200 (D:\liying\github\cofire\cofire\console\target\classes started by ThinkPad in D:\liying\github\cofire\cofire)
2019-12-25 10:47:54.265 INFO  --- [SpringApplication.java:680][main] - No active profile set, falling back to default profiles: default
2019-12-25 10:47:54.318 INFO  --- [AbstractApplicationContext.java:590][main] - Refreshing org.springframework.boot.web.servlet.context.AnnotationConfigServletWebServerApplicationContext@67304a40: startup date [Wed Dec 25 10:47:54 CST 2019]; root of context hierarchy
2019-12-25 10:47:55.242 INFO  --- [XmlBeanDefinitionReader.java:317][main] - Loading XML bean definitions from class path resource [application-bean.xml]
2019-12-25 10:47:55.802 INFO  --- [PostProcessorRegistrationDelegate.java:326][main] - Bean 'shiroConfiguration' of type [com.cofire.shiro.config.ShiroConfiguration$$EnhancerBySpringCGLIB$$8ef39c5] is not eligible for getting processed by all BeanPostProcessors (for example: not eligible for auto-proxying)
2019-12-25 10:47:56.057 INFO  --- [PostProcessorRegistrationDelegate.java:326][main] - Bean 'org.springframework.boot.context.properties.ConversionServiceDeducer$Factory' of type [org.springframework.boot.context.properties.ConversionServiceDeducer$Factory] is not eligible for getting processed by all BeanPostProcessors (for example: not eligible for auto-proxying)
2019-12-25 10:47:56.141 INFO  --- [PostProcessorRegistrationDelegate.java:326][main] - Bean 'mybatis-org.mybatis.spring.boot.autoconfigure.MybatisProperties' of type [org.mybatis.spring.boot.autoconfigure.MybatisProperties] is not eligible for getting processed by all BeanPostProcessors (for example: not eligible for auto-proxying)
2019-12-25 10:47:56.169 INFO  --- [PostProcessorRegistrationDelegate.java:326][main] - Bean 'org.mybatis.spring.boot.autoconfigure.MybatisAutoConfiguration' of type [org.mybatis.spring.boot.autoconfigure.MybatisAutoConfiguration$$EnhancerBySpringCGLIB$$750abf1b] is not eligible for getting processed by all BeanPostProcessors (for example: not eligible for auto-proxying)
2019-12-25 10:47:56.175 INFO  --- [PostProcessorRegistrationDelegate.java:326][main] - Bean 'org.springframework.boot.autoconfigure.jdbc.DataSourceConfiguration$Hikari' of type [org.springframework.boot.autoconfigure.jdbc.DataSourceConfiguration$Hikari] is not eligible for getting processed by all BeanPostProcessors (for example: not eligible for auto-proxying)
2019-12-25 10:47:56.194 INFO  --- [PostProcessorRegistrationDelegate.java:326][main] - Bean 'spring.datasource-org.springframework.boot.autoconfigure.jdbc.DataSourceProperties' of type [org.springframework.boot.autoconfigure.jdbc.DataSourceProperties] is not eligible for getting processed by all BeanPostProcessors (for example: not eligible for auto-proxying)
2019-12-25 10:47:56.278 INFO  --- [PostProcessorRegistrationDelegate.java:326][main] - Bean 'dataSource' of type [com.zaxxer.hikari.HikariDataSource] is not eligible for getting processed by all BeanPostProcessors (for example: not eligible for auto-proxying)
2019-12-25 10:47:56.650 INFO  --- [PostProcessorRegistrationDelegate.java:326][main] - Bean 'sqlSessionFactory' of type [org.apache.ibatis.session.defaults.DefaultSqlSessionFactory] is not eligible for getting processed by all BeanPostProcessors (for example: not eligible for auto-proxying)
2019-12-25 10:47:56.660 INFO  --- [PostProcessorRegistrationDelegate.java:326][main] - Bean 'sqlSessionTemplate' of type [org.mybatis.spring.SqlSessionTemplate] is not eligible for getting processed by all BeanPostProcessors (for example: not eligible for auto-proxying)
2019-12-25 10:47:56.661 INFO  --- [PostProcessorRegistrationDelegate.java:326][main] - Bean 'sysUserMapper' of type [org.mybatis.spring.mapper.MapperFactoryBean] is not eligible for getting processed by all BeanPostProcessors (for example: not eligible for auto-proxying)
2019-12-25 10:47:56.662 INFO  --- [PostProcessorRegistrationDelegate.java:326][main] - Bean 'sysUserMapper' of type [com.sun.proxy.$Proxy57] is not eligible for getting processed by all BeanPostProcessors (for example: not eligible for auto-proxying)
2019-12-25 10:47:56.664 INFO  --- [PostProcessorRegistrationDelegate.java:326][main] - Bean 'userPermissionCustomMapper' of type [org.mybatis.spring.mapper.MapperFactoryBean] is not eligible for getting processed by all BeanPostProcessors (for example: not eligible for auto-proxying)
2019-12-25 10:47:56.665 INFO  --- [PostProcessorRegistrationDelegate.java:326][main] - Bean 'userPermissionCustomMapper' of type [com.sun.proxy.$Proxy58] is not eligible for getting processed by all BeanPostProcessors (for example: not eligible for auto-proxying)
2019-12-25 10:47:56.667 INFO  --- [PostProcessorRegistrationDelegate.java:326][main] - Bean 'userPermissionServiceImpl' of type [com.cofire.shiro.service.impl.UserPermissionServiceImpl] is not eligible for getting processed by all BeanPostProcessors (for example: not eligible for auto-proxying)
2019-12-25 10:47:56.668 INFO  --- [PostProcessorRegistrationDelegate.java:326][main] - Bean 'userRealm' of type [com.cofire.shiro.config.UserRealm] is not eligible for getting processed by all BeanPostProcessors (for example: not eligible for auto-proxying)
2019-12-25 10:47:56.683 INFO  --- [PostProcessorRegistrationDelegate.java:326][main] - Bean 'securityManager' of type [org.apache.shiro.web.mgt.DefaultWebSecurityManager] is not eligible for getting processed by all BeanPostProcessors (for example: not eligible for auto-proxying)
2019-12-25 10:47:56.805 INFO  --- [PostProcessorRegistrationDelegate.java:326][main] - Bean 'authorizationAttributeSourceAdvisor' of type [org.apache.shiro.spring.security.interceptor.AuthorizationAttributeSourceAdvisor] is not eligible for getting processed by all BeanPostProcessors (for example: not eligible for auto-proxying)
2019-12-25 10:47:56.857 INFO  --- [PostProcessorRegistrationDelegate.java:326][main] - Bean 'org.springframework.transaction.annotation.ProxyTransactionManagementConfiguration' of type [org.springframework.transaction.annotation.ProxyTransactionManagementConfiguration$$EnhancerBySpringCGLIB$$42366deb] is not eligible for getting processed by all BeanPostProcessors (for example: not eligible for auto-proxying)
2019-12-25 10:47:57.720 INFO  --- [TomcatWebServer.java:91][main] - Tomcat initialized with port(s): 8048 (http)
2019-12-25 10:47:57.743 INFO  --- [DirectJDKLog.java:180][main] - Initializing ProtocolHandler ["http-nio-8048"]
2019-12-25 10:47:57.773 INFO  --- [DirectJDKLog.java:180][main] - Starting service [Tomcat]
2019-12-25 10:47:57.774 INFO  --- [DirectJDKLog.java:180][main] - Starting Servlet Engine: Apache Tomcat/8.5.34
2019-12-25 10:47:57.778 INFO  --- [DirectJDKLog.java:180][localhost-startStop-1] - The APR based Apache Tomcat Native library which allows optimal performance in production environments was not found on the java.library.path: [D:\Program Files\Java\jdk1.8.0_101\bin;C:\WINDOWS\Sun\Java\bin;C:\WINDOWS\system32;C:\WINDOWS;C:\Python27\;C:\Python27\Scripts;D:\app\oracle\product\11.2.0\dbhome_1\bin;D:\Program Files (x86)\NetSarang\Xftp 6\;D:\Program Files (x86)\NetSarang\Xshell 6\;D:\Program Files\python3\Scripts\;D:\Program Files\python3\;C:\ProgramData\Oracle\Java\javapath;C:\WINDOWS\system32;C:\WINDOWS;C:\WINDOWS\System32\Wbem;C:\WINDOWS\System32\WindowsPowerShell\v1.0\;D:\Program Files\apache-maven-3.6.0\bin;D:\Program Files\Git\cmd;D:\Program Files\Microsoft SQL Server\120\DTS\Binn\;D:\Program Files\Microsoft SQL Server\Client SDK\ODBC\110\Tools\Binn\;D:\Program Files (x86)\Microsoft SQL Server\120\Tools\Binn\;D:\Program Files\Microsoft SQL Server\120\Tools\Binn\;D:\Program Files (x86)\Microsoft SQL Server\120\Tools\Binn\ManagementStudio\;D:\Program Files (x86)\Microsoft SQL Server\120\DTS\Binn\;C:\Program Files\MySQL\MySQL Utilities 1.6\;C:\Program Files\MySQL\MySQL Server 5.7\bin;D:\Program Files\Java\jdk1.8.0_101\bin;D:\Program Files\Java\jdk1.8.0_101\jre\bin;D:\Program Files (x86)\sdk\android\platform-tools;D:\Program Files (x86)\sdk\android\tools;D:\Program Files\gradle-5.2.1\bin;C:\WINDOWS\System32\OpenSSH\;D:\Program Files (x86)\PostgreSQL\bin;C:\Program Files\Intel\WiFi\bin\;C:\Program Files\Common Files\Intel\WirelessCommon\;C:\Program Files (x86)\Microsoft SQL Server\100\Tools\Binn\;C:\Program Files\Microsoft SQL Server\100\Tools\Binn\;C:\Program Files\Microsoft SQL Server\100\DTS\Binn\;C:\Program Files (x86)\Microsoft ASP.NET\ASP.NET Web Pages\v1.0\;D:\Program Files\nodejs\;C:\ProgramData\chocolatey\bin;D:\Program Files\Redis-x64-3.2.100;D:\Program Files\TortoiseSVN\bin;C:\Users\ThinkPad\AppData\Local\Microsoft\WindowsApps;;D:\Program Files\Microsoft VS Code\bin;C:\Users\ThinkPad\AppData\Roaming\npm;.]
2019-12-25 10:47:57.915 INFO  --- [DirectJDKLog.java:180][localhost-startStop-1] - Initializing Spring embedded WebApplicationContext
2019-12-25 10:47:57.916 INFO  --- [ServletWebServerApplicationContext.java:285][localhost-startStop-1] - Root WebApplicationContext: initialization completed in 3598 ms
2019-12-25 10:47:58.085 INFO  --- [AbstractFilterRegistrationBean.java:245][localhost-startStop-1] - Mapping filter: 'corsFilter' to: [/*]
2019-12-25 10:47:58.085 INFO  --- [AbstractFilterRegistrationBean.java:245][localhost-startStop-1] - Mapping filter: 'delegatingFilterProxy' to: [/*]
2019-12-25 10:47:58.086 INFO  --- [AbstractFilterRegistrationBean.java:245][localhost-startStop-1] - Mapping filter: 'initializeCharacterEncodingFilter' to: [/*]
2019-12-25 10:47:58.086 INFO  --- [AbstractFilterRegistrationBean.java:245][localhost-startStop-1] - Mapping filter: 'shiroFilter' to: [/*]
2019-12-25 10:47:58.086 INFO  --- [ServletRegistrationBean.java:187][localhost-startStop-1] - Servlet dispatcherServlet mapped to [/]
2019-12-25 10:47:58.107 INFO  --- [SystemInitListener.java:32][localhost-startStop-1] - 正在初始化全局变量
2019-12-25 10:47:58.119 INFO  --- [SystemService.java:57][localhost-startStop-1] - 正在初始化系统参数
2019-12-25 10:47:58.132 INFO  --- [HikariDataSource.java:110][localhost-startStop-1] - HikariPool-1 - Starting...
2019-12-25 10:47:58.290 INFO  --- [HikariDataSource.java:123][localhost-startStop-1] - HikariPool-1 - Start completed.
2019-12-25 10:47:58.399 INFO  --- [SystemService.java:63][localhost-startStop-1] - 系统参数：{0001|12={param_value=12, pk_id=0001|12, group_id=0001, param_name=1221124, param_id=12}, 0001|13={param_value=13, pk_id=0001|13, group_id=0001, param_name=31, param_id=13}}
2019-12-25 10:47:58.400 INFO  --- [SystemService.java:73][localhost-startStop-1] - 初始化系统参数完成
2019-12-25 10:47:58.401 INFO  --- [SystemService.java:82][localhost-startStop-1] - 正在初始化数据字典
2019-12-25 10:47:58.411 INFO  --- [SystemService.java:91][localhost-startStop-1] - 数据字典列表：：{0007|export={pk_id=0007|export, group_id=0007, group_name=操作类型, dict_value=export, dict_name_en=export, dict_name_cn=导出}, 0007|add={pk_id=0007|add, group_id=0007, group_name=操作类型, dict_value=add, dict_name_en=add, dict_name_cn=新增}, 0007|query={pk_id=0007|query, group_id=0007, group_name=操作类型, dict_value=query, dict_name_en=query, dict_name_cn=查询}, 0007|delete={pk_id=0007|delete, group_id=0007, group_name=操作类型, dict_value=delete, dict_name_en=delete, dict_name_cn=删除}, 0007|upload={pk_id=0007|upload, group_id=0007, group_name=操作类型, dict_value=upload, dict_name_en=upload, dict_name_cn=上传}, 0002|1={pk_id=0002|1, group_id=0002, group_name=登录登出类型, dict_value=1, dict_name_en=SignOut, dict_name_cn=登出}, 0003|0={pk_id=0003|0, group_id=0003, group_name=是否可删除, dict_value=0, dict_name_en=False, dict_name_cn=否}, 0001|1={pk_id=0001|1, group_id=0001, group_name=是否可用, dict_value=1, dict_name_en=Ture, dict_name_cn=是}, 0002|0={pk_id=0002|0, group_id=0002, group_name=登录登出类型, dict_value=0, dict_name_en=SignIn, dict_name_cn=登录}, 0001|0={pk_id=0001|0, group_id=0001, group_name=是否可用, dict_value=0, dict_name_en=False, dict_name_cn=否}, 0005|pc={pk_id=0005|pc, group_id=0005, group_name=来源类型, dict_value=pc, dict_name_en=PC, dict_name_cn=PC端}, 0006|1={pk_id=0006|1, group_id=0006, group_name=是否叶节点, dict_value=1, dict_name_en=True, dict_name_cn=是}, 0006|0={pk_id=0006|0, group_id=0006, group_name=是否叶节点, dict_value=0, dict_name_en=False, dict_name_cn=否}, 0004|1={pk_id=0004|1, group_id=0004, group_name=是否成功, dict_value=1, dict_name_en=True, dict_name_cn=是}, 0003|1={pk_id=0003|1, group_id=0003, group_name=是否可删除, dict_value=1, dict_name_en=True, dict_name_cn=是}, 0004|0={pk_id=0004|0, group_id=0004, group_name=是否成功, dict_value=0, dict_name_en=False, dict_name_cn=否}, 0007|update={pk_id=0007|update, group_id=0007, group_name=操作类型, dict_value=update, dict_name_en=update, dict_name_cn=修改}}
2019-12-25 10:47:58.412 INFO  --- [SystemService.java:92][localhost-startStop-1] - 数据字典分组：：{0006=[{pk_id=0006|0, group_id=0006, group_name=是否叶节点, dict_value=0, dict_name_en=False, dict_name_cn=否}, {pk_id=0006|1, group_id=0006, group_name=是否叶节点, dict_value=1, dict_name_en=True, dict_name_cn=是}], 0007=[{pk_id=0007|add, group_id=0007, group_name=操作类型, dict_value=add, dict_name_en=add, dict_name_cn=新增}, {pk_id=0007|delete, group_id=0007, group_name=操作类型, dict_value=delete, dict_name_en=delete, dict_name_cn=删除}, {pk_id=0007|export, group_id=0007, group_name=操作类型, dict_value=export, dict_name_en=export, dict_name_cn=导出}, {pk_id=0007|query, group_id=0007, group_name=操作类型, dict_value=query, dict_name_en=query, dict_name_cn=查询}, {pk_id=0007|update, group_id=0007, group_name=操作类型, dict_value=update, dict_name_en=update, dict_name_cn=修改}, {pk_id=0007|upload, group_id=0007, group_name=操作类型, dict_value=upload, dict_name_en=upload, dict_name_cn=上传}], 0004=[{pk_id=0004|0, group_id=0004, group_name=是否成功, dict_value=0, dict_name_en=False, dict_name_cn=否}, {pk_id=0004|1, group_id=0004, group_name=是否成功, dict_value=1, dict_name_en=True, dict_name_cn=是}], 0005=[{pk_id=0005|pc, group_id=0005, group_name=来源类型, dict_value=pc, dict_name_en=PC, dict_name_cn=PC端}], 0002=[{pk_id=0002|0, group_id=0002, group_name=登录登出类型, dict_value=0, dict_name_en=SignIn, dict_name_cn=登录}, {pk_id=0002|1, group_id=0002, group_name=登录登出类型, dict_value=1, dict_name_en=SignOut, dict_name_cn=登出}], 0003=[{pk_id=0003|0, group_id=0003, group_name=是否可删除, dict_value=0, dict_name_en=False, dict_name_cn=否}, {pk_id=0003|1, group_id=0003, group_name=是否可删除, dict_value=1, dict_name_en=True, dict_name_cn=是}], 0001=[{pk_id=0001|0, group_id=0001, group_name=是否可用, dict_value=0, dict_name_en=False, dict_name_cn=否}, {pk_id=0001|1, group_id=0001, group_name=是否可用, dict_value=1, dict_name_en=Ture, dict_name_cn=是}]}
2019-12-25 10:47:58.412 INFO  --- [SystemService.java:101][localhost-startStop-1] - 初始化数据字典完成
2019-12-25 10:47:58.412 INFO  --- [SystemService.java:112][localhost-startStop-1] - 正在初始化返回码
2019-12-25 10:47:58.412 INFO  --- [SystemService.java:114][localhost-startStop-1] - 初始化返回码完成
2019-12-25 10:47:58.538 INFO  --- [StdSchedulerFactory.java:1208][localhost-startStop-1] - Using default implementation for ThreadExecutor
2019-12-25 10:47:58.556 INFO  --- [SchedulerSignalerImpl.java:61][localhost-startStop-1] - Initialized Scheduler Signaller of type: class org.quartz.core.SchedulerSignalerImpl
2019-12-25 10:47:58.556 INFO  --- [QuartzScheduler.java:229][localhost-startStop-1] - Quartz Scheduler v.2.3.0 created.
2019-12-25 10:47:58.557 INFO  --- [RAMJobStore.java:155][localhost-startStop-1] - RAMJobStore initialized.
2019-12-25 10:47:58.558 INFO  --- [QuartzScheduler.java:294][localhost-startStop-1] - Scheduler meta-data: Quartz Scheduler (v2.3.0) 'quartzScheduler' with instanceId 'NON_CLUSTERED'
  Scheduler class: 'org.quartz.core.QuartzScheduler' - running locally.
  NOT STARTED.
  Currently in standby mode.
  Number of jobs executed: 0
  Using thread pool 'org.quartz.simpl.SimpleThreadPool' - with 10 threads.
  Using job-store 'org.quartz.simpl.RAMJobStore' - which does not support persistence. and is not clustered.

2019-12-25 10:47:58.558 INFO  --- [StdSchedulerFactory.java:1362][localhost-startStop-1] - Quartz scheduler 'quartzScheduler' initialized from an externally provided properties instance.
2019-12-25 10:47:58.558 INFO  --- [StdSchedulerFactory.java:1366][localhost-startStop-1] - Quartz scheduler version: 2.3.0
2019-12-25 10:47:58.559 INFO  --- [QuartzScheduler.java:2287][localhost-startStop-1] - JobFactory set to: org.springframework.boot.autoconfigure.quartz.AutowireCapableBeanJobFactory@478cd568
2019-12-25 10:47:58.587 INFO  --- [QuartzJobConfig.java:37][localhost-startStop-1] - 准备注册定时任务
2019-12-25 10:47:58.623 INFO  --- [QuartzJobConfig.java:42][localhost-startStop-1] - 总共有0个定时任务
2019-12-25 10:47:58.623 INFO  --- [QuartzScheduler.java:547][localhost-startStop-1] - Scheduler quartzScheduler_$_NON_CLUSTERED started.
2019-12-25 10:47:58.624 INFO  --- [QuartzJobConfig.java:62][localhost-startStop-1] - Quartz任务注册成功
2019-12-25 10:47:58.624 INFO  --- [SystemInitListener.java:34][localhost-startStop-1] - 初始化全局变量完成
2019-12-25 10:47:59.313 INFO  --- [AbstractHandlerMethodMapping.java:549][main] - Mapped "{[/console/api/test]}" onto public com.cofire.common.result.Result com.cofire.console.controller.api.JsonApiController.test(org.springframework.http.HttpRequest,com.cofire.console.controller.api.Person)
2019-12-25 10:47:59.313 INFO  --- [AbstractHandlerMethodMapping.java:549][main] - Mapped "{[/console/api/test2]}" onto java.lang.String com.cofire.console.controller.api.JsonApiController.request(javax.servlet.http.HttpServletRequest,javax.servlet.http.HttpServletResponse)
2019-12-25 10:47:59.314 INFO  --- [AbstractHandlerMethodMapping.java:549][main] - Mapped "{[/getDictByGroup]}" onto public com.cofire.common.result.Result com.cofire.console.controller.base.BaseController.getDictByGroup(java.lang.String)
2019-12-25 10:47:59.314 INFO  --- [AbstractHandlerMethodMapping.java:549][main] - Mapped "{[/getUserDetail]}" onto public com.cofire.common.result.Result com.cofire.console.controller.base.BaseController.getUserDetail(javax.servlet.http.HttpServletRequest)
2019-12-25 10:47:59.315 INFO  --- [AbstractHandlerMethodMapping.java:549][main] - Mapped "{[/console]}" onto public java.lang.String com.cofire.console.controller.base.BasePageController.console()
2019-12-25 10:47:59.315 INFO  --- [AbstractHandlerMethodMapping.java:549][main] - Mapped "{[/mobile]}" onto public java.lang.String com.cofire.console.controller.base.BasePageController.mobile()
2019-12-25 10:47:59.315 INFO  --- [AbstractHandlerMethodMapping.java:549][main] - Mapped "{[/ipad]}" onto public java.lang.String com.cofire.console.controller.base.BasePageController.ipad()
2019-12-25 10:47:59.318 INFO  --- [AbstractHandlerMethodMapping.java:549][main] - Mapped "{[/error/exportError]}" onto public com.cofire.common.result.Result com.cofire.console.controller.base.ErrorController.exportError()
2019-12-25 10:47:59.318 INFO  --- [AbstractHandlerMethodMapping.java:549][main] - Mapped "{[/error/unauth]}" onto public com.cofire.common.result.Result com.cofire.console.controller.base.ErrorController.unauth()
2019-12-25 10:47:59.318 INFO  --- [AbstractHandlerMethodMapping.java:549][main] - Mapped "{[/error/sessionTimeOut]}" onto public com.cofire.common.result.Result com.cofire.console.controller.base.ErrorController.sessionTimeOut()
2019-12-25 10:47:59.319 INFO  --- [AbstractHandlerMethodMapping.java:549][main] - Mapped "{[/image/upload]}" onto public com.cofire.common.result.Result com.cofire.console.controller.base.ImageController.imgUpload(javax.servlet.http.HttpServletRequest,org.springframework.web.multipart.MultipartFile)
2019-12-25 10:47:59.320 INFO  --- [AbstractHandlerMethodMapping.java:549][main] - Mapped "{[/image/],produces=[image/jpeg]}" onto public byte[] com.cofire.console.controller.base.ImageController.getImage(java.lang.String) throws java.io.FileNotFoundException,java.io.IOException
2019-12-25 10:47:59.321 INFO  --- [AbstractHandlerMethodMapping.java:549][main] - Mapped "{[/console/dict/query],methods=[POST]}" onto public com.cofire.common.result.Result com.cofire.console.controller.system.DictController.queryDict(com.cofire.common.result.ParamItem,com.cofire.dao.model.system.SysDict)
2019-12-25 10:47:59.322 INFO  --- [AbstractHandlerMethodMapping.java:549][main] - Mapped "{[/console/dict/save],methods=[POST]}" onto public com.cofire.common.result.Result com.cofire.console.controller.system.DictController.saveDict(java.lang.String,com.cofire.dao.model.system.SysDict)
2019-12-25 10:47:59.322 INFO  --- [AbstractHandlerMethodMapping.java:549][main] - Mapped "{[/console/dict/delete],methods=[POST]}" onto public com.cofire.common.result.Result com.cofire.console.controller.system.DictController.deleteDict(com.cofire.dao.model.system.SysDict)
2019-12-25 10:47:59.323 INFO  --- [AbstractHandlerMethodMapping.java:549][main] - Mapped "{[/console/job/delete],methods=[POST]}" onto public com.cofire.common.result.Result com.cofire.console.controller.system.JobController.deleteJob(com.cofire.dao.model.system.QtzJob)
2019-12-25 10:47:59.323 INFO  --- [AbstractHandlerMethodMapping.java:549][main] - Mapped "{[/console/job/save],methods=[POST]}" onto public com.cofire.common.result.Result com.cofire.console.controller.system.JobController.saveJob(java.lang.String,com.cofire.dao.model.system.QtzJob)
2019-12-25 10:47:59.323 INFO  --- [AbstractHandlerMethodMapping.java:549][main] - Mapped "{[/console/job/query],methods=[POST]}" onto public com.cofire.common.result.Result com.cofire.console.controller.system.JobController.queryJob(com.cofire.common.result.ParamItem,com.cofire.dao.model.system.QtzJob)
2019-12-25 10:47:59.323 INFO  --- [AbstractHandlerMethodMapping.java:549][main] - Mapped "{[/console/jobLog/query],methods=[POST]}" onto public com.cofire.common.result.Result com.cofire.console.controller.system.JobLogController.queryJobLog(com.cofire.common.result.ParamItem,com.cofire.dao.model.system.QtzJobLog)
2019-12-25 10:47:59.324 INFO  --- [AbstractHandlerMethodMapping.java:549][main] - Mapped "{[/console/loginAudit/query],methods=[POST]}" onto public com.cofire.common.result.Result com.cofire.console.controller.system.LoginAuditController.queryLoginAudit(com.cofire.common.result.ParamItem,com.cofire.dao.model.system.SysLoginAudit)
2019-12-25 10:47:59.324 INFO  --- [AbstractHandlerMethodMapping.java:549][main] - Mapped "{[/console/login]}" onto public com.cofire.common.result.Result com.cofire.console.controller.system.LoginController.login(java.lang.String,java.lang.String,java.lang.String,java.lang.String)
2019-12-25 10:47:59.325 INFO  --- [AbstractHandlerMethodMapping.java:549][main] - Mapped "{[/console/loginOut]}" onto public com.cofire.common.result.Result com.cofire.console.controller.system.LoginController.loginOut(java.lang.String,java.lang.String)
2019-12-25 10:47:59.325 INFO  --- [AbstractHandlerMethodMapping.java:549][main] - Mapped "{[/console/operateAudit/query],methods=[POST]}" onto public com.cofire.common.result.Result com.cofire.console.controller.system.OperateAuditController.queryOperateAudit(com.cofire.common.result.ParamItem,com.cofire.dao.model.system.SysOperateAudit)
2019-12-25 10:47:59.326 INFO  --- [AbstractHandlerMethodMapping.java:549][main] - Mapped "{[/console/param/delete],methods=[POST]}" onto public com.cofire.common.result.Result com.cofire.console.controller.system.ParamController.deleteParam(com.cofire.dao.model.system.SysParam)
2019-12-25 10:47:59.326 INFO  --- [AbstractHandlerMethodMapping.java:549][main] - Mapped "{[/console/param/save],methods=[POST]}" onto public com.cofire.common.result.Result com.cofire.console.controller.system.ParamController.saveParam(java.lang.String,com.cofire.dao.model.system.SysParam)
2019-12-25 10:47:59.326 INFO  --- [AbstractHandlerMethodMapping.java:549][main] - Mapped "{[/console/param/query],methods=[POST]}" onto public com.cofire.common.result.Result com.cofire.console.controller.system.ParamController.queryParam(com.cofire.common.result.ParamItem,com.cofire.dao.model.system.SysParam)
2019-12-25 10:47:59.327 INFO  --- [AbstractHandlerMethodMapping.java:549][main] - Mapped "{[/console/resource/query],methods=[POST]}" onto public com.cofire.common.result.Result com.cofire.console.controller.system.ResourceController.queryResource()
2019-12-25 10:47:59.327 INFO  --- [AbstractHandlerMethodMapping.java:549][main] - Mapped "{[/console/resource/save],methods=[POST]}" onto public com.cofire.common.result.Result com.cofire.console.controller.system.ResourceController.saveResource(java.lang.String,com.cofire.dao.model.system.SysResource)
2019-12-25 10:47:59.327 INFO  --- [AbstractHandlerMethodMapping.java:549][main] - Mapped "{[/console/resource/delete],methods=[POST]}" onto public com.cofire.common.result.Result com.cofire.console.controller.system.ResourceController.deleteResource(com.cofire.dao.model.system.SysResource)
2019-12-25 10:47:59.328 INFO  --- [AbstractHandlerMethodMapping.java:549][main] - Mapped "{[/console/returnCode/query],methods=[POST]}" onto public com.cofire.common.result.Result com.cofire.console.controller.system.ReturnCodeController.queryReturnCode(com.cofire.common.result.ParamItem,com.cofire.dao.model.system.SysReturnCode)
2019-12-25 10:47:59.328 INFO  --- [AbstractHandlerMethodMapping.java:549][main] - Mapped "{[/console/returnCode/save],methods=[POST]}" onto public com.cofire.common.result.Result com.cofire.console.controller.system.ReturnCodeController.saveReturnCode(java.lang.String,com.cofire.dao.model.system.SysReturnCode)
2019-12-25 10:47:59.328 INFO  --- [AbstractHandlerMethodMapping.java:549][main] - Mapped "{[/console/returnCode/delete],methods=[POST]}" onto public com.cofire.common.result.Result com.cofire.console.controller.system.ReturnCodeController.deleteReturnCode(com.cofire.dao.model.system.SysReturnCode)
2019-12-25 10:47:59.329 INFO  --- [AbstractHandlerMethodMapping.java:549][main] - Mapped "{[/console/role/queryUserRoleList],methods=[POST]}" onto public com.cofire.common.result.Result com.cofire.console.controller.system.RoleController.queryUserRoleList(com.cofire.dao.model.system.SysUser)
2019-12-25 10:47:59.329 INFO  --- [AbstractHandlerMethodMapping.java:549][main] - Mapped "{[/console/role/save],methods=[POST]}" onto public com.cofire.common.result.Result com.cofire.console.controller.system.RoleController.saveRole(java.lang.String,com.cofire.dao.model.system.SysRole,java.lang.String)
2019-12-25 10:47:59.329 INFO  --- [AbstractHandlerMethodMapping.java:549][main] - Mapped "{[/console/role/delete],methods=[POST]}" onto public com.cofire.common.result.Result com.cofire.console.controller.system.RoleController.deleteRole(com.cofire.dao.model.system.SysRole)
2019-12-25 10:47:59.329 INFO  --- [AbstractHandlerMethodMapping.java:549][main] - Mapped "{[/console/role/query],methods=[POST]}" onto public com.cofire.common.result.Result com.cofire.console.controller.system.RoleController.queryRole(com.cofire.common.result.ParamItem,com.cofire.dao.model.system.SysRole)
2019-12-25 10:47:59.330 INFO  --- [AbstractHandlerMethodMapping.java:549][main] - Mapped "{[/console/role/getRoleTree],methods=[POST]}" onto public com.cofire.common.result.Result com.cofire.console.controller.system.RoleController.getRoleTree(java.lang.String)
2019-12-25 10:47:59.330 INFO  --- [AbstractHandlerMethodMapping.java:549][main] - Mapped "{[/console/user/restPassWord],methods=[POST]}" onto public com.cofire.common.result.Result com.cofire.console.controller.system.UserController.restPassWord(java.lang.String)
2019-12-25 10:47:59.331 INFO  --- [AbstractHandlerMethodMapping.java:549][main] - Mapped "{[/console/user/saveUserRole],methods=[POST]}" onto public com.cofire.common.result.Result com.cofire.console.controller.system.UserController.saveUserRole(java.lang.String,java.lang.String)
2019-12-25 10:47:59.331 INFO  --- [AbstractHandlerMethodMapping.java:549][main] - Mapped "{[/console/user/exportExcel]}" onto public void com.cofire.console.controller.system.UserController.exportExcel(com.cofire.dao.model.system.SysUser,javax.servlet.http.HttpServletResponse)
2019-12-25 10:47:59.331 INFO  --- [AbstractHandlerMethodMapping.java:549][main] - Mapped "{[/console/user/save],methods=[POST]}" onto public com.cofire.common.result.Result com.cofire.console.controller.system.UserController.saveUser(java.lang.String,com.cofire.dao.model.system.SysUser)
2019-12-25 10:47:59.331 INFO  --- [AbstractHandlerMethodMapping.java:549][main] - Mapped "{[/console/user/delete],methods=[POST]}" onto public com.cofire.common.result.Result com.cofire.console.controller.system.UserController.deleteUser(java.lang.String)
2019-12-25 10:47:59.332 INFO  --- [AbstractHandlerMethodMapping.java:549][main] - Mapped "{[/console/user/changePassWord],methods=[POST]}" onto public com.cofire.common.result.Result com.cofire.console.controller.system.UserController.changePassWord(java.lang.String,java.lang.String,java.lang.String)
2019-12-25 10:47:59.332 INFO  --- [AbstractHandlerMethodMapping.java:549][main] - Mapped "{[/console/user/query],methods=[POST]}" onto public com.cofire.common.result.Result com.cofire.console.controller.system.UserController.queryRole(com.cofire.common.result.ParamItem,com.cofire.dao.model.system.SysUser)
2019-12-25 10:47:59.335 INFO  --- [AbstractHandlerMethodMapping.java:549][main] - Mapped "{[/error]}" onto public org.springframework.http.ResponseEntity<java.util.Map<java.lang.String, java.lang.Object>> org.springframework.boot.autoconfigure.web.servlet.error.BasicErrorController.error(javax.servlet.http.HttpServletRequest)
2019-12-25 10:47:59.335 INFO  --- [AbstractHandlerMethodMapping.java:549][main] - Mapped "{[/error],produces=[text/html]}" onto public org.springframework.web.servlet.ModelAndView org.springframework.boot.autoconfigure.web.servlet.error.BasicErrorController.errorHtml(javax.servlet.http.HttpServletRequest,javax.servlet.http.HttpServletResponse)
2019-12-25 10:47:59.411 INFO  --- [AbstractUrlHandlerMapping.java:373][main] - Mapped URL path [/console/static/**] onto handler of type [class org.springframework.web.servlet.resource.ResourceHttpRequestHandler]
2019-12-25 10:47:59.411 INFO  --- [AbstractUrlHandlerMapping.java:373][main] - Mapped URL path [/ipad/static/**] onto handler of type [class org.springframework.web.servlet.resource.ResourceHttpRequestHandler]
2019-12-25 10:47:59.411 INFO  --- [AbstractUrlHandlerMapping.java:373][main] - Mapped URL path [/mobile/static/**] onto handler of type [class org.springframework.web.servlet.resource.ResourceHttpRequestHandler]
2019-12-25 10:47:59.526 INFO  --- [RequestMappingHandlerAdapter.java:588][main] - Looking for @ControllerAdvice: org.springframework.boot.web.servlet.context.AnnotationConfigServletWebServerApplicationContext@67304a40: startup date [Wed Dec 25 10:47:54 CST 2019]; root of context hierarchy
2019-12-25 10:47:59.668 INFO  --- [ExceptionHandlerExceptionResolver.java:288][main] - Detected @ExceptionHandler methods in controllerAdviceHandler
2019-12-25 10:48:00.682 INFO  --- [MBeanExporter.java:433][main] - Registering beans for JMX exposure on startup
2019-12-25 10:48:00.685 INFO  --- [MBeanExporter.java:895][main] - Bean with name 'dataSource' has been autodetected for JMX exposure
2019-12-25 10:48:00.695 INFO  --- [MBeanExporter.java:668][main] - Located MBean 'dataSource': registering with JMX server as MBean [com.zaxxer.hikari:name=dataSource,type=HikariDataSource]
2019-12-25 10:48:00.702 INFO  --- [DefaultLifecycleProcessor.java:356][main] - Starting beans in phase 2147483647
2019-12-25 10:48:00.714 INFO  --- [DirectJDKLog.java:180][main] - Starting ProtocolHandler ["http-nio-8048"]
2019-12-25 10:48:00.734 INFO  --- [DirectJDKLog.java:180][main] - Using a shared selector for servlet write/read
2019-12-25 10:48:00.762 INFO  --- [TomcatWebServer.java:206][main] - Tomcat started on port(s): 8048 (http) with context path '/cofire'
2019-12-25 10:48:00.768 INFO  --- [StartupInfoLogger.java:59][main] - Started Application in 6.887 seconds (JVM running for 8.402)
2019-12-25 10:57:10.651 INFO  --- [DirectJDKLog.java:180][http-nio-8048-exec-1] - Initializing Spring FrameworkServlet 'dispatcherServlet'
2019-12-25 10:57:10.672 INFO  --- [FrameworkServlet.java:494][http-nio-8048-exec-1] - FrameworkServlet 'dispatcherServlet': initialization started
2019-12-25 10:57:10.973 INFO  --- [FrameworkServlet.java:509][http-nio-8048-exec-1] - FrameworkServlet 'dispatcherServlet': initialization completed in 300 ms
2019-12-25 10:57:11.295 INFO  --- [LogAop.java:55][http-nio-8048-exec-2] - 调用前
2019-12-25 10:57:38.948 INFO  --- [LogAop.java:86][http-nio-8048-exec-2] - 接口说明：登录
2019-12-25 10:57:39.479 INFO  --- [LogAop.java:87][http-nio-8048-exec-2] - 接口参数：{passWord=637e2e97551576da3389137841e7d7d6, source=pc, userId=admin, operation=login}
2019-12-25 10:57:40.932 INFO  --- [LogAop.java:88][http-nio-8048-exec-2] - 请求用户id：
2019-12-25 10:57:41.671 INFO  --- [LogAop.java:89][http-nio-8048-exec-2] - 请求用户Session：
2019-12-25 10:57:42.201 INFO  --- [LogAop.java:90][http-nio-8048-exec-2] - 请求方法：com.cofire.console.controller.system.LoginController.login
2019-12-25 10:57:42.697 INFO  --- [LogAop.java:91][http-nio-8048-exec-2] - 请求Ip：0:0:0:0:0:0:0:1
2019-12-25 10:57:43.088 INFO  --- [LogAop.java:92][http-nio-8048-exec-2] - 请求URI：/cofire/console/login
2019-12-25 10:57:43.553 INFO  --- [LogAop.java:93][http-nio-8048-exec-2] - 请求类型：login
2019-12-25 10:57:45.159 INFO  --- [LogAop.java:94][http-nio-8048-exec-2] - 操作来源：pc
2019-12-25 10:58:04.821 INFO  --- [LoginServiceImpl.java:57][http-nio-8048-exec-2] - 登录成功！
2019-12-25 10:58:22.205 INFO  --- [AbstractApplicationContext.java:993][Thread-22] - Closing org.springframework.boot.web.servlet.context.AnnotationConfigServletWebServerApplicationContext@67304a40: startup date [Wed Dec 25 10:47:54 CST 2019]; root of context hierarchy
2019-12-25 10:58:22.228 INFO  --- [DefaultLifecycleProcessor.java:369][Thread-22] - Stopping beans in phase 2147483647
2019-12-25 10:58:22.232 INFO  --- [QuartzScheduler.java:585][Thread-22] - Scheduler quartzScheduler_$_NON_CLUSTERED paused.
2019-12-25 10:58:22.256 INFO  --- [MBeanExporter.java:451][Thread-22] - Unregistering JMX-exposed beans on shutdown
2019-12-25 10:58:22.261 INFO  --- [MBeanRegistrationSupport.java:185][Thread-22] - Unregistering JMX-exposed beans
2019-12-25 10:58:22.272 INFO  --- [SchedulerFactoryBean.java:830][Thread-22] - Shutting down Quartz Scheduler
2019-12-25 10:58:22.273 INFO  --- [QuartzScheduler.java:666][Thread-22] - Scheduler quartzScheduler_$_NON_CLUSTERED shutting down.
2019-12-25 10:58:22.273 INFO  --- [QuartzScheduler.java:585][Thread-22] - Scheduler quartzScheduler_$_NON_CLUSTERED paused.
2019-12-25 10:58:22.276 INFO  --- [QuartzScheduler.java:740][Thread-22] - Scheduler quartzScheduler_$_NON_CLUSTERED shutdown complete.
2019-12-25 10:58:22.285 INFO  --- [HikariDataSource.java:381][Thread-22] - HikariPool-1 - Shutdown initiated...
2019-12-25 10:58:22.315 INFO  --- [HikariDataSource.java:383][Thread-22] - HikariPool-1 - Shutdown completed.
2019-12-25 10:58:23.286 INFO  --- [SystemInitListener.java:46][localhost-startStop-2] - 开始关闭Quartz
2019-12-25 10:58:23.286 INFO  --- [SystemInitListener.java:48][localhost-startStop-2] - Quartz已关闭
