2019-12-05 16:03:36.383 INFO  --- [StartupInfoLogger.java:50][main] - Starting Application on DESKTOP-TL9S3KD with PID 3944 (D:\liying\github\cofire\cofire\console\target\classes started by ThinkPad in D:\liying\github\cofire\cofire)
2019-12-05 16:03:36.387 INFO  --- [SpringApplication.java:680][main] - No active profile set, falling back to default profiles: default
2019-12-05 16:03:36.435 INFO  --- [AbstractApplicationContext.java:590][main] - Refreshing org.springframework.boot.web.servlet.context.AnnotationConfigServletWebServerApplicationContext@2a798d51: startup date [Thu Dec 05 16:03:36 CST 2019]; root of context hierarchy
2019-12-05 16:03:36.971 INFO  --- [XmlBeanDefinitionReader.java:317][main] - Loading XML bean definitions from class path resource [application-bean.xml]
2019-12-05 16:03:37.403 INFO  --- [PostProcessorRegistrationDelegate.java:326][main] - Bean 'shiroConfiguration' of type [com.cofire.shiro.config.ShiroConfiguration$$EnhancerBySpringCGLIB$$d3bb0c23] is not eligible for getting processed by all BeanPostProcessors (for example: not eligible for auto-proxying)
2019-12-05 16:03:37.583 INFO  --- [PostProcessorRegistrationDelegate.java:326][main] - Bean 'org.springframework.boot.context.properties.ConversionServiceDeducer$Factory' of type [org.springframework.boot.context.properties.ConversionServiceDeducer$Factory] is not eligible for getting processed by all BeanPostProcessors (for example: not eligible for auto-proxying)
2019-12-05 16:03:37.642 INFO  --- [PostProcessorRegistrationDelegate.java:326][main] - Bean 'mybatis-org.mybatis.spring.boot.autoconfigure.MybatisProperties' of type [org.mybatis.spring.boot.autoconfigure.MybatisProperties] is not eligible for getting processed by all BeanPostProcessors (for example: not eligible for auto-proxying)
2019-12-05 16:03:37.651 INFO  --- [PostProcessorRegistrationDelegate.java:326][main] - Bean 'org.mybatis.spring.boot.autoconfigure.MybatisAutoConfiguration' of type [org.mybatis.spring.boot.autoconfigure.MybatisAutoConfiguration$$EnhancerBySpringCGLIB$$3fd69179] is not eligible for getting processed by all BeanPostProcessors (for example: not eligible for auto-proxying)
2019-12-05 16:03:37.654 INFO  --- [PostProcessorRegistrationDelegate.java:326][main] - Bean 'org.springframework.boot.autoconfigure.jdbc.DataSourceConfiguration$Hikari' of type [org.springframework.boot.autoconfigure.jdbc.DataSourceConfiguration$Hikari] is not eligible for getting processed by all BeanPostProcessors (for example: not eligible for auto-proxying)
2019-12-05 16:03:37.664 INFO  --- [PostProcessorRegistrationDelegate.java:326][main] - Bean 'spring.datasource-org.springframework.boot.autoconfigure.jdbc.DataSourceProperties' of type [org.springframework.boot.autoconfigure.jdbc.DataSourceProperties] is not eligible for getting processed by all BeanPostProcessors (for example: not eligible for auto-proxying)
2019-12-05 16:03:37.718 INFO  --- [PostProcessorRegistrationDelegate.java:326][main] - Bean 'dataSource' of type [com.zaxxer.hikari.HikariDataSource] is not eligible for getting processed by all BeanPostProcessors (for example: not eligible for auto-proxying)
2019-12-05 16:03:38.072 INFO  --- [PostProcessorRegistrationDelegate.java:326][main] - Bean 'sqlSessionFactory' of type [org.apache.ibatis.session.defaults.DefaultSqlSessionFactory] is not eligible for getting processed by all BeanPostProcessors (for example: not eligible for auto-proxying)
2019-12-05 16:03:38.080 INFO  --- [PostProcessorRegistrationDelegate.java:326][main] - Bean 'sqlSessionTemplate' of type [org.mybatis.spring.SqlSessionTemplate] is not eligible for getting processed by all BeanPostProcessors (for example: not eligible for auto-proxying)
2019-12-05 16:03:38.081 INFO  --- [PostProcessorRegistrationDelegate.java:326][main] - Bean 'sysUserMapper' of type [org.mybatis.spring.mapper.MapperFactoryBean] is not eligible for getting processed by all BeanPostProcessors (for example: not eligible for auto-proxying)
2019-12-05 16:03:38.083 INFO  --- [PostProcessorRegistrationDelegate.java:326][main] - Bean 'sysUserMapper' of type [com.sun.proxy.$Proxy57] is not eligible for getting processed by all BeanPostProcessors (for example: not eligible for auto-proxying)
2019-12-05 16:03:38.086 INFO  --- [PostProcessorRegistrationDelegate.java:326][main] - Bean 'userPermissionCustomMapper' of type [org.mybatis.spring.mapper.MapperFactoryBean] is not eligible for getting processed by all BeanPostProcessors (for example: not eligible for auto-proxying)
2019-12-05 16:03:38.087 INFO  --- [PostProcessorRegistrationDelegate.java:326][main] - Bean 'userPermissionCustomMapper' of type [com.sun.proxy.$Proxy58] is not eligible for getting processed by all BeanPostProcessors (for example: not eligible for auto-proxying)
2019-12-05 16:03:38.088 INFO  --- [PostProcessorRegistrationDelegate.java:326][main] - Bean 'userPermissionServiceImpl' of type [com.cofire.shiro.service.impl.UserPermissionServiceImpl] is not eligible for getting processed by all BeanPostProcessors (for example: not eligible for auto-proxying)
2019-12-05 16:03:38.088 INFO  --- [PostProcessorRegistrationDelegate.java:326][main] - Bean 'userRealm' of type [com.cofire.shiro.config.UserRealm] is not eligible for getting processed by all BeanPostProcessors (for example: not eligible for auto-proxying)
2019-12-05 16:03:38.101 INFO  --- [PostProcessorRegistrationDelegate.java:326][main] - Bean 'securityManager' of type [org.apache.shiro.web.mgt.DefaultWebSecurityManager] is not eligible for getting processed by all BeanPostProcessors (for example: not eligible for auto-proxying)
2019-12-05 16:03:38.163 INFO  --- [PostProcessorRegistrationDelegate.java:326][main] - Bean 'authorizationAttributeSourceAdvisor' of type [org.apache.shiro.spring.security.interceptor.AuthorizationAttributeSourceAdvisor] is not eligible for getting processed by all BeanPostProcessors (for example: not eligible for auto-proxying)
2019-12-05 16:03:38.207 INFO  --- [PostProcessorRegistrationDelegate.java:326][main] - Bean 'org.springframework.transaction.annotation.ProxyTransactionManagementConfiguration' of type [org.springframework.transaction.annotation.ProxyTransactionManagementConfiguration$$EnhancerBySpringCGLIB$$d024049] is not eligible for getting processed by all BeanPostProcessors (for example: not eligible for auto-proxying)
2019-12-05 16:03:38.778 INFO  --- [TomcatWebServer.java:91][main] - Tomcat initialized with port(s): 8080 (http)
2019-12-05 16:03:38.789 INFO  --- [DirectJDKLog.java:180][main] - Initializing ProtocolHandler ["http-nio-8080"]
2019-12-05 16:03:38.800 INFO  --- [DirectJDKLog.java:180][main] - Starting service [Tomcat]
2019-12-05 16:03:38.800 INFO  --- [DirectJDKLog.java:180][main] - Starting Servlet Engine: Apache Tomcat/8.5.34
2019-12-05 16:03:38.803 INFO  --- [DirectJDKLog.java:180][localhost-startStop-1] - The APR based Apache Tomcat Native library which allows optimal performance in production environments was not found on the java.library.path: [D:\Program Files\Java\jdk1.8.0_101\bin;C:\WINDOWS\Sun\Java\bin;C:\WINDOWS\system32;C:\WINDOWS;C:\Python27\;C:\Python27\Scripts;D:\app\oracle\product\11.2.0\dbhome_1\bin;D:\Program Files (x86)\NetSarang\Xftp 6\;D:\Program Files (x86)\NetSarang\Xshell 6\;D:\Program Files\python3\Scripts\;D:\Program Files\python3\;C:\ProgramData\Oracle\Java\javapath;C:\WINDOWS\system32;C:\WINDOWS;C:\WINDOWS\System32\Wbem;C:\WINDOWS\System32\WindowsPowerShell\v1.0\;D:\Program Files\apache-maven-3.6.0\bin;D:\Program Files\Git\cmd;D:\Program Files\Microsoft SQL Server\120\DTS\Binn\;D:\Program Files\Microsoft SQL Server\Client SDK\ODBC\110\Tools\Binn\;D:\Program Files (x86)\Microsoft SQL Server\120\Tools\Binn\;D:\Program Files\Microsoft SQL Server\120\Tools\Binn\;D:\Program Files (x86)\Microsoft SQL Server\120\Tools\Binn\ManagementStudio\;D:\Program Files (x86)\Microsoft SQL Server\120\DTS\Binn\;C:\Program Files\MySQL\MySQL Utilities 1.6\;C:\Program Files\MySQL\MySQL Server 5.7\bin;D:\Program Files\Java\jdk1.8.0_101\bin;D:\Program Files\Java\jdk1.8.0_101\jre\bin;D:\Program Files (x86)\sdk\android\platform-tools;D:\Program Files (x86)\sdk\android\tools;D:\Program Files\gradle-5.2.1\bin;C:\WINDOWS\System32\OpenSSH\;D:\Program Files (x86)\PostgreSQL\bin;C:\Program Files\Intel\WiFi\bin\;C:\Program Files\Common Files\Intel\WirelessCommon\;C:\Program Files (x86)\Microsoft SQL Server\100\Tools\Binn\;C:\Program Files\Microsoft SQL Server\100\Tools\Binn\;C:\Program Files\Microsoft SQL Server\100\DTS\Binn\;C:\Program Files (x86)\Microsoft ASP.NET\ASP.NET Web Pages\v1.0\;D:\Program Files\nodejs\;C:\ProgramData\chocolatey\bin;D:\Program Files\Redis-x64-3.2.100;D:\Program Files\TortoiseSVN\bin;C:\Users\ThinkPad\AppData\Local\Microsoft\WindowsApps;;D:\Program Files\Microsoft VS Code\bin;C:\Users\ThinkPad\AppData\Roaming\npm;.]
2019-12-05 16:03:38.935 INFO  --- [DirectJDKLog.java:180][localhost-startStop-1] - Initializing Spring embedded WebApplicationContext
2019-12-05 16:03:38.935 INFO  --- [ServletWebServerApplicationContext.java:285][localhost-startStop-1] - Root WebApplicationContext: initialization completed in 2500 ms
2019-12-05 16:03:39.076 INFO  --- [AbstractFilterRegistrationBean.java:245][localhost-startStop-1] - Mapping filter: 'corsFilter' to: [/*]
2019-12-05 16:03:39.076 INFO  --- [AbstractFilterRegistrationBean.java:245][localhost-startStop-1] - Mapping filter: 'characterEncodingFilter' to: [/*]
2019-12-05 16:03:39.076 INFO  --- [AbstractFilterRegistrationBean.java:245][localhost-startStop-1] - Mapping filter: 'delegatingFilterProxy' to: [/*]
2019-12-05 16:03:39.076 INFO  --- [AbstractFilterRegistrationBean.java:245][localhost-startStop-1] - Mapping filter: 'shiroFilter' to: [/*]
2019-12-05 16:03:39.077 INFO  --- [ServletRegistrationBean.java:187][localhost-startStop-1] - Servlet dispatcherServlet mapped to [/]
2019-12-05 16:03:39.096 INFO  --- [SystemInitListener.java:34][localhost-startStop-1] - 正在初始化全局变量
2019-12-05 16:03:39.101 INFO  --- [SystemService.java:49][localhost-startStop-1] - 正在初始化系统参数
2019-12-05 16:03:39.112 INFO  --- [HikariDataSource.java:110][localhost-startStop-1] - HikariPool-1 - Starting...
2019-12-05 16:03:39.346 INFO  --- [HikariDataSource.java:123][localhost-startStop-1] - HikariPool-1 - Start completed.
2019-12-05 16:03:39.353 DEBUG --- [BaseJdbcLogger.java:159][localhost-startStop-1] - ==>  Preparing: SELECT concat(group_id, '|', param_id) AS pk_id, group_id, param_id, param_value, param_name, remark FROM sys_param 
2019-12-05 16:03:39.369 DEBUG --- [BaseJdbcLogger.java:159][localhost-startStop-1] - ==> Parameters: 
2019-12-05 16:03:39.409 DEBUG --- [BaseJdbcLogger.java:159][localhost-startStop-1] - <==      Total: 2
2019-12-05 16:03:39.415 INFO  --- [SystemService.java:55][localhost-startStop-1] - 系统参数：{0001|12={param_value=12, pk_id=0001|12, group_id=0001, param_name=1221124, param_id=12}, 0001|13={param_value=13, pk_id=0001|13, group_id=0001, param_name=31, param_id=13}}
2019-12-05 16:03:39.415 INFO  --- [SystemService.java:65][localhost-startStop-1] - 初始化系统参数完成
2019-12-05 16:03:39.415 INFO  --- [SystemService.java:75][localhost-startStop-1] - 正在初始化数据字典
2019-12-05 16:03:39.415 DEBUG --- [BaseJdbcLogger.java:159][localhost-startStop-1] - ==>  Preparing: SELECT concat(group_id, '|', dict_value) AS pk_id, group_id, dict_value, dict_name_cn, dict_name_en, group_name FROM sys_dict 
2019-12-05 16:03:39.416 DEBUG --- [BaseJdbcLogger.java:159][localhost-startStop-1] - ==> Parameters: 
2019-12-05 16:03:39.424 DEBUG --- [BaseJdbcLogger.java:159][localhost-startStop-1] - <==      Total: 17
2019-12-05 16:03:39.424 INFO  --- [SystemService.java:84][localhost-startStop-1] - 数据字典列表：：{0007|export={pk_id=0007|export, group_id=0007, group_name=操作类型, dict_value=export, dict_name_en=export, dict_name_cn=导出}, 0007|add={pk_id=0007|add, group_id=0007, group_name=操作类型, dict_value=add, dict_name_en=add, dict_name_cn=新增}, 0007|query={pk_id=0007|query, group_id=0007, group_name=操作类型, dict_value=query, dict_name_en=query, dict_name_cn=查询}, 0007|delete={pk_id=0007|delete, group_id=0007, group_name=操作类型, dict_value=delete, dict_name_en=delete, dict_name_cn=删除}, 0007|upload={pk_id=0007|upload, group_id=0007, group_name=操作类型, dict_value=upload, dict_name_en=upload, dict_name_cn=上传}, 0002|1={pk_id=0002|1, group_id=0002, group_name=登录登出类型, dict_value=1, dict_name_en=SignOut, dict_name_cn=登出}, 0003|0={pk_id=0003|0, group_id=0003, group_name=是否可删除, dict_value=0, dict_name_en=False, dict_name_cn=否}, 0001|1={pk_id=0001|1, group_id=0001, group_name=是否可用, dict_value=1, dict_name_en=Ture, dict_name_cn=是}, 0002|0={pk_id=0002|0, group_id=0002, group_name=登录登出类型, dict_value=0, dict_name_en=SignIn, dict_name_cn=登录}, 0001|0={pk_id=0001|0, group_id=0001, group_name=是否可用, dict_value=0, dict_name_en=False, dict_name_cn=否}, 0005|pc={pk_id=0005|pc, group_id=0005, group_name=来源类型, dict_value=pc, dict_name_en=PC, dict_name_cn=PC端}, 0006|1={pk_id=0006|1, group_id=0006, group_name=是否叶节点, dict_value=1, dict_name_en=True, dict_name_cn=是}, 0006|0={pk_id=0006|0, group_id=0006, group_name=是否叶节点, dict_value=0, dict_name_en=False, dict_name_cn=否}, 0004|1={pk_id=0004|1, group_id=0004, group_name=是否成功, dict_value=1, dict_name_en=True, dict_name_cn=是}, 0003|1={pk_id=0003|1, group_id=0003, group_name=是否可删除, dict_value=1, dict_name_en=True, dict_name_cn=是}, 0004|0={pk_id=0004|0, group_id=0004, group_name=是否成功, dict_value=0, dict_name_en=False, dict_name_cn=否}, 0007|update={pk_id=0007|update, group_id=0007, group_name=操作类型, dict_value=update, dict_name_en=update, dict_name_cn=修改}}
2019-12-05 16:03:39.424 INFO  --- [SystemService.java:85][localhost-startStop-1] - 数据字典分组：：{0006=[{pk_id=0006|0, group_id=0006, group_name=是否叶节点, dict_value=0, dict_name_en=False, dict_name_cn=否}, {pk_id=0006|1, group_id=0006, group_name=是否叶节点, dict_value=1, dict_name_en=True, dict_name_cn=是}], 0007=[{pk_id=0007|add, group_id=0007, group_name=操作类型, dict_value=add, dict_name_en=add, dict_name_cn=新增}, {pk_id=0007|delete, group_id=0007, group_name=操作类型, dict_value=delete, dict_name_en=delete, dict_name_cn=删除}, {pk_id=0007|export, group_id=0007, group_name=操作类型, dict_value=export, dict_name_en=export, dict_name_cn=导出}, {pk_id=0007|query, group_id=0007, group_name=操作类型, dict_value=query, dict_name_en=query, dict_name_cn=查询}, {pk_id=0007|update, group_id=0007, group_name=操作类型, dict_value=update, dict_name_en=update, dict_name_cn=修改}, {pk_id=0007|upload, group_id=0007, group_name=操作类型, dict_value=upload, dict_name_en=upload, dict_name_cn=上传}], 0004=[{pk_id=0004|0, group_id=0004, group_name=是否成功, dict_value=0, dict_name_en=False, dict_name_cn=否}, {pk_id=0004|1, group_id=0004, group_name=是否成功, dict_value=1, dict_name_en=True, dict_name_cn=是}], 0005=[{pk_id=0005|pc, group_id=0005, group_name=来源类型, dict_value=pc, dict_name_en=PC, dict_name_cn=PC端}], 0002=[{pk_id=0002|0, group_id=0002, group_name=登录登出类型, dict_value=0, dict_name_en=SignIn, dict_name_cn=登录}, {pk_id=0002|1, group_id=0002, group_name=登录登出类型, dict_value=1, dict_name_en=SignOut, dict_name_cn=登出}], 0003=[{pk_id=0003|0, group_id=0003, group_name=是否可删除, dict_value=0, dict_name_en=False, dict_name_cn=否}, {pk_id=0003|1, group_id=0003, group_name=是否可删除, dict_value=1, dict_name_en=True, dict_name_cn=是}], 0001=[{pk_id=0001|0, group_id=0001, group_name=是否可用, dict_value=0, dict_name_en=False, dict_name_cn=否}, {pk_id=0001|1, group_id=0001, group_name=是否可用, dict_value=1, dict_name_en=Ture, dict_name_cn=是}]}
2019-12-05 16:03:39.424 INFO  --- [SystemService.java:94][localhost-startStop-1] - 初始化数据字典完成
2019-12-05 16:03:39.425 INFO  --- [SystemService.java:106][localhost-startStop-1] - 正在初始化返回码
2019-12-05 16:03:39.425 INFO  --- [SystemService.java:108][localhost-startStop-1] - 初始化返回码完成
2019-12-05 16:03:39.526 INFO  --- [StdSchedulerFactory.java:1208][localhost-startStop-1] - Using default implementation for ThreadExecutor
2019-12-05 16:03:39.543 INFO  --- [SchedulerSignalerImpl.java:61][localhost-startStop-1] - Initialized Scheduler Signaller of type: class org.quartz.core.SchedulerSignalerImpl
2019-12-05 16:03:39.543 INFO  --- [QuartzScheduler.java:229][localhost-startStop-1] - Quartz Scheduler v.2.3.0 created.
2019-12-05 16:03:39.545 INFO  --- [RAMJobStore.java:155][localhost-startStop-1] - RAMJobStore initialized.
2019-12-05 16:03:39.546 INFO  --- [QuartzScheduler.java:294][localhost-startStop-1] - Scheduler meta-data: Quartz Scheduler (v2.3.0) 'quartzScheduler' with instanceId 'NON_CLUSTERED'
  Scheduler class: 'org.quartz.core.QuartzScheduler' - running locally.
  NOT STARTED.
  Currently in standby mode.
  Number of jobs executed: 0
  Using thread pool 'org.quartz.simpl.SimpleThreadPool' - with 10 threads.
  Using job-store 'org.quartz.simpl.RAMJobStore' - which does not support persistence. and is not clustered.

2019-12-05 16:03:39.547 INFO  --- [StdSchedulerFactory.java:1362][localhost-startStop-1] - Quartz scheduler 'quartzScheduler' initialized from an externally provided properties instance.
2019-12-05 16:03:39.547 INFO  --- [StdSchedulerFactory.java:1366][localhost-startStop-1] - Quartz scheduler version: 2.3.0
2019-12-05 16:03:39.548 INFO  --- [QuartzScheduler.java:2287][localhost-startStop-1] - JobFactory set to: org.springframework.boot.autoconfigure.quartz.AutowireCapableBeanJobFactory@3cb68f18
2019-12-05 16:03:39.574 INFO  --- [QuartzJobConfig.java:37][localhost-startStop-1] - 准备注册定时任务
2019-12-05 16:03:39.606 DEBUG --- [BaseJdbcLogger.java:159][localhost-startStop-1] - ==>  Preparing: select 'true' as QUERYID, job_id, job_name, job_desc, year, month, day, week, hour, minute, second, is_del, modifier, modify_time, param1, param2, param3, param4, param5 from qtz_job WHERE ( is_del = ? ) 
2019-12-05 16:03:39.608 DEBUG --- [BaseJdbcLogger.java:159][localhost-startStop-1] - ==> Parameters: 0(String)
2019-12-05 16:03:39.612 DEBUG --- [BaseJdbcLogger.java:159][localhost-startStop-1] - <==      Total: 0
2019-12-05 16:03:39.612 INFO  --- [QuartzJobConfig.java:42][localhost-startStop-1] - 总共有0个定时任务
2019-12-05 16:03:39.613 INFO  --- [QuartzScheduler.java:547][localhost-startStop-1] - Scheduler quartzScheduler_$_NON_CLUSTERED started.
2019-12-05 16:03:39.613 INFO  --- [QuartzJobConfig.java:62][localhost-startStop-1] - Quartz任务注册成功
2019-12-05 16:03:39.613 INFO  --- [SystemInitListener.java:36][localhost-startStop-1] - 初始化全局变量完成
2019-12-05 16:03:40.118 INFO  --- [AbstractHandlerMethodMapping.java:549][main] - Mapped "{[/console/api/test]}" onto public com.cofire.common.result.Result com.cofire.console.controller.api.JsonApiController.test(com.cofire.console.controller.api.Person)
2019-12-05 16:03:40.119 INFO  --- [AbstractHandlerMethodMapping.java:549][main] - Mapped "{[/console/api/test2]}" onto public com.cofire.common.result.Result com.cofire.console.controller.api.JsonApiController.test(java.lang.Object)
2019-12-05 16:03:40.120 INFO  --- [AbstractHandlerMethodMapping.java:549][main] - Mapped "{[/getDictByGroup]}" onto public com.cofire.common.result.Result com.cofire.console.controller.base.BaseController.getDictByGroup(java.lang.String)
2019-12-05 16:03:40.121 INFO  --- [AbstractHandlerMethodMapping.java:549][main] - Mapped "{[/getUserDetail]}" onto public com.cofire.common.result.Result com.cofire.console.controller.base.BaseController.getUserDetail(javax.servlet.http.HttpServletRequest)
2019-12-05 16:03:40.121 INFO  --- [AbstractHandlerMethodMapping.java:549][main] - Mapped "{[/console]}" onto public java.lang.String com.cofire.console.controller.base.BasePageController.console()
2019-12-05 16:03:40.121 INFO  --- [AbstractHandlerMethodMapping.java:549][main] - Mapped "{[/ipad]}" onto public java.lang.String com.cofire.console.controller.base.BasePageController.ipad()
2019-12-05 16:03:40.122 INFO  --- [AbstractHandlerMethodMapping.java:549][main] - Mapped "{[/mobile]}" onto public java.lang.String com.cofire.console.controller.base.BasePageController.mobile()
2019-12-05 16:03:40.123 INFO  --- [AbstractHandlerMethodMapping.java:549][main] - Mapped "{[/error/sessionTimeOut]}" onto public com.cofire.common.result.Result com.cofire.console.controller.base.ErrorController.sessionTimeOut()
2019-12-05 16:03:40.124 INFO  --- [AbstractHandlerMethodMapping.java:549][main] - Mapped "{[/error/exportError]}" onto public com.cofire.common.result.Result com.cofire.console.controller.base.ErrorController.exportError()
2019-12-05 16:03:40.125 INFO  --- [AbstractHandlerMethodMapping.java:549][main] - Mapped "{[/error/unauth]}" onto public com.cofire.common.result.Result com.cofire.console.controller.base.ErrorController.unauth()
2019-12-05 16:03:40.126 INFO  --- [AbstractHandlerMethodMapping.java:549][main] - Mapped "{[/image/],produces=[image/jpeg]}" onto public byte[] com.cofire.console.controller.base.ImageController.getImage(java.lang.String) throws java.io.FileNotFoundException,java.io.IOException
2019-12-05 16:03:40.127 INFO  --- [AbstractHandlerMethodMapping.java:549][main] - Mapped "{[/image/upload]}" onto public com.cofire.common.result.Result com.cofire.console.controller.base.ImageController.imgUpload(javax.servlet.http.HttpServletRequest,org.springframework.web.multipart.MultipartFile)
2019-12-05 16:03:40.127 INFO  --- [AbstractHandlerMethodMapping.java:549][main] - Mapped "{[/console/dict/delete],methods=[POST]}" onto public com.cofire.common.result.Result com.cofire.console.controller.system.DictController.deleteDict(com.cofire.dao.model.system.SysDict)
2019-12-05 16:03:40.128 INFO  --- [AbstractHandlerMethodMapping.java:549][main] - Mapped "{[/console/dict/query],methods=[POST]}" onto public com.cofire.common.result.Result com.cofire.console.controller.system.DictController.queryDict(com.cofire.common.result.ParamItem,com.cofire.dao.model.system.SysDict)
2019-12-05 16:03:40.128 INFO  --- [AbstractHandlerMethodMapping.java:549][main] - Mapped "{[/console/dict/save],methods=[POST]}" onto public com.cofire.common.result.Result com.cofire.console.controller.system.DictController.saveDict(java.lang.String,com.cofire.dao.model.system.SysDict)
2019-12-05 16:03:40.129 INFO  --- [AbstractHandlerMethodMapping.java:549][main] - Mapped "{[/console/job/delete],methods=[POST]}" onto public com.cofire.common.result.Result com.cofire.console.controller.system.JobController.deleteJob(com.cofire.dao.model.system.QtzJob)
2019-12-05 16:03:40.129 INFO  --- [AbstractHandlerMethodMapping.java:549][main] - Mapped "{[/console/job/query],methods=[POST]}" onto public com.cofire.common.result.Result com.cofire.console.controller.system.JobController.queryJob(com.cofire.common.result.ParamItem,com.cofire.dao.model.system.QtzJob)
2019-12-05 16:03:40.130 INFO  --- [AbstractHandlerMethodMapping.java:549][main] - Mapped "{[/console/job/save],methods=[POST]}" onto public com.cofire.common.result.Result com.cofire.console.controller.system.JobController.saveJob(java.lang.String,com.cofire.dao.model.system.QtzJob)
2019-12-05 16:03:40.130 INFO  --- [AbstractHandlerMethodMapping.java:549][main] - Mapped "{[/console/jobLog/query],methods=[POST]}" onto public com.cofire.common.result.Result com.cofire.console.controller.system.JobLogController.queryJobLog(com.cofire.common.result.ParamItem,com.cofire.dao.model.system.QtzJobLog)
2019-12-05 16:03:40.131 INFO  --- [AbstractHandlerMethodMapping.java:549][main] - Mapped "{[/console/loginAudit/query],methods=[POST]}" onto public com.cofire.common.result.Result com.cofire.console.controller.system.LoginAuditController.queryLoginAudit(com.cofire.common.result.ParamItem,com.cofire.dao.model.system.SysLoginAudit)
2019-12-05 16:03:40.131 INFO  --- [AbstractHandlerMethodMapping.java:549][main] - Mapped "{[/console/login]}" onto public com.cofire.common.result.Result com.cofire.console.controller.system.LoginController.login(java.lang.String,java.lang.String,java.lang.String,java.lang.String)
2019-12-05 16:03:40.132 INFO  --- [AbstractHandlerMethodMapping.java:549][main] - Mapped "{[/console/loginOut]}" onto public com.cofire.common.result.Result com.cofire.console.controller.system.LoginController.loginOut(java.lang.String,java.lang.String)
2019-12-05 16:03:40.132 INFO  --- [AbstractHandlerMethodMapping.java:549][main] - Mapped "{[/console/operateAudit/query],methods=[POST]}" onto public com.cofire.common.result.Result com.cofire.console.controller.system.OperateAuditController.queryOperateAudit(com.cofire.common.result.ParamItem,com.cofire.dao.model.system.SysOperateAudit)
2019-12-05 16:03:40.133 INFO  --- [AbstractHandlerMethodMapping.java:549][main] - Mapped "{[/console/param/query],methods=[POST]}" onto public com.cofire.common.result.Result com.cofire.console.controller.system.ParamController.queryParam(com.cofire.common.result.ParamItem,com.cofire.dao.model.system.SysParam)
2019-12-05 16:03:40.134 INFO  --- [AbstractHandlerMethodMapping.java:549][main] - Mapped "{[/console/param/save],methods=[POST]}" onto public com.cofire.common.result.Result com.cofire.console.controller.system.ParamController.saveParam(java.lang.String,com.cofire.dao.model.system.SysParam)
2019-12-05 16:03:40.134 INFO  --- [AbstractHandlerMethodMapping.java:549][main] - Mapped "{[/console/param/delete],methods=[POST]}" onto public com.cofire.common.result.Result com.cofire.console.controller.system.ParamController.deleteParam(com.cofire.dao.model.system.SysParam)
2019-12-05 16:03:40.135 INFO  --- [AbstractHandlerMethodMapping.java:549][main] - Mapped "{[/console/resource/delete],methods=[POST]}" onto public com.cofire.common.result.Result com.cofire.console.controller.system.ResourceController.deleteResource(com.cofire.dao.model.system.SysResource)
2019-12-05 16:03:40.135 INFO  --- [AbstractHandlerMethodMapping.java:549][main] - Mapped "{[/console/resource/query],methods=[POST]}" onto public com.cofire.common.result.Result com.cofire.console.controller.system.ResourceController.queryResource()
2019-12-05 16:03:40.135 INFO  --- [AbstractHandlerMethodMapping.java:549][main] - Mapped "{[/console/resource/save],methods=[POST]}" onto public com.cofire.common.result.Result com.cofire.console.controller.system.ResourceController.saveResource(java.lang.String,com.cofire.dao.model.system.SysResource)
2019-12-05 16:03:40.136 INFO  --- [AbstractHandlerMethodMapping.java:549][main] - Mapped "{[/console/returnCode/query],methods=[POST]}" onto public com.cofire.common.result.Result com.cofire.console.controller.system.ReturnCodeController.queryReturnCode(com.cofire.common.result.ParamItem,com.cofire.dao.model.system.SysReturnCode)
2019-12-05 16:03:40.136 INFO  --- [AbstractHandlerMethodMapping.java:549][main] - Mapped "{[/console/returnCode/delete],methods=[POST]}" onto public com.cofire.common.result.Result com.cofire.console.controller.system.ReturnCodeController.deleteReturnCode(com.cofire.dao.model.system.SysReturnCode)
2019-12-05 16:03:40.137 INFO  --- [AbstractHandlerMethodMapping.java:549][main] - Mapped "{[/console/returnCode/save],methods=[POST]}" onto public com.cofire.common.result.Result com.cofire.console.controller.system.ReturnCodeController.saveReturnCode(java.lang.String,com.cofire.dao.model.system.SysReturnCode)
2019-12-05 16:03:40.138 INFO  --- [AbstractHandlerMethodMapping.java:549][main] - Mapped "{[/console/role/delete],methods=[POST]}" onto public com.cofire.common.result.Result com.cofire.console.controller.system.RoleController.deleteRole(com.cofire.dao.model.system.SysRole)
2019-12-05 16:03:40.138 INFO  --- [AbstractHandlerMethodMapping.java:549][main] - Mapped "{[/console/role/getRoleTree],methods=[POST]}" onto public com.cofire.common.result.Result com.cofire.console.controller.system.RoleController.getRoleTree(java.lang.String)
2019-12-05 16:03:40.138 INFO  --- [AbstractHandlerMethodMapping.java:549][main] - Mapped "{[/console/role/query],methods=[POST]}" onto public com.cofire.common.result.Result com.cofire.console.controller.system.RoleController.queryRole(com.cofire.common.result.ParamItem,com.cofire.dao.model.system.SysRole)
2019-12-05 16:03:40.139 INFO  --- [AbstractHandlerMethodMapping.java:549][main] - Mapped "{[/console/role/save],methods=[POST]}" onto public com.cofire.common.result.Result com.cofire.console.controller.system.RoleController.saveRole(java.lang.String,com.cofire.dao.model.system.SysRole,java.lang.String)
2019-12-05 16:03:40.139 INFO  --- [AbstractHandlerMethodMapping.java:549][main] - Mapped "{[/console/role/queryUserRoleList],methods=[POST]}" onto public com.cofire.common.result.Result com.cofire.console.controller.system.RoleController.queryUserRoleList(com.cofire.dao.model.system.SysUser)
2019-12-05 16:03:40.140 INFO  --- [AbstractHandlerMethodMapping.java:549][main] - Mapped "{[/console/user/query],methods=[POST]}" onto public com.cofire.common.result.Result com.cofire.console.controller.system.UserController.queryRole(com.cofire.common.result.ParamItem,com.cofire.dao.model.system.SysUser)
2019-12-05 16:03:40.141 INFO  --- [AbstractHandlerMethodMapping.java:549][main] - Mapped "{[/console/user/saveUserRole],methods=[POST]}" onto public com.cofire.common.result.Result com.cofire.console.controller.system.UserController.saveUserRole(java.lang.String,java.lang.String)
2019-12-05 16:03:40.141 INFO  --- [AbstractHandlerMethodMapping.java:549][main] - Mapped "{[/console/user/save],methods=[POST]}" onto public com.cofire.common.result.Result com.cofire.console.controller.system.UserController.saveUser(java.lang.String,com.cofire.dao.model.system.SysUser)
2019-12-05 16:03:40.141 INFO  --- [AbstractHandlerMethodMapping.java:549][main] - Mapped "{[/console/user/delete],methods=[POST]}" onto public com.cofire.common.result.Result com.cofire.console.controller.system.UserController.deleteUser(java.lang.String)
2019-12-05 16:03:40.142 INFO  --- [AbstractHandlerMethodMapping.java:549][main] - Mapped "{[/console/user/changePassWord],methods=[POST]}" onto public com.cofire.common.result.Result com.cofire.console.controller.system.UserController.changePassWord(java.lang.String,java.lang.String,java.lang.String)
2019-12-05 16:03:40.142 INFO  --- [AbstractHandlerMethodMapping.java:549][main] - Mapped "{[/console/user/exportExcel]}" onto public void com.cofire.console.controller.system.UserController.exportExcel(com.cofire.dao.model.system.SysUser,javax.servlet.http.HttpServletResponse)
2019-12-05 16:03:40.142 INFO  --- [AbstractHandlerMethodMapping.java:549][main] - Mapped "{[/console/user/restPassWord],methods=[POST]}" onto public com.cofire.common.result.Result com.cofire.console.controller.system.UserController.restPassWord(java.lang.String)
2019-12-05 16:03:40.147 INFO  --- [AbstractHandlerMethodMapping.java:549][main] - Mapped "{[/error]}" onto public org.springframework.http.ResponseEntity<java.util.Map<java.lang.String, java.lang.Object>> org.springframework.boot.autoconfigure.web.servlet.error.BasicErrorController.error(javax.servlet.http.HttpServletRequest)
2019-12-05 16:03:40.147 INFO  --- [AbstractHandlerMethodMapping.java:549][main] - Mapped "{[/error],produces=[text/html]}" onto public org.springframework.web.servlet.ModelAndView org.springframework.boot.autoconfigure.web.servlet.error.BasicErrorController.errorHtml(javax.servlet.http.HttpServletRequest,javax.servlet.http.HttpServletResponse)
2019-12-05 16:03:40.217 INFO  --- [AbstractUrlHandlerMapping.java:373][main] - Mapped URL path [/console/static/**] onto handler of type [class org.springframework.web.servlet.resource.ResourceHttpRequestHandler]
2019-12-05 16:03:40.217 INFO  --- [AbstractUrlHandlerMapping.java:373][main] - Mapped URL path [/ipad/static/**] onto handler of type [class org.springframework.web.servlet.resource.ResourceHttpRequestHandler]
2019-12-05 16:03:40.217 INFO  --- [AbstractUrlHandlerMapping.java:373][main] - Mapped URL path [/mobile/static/**] onto handler of type [class org.springframework.web.servlet.resource.ResourceHttpRequestHandler]
2019-12-05 16:03:40.289 INFO  --- [RequestMappingHandlerAdapter.java:588][main] - Looking for @ControllerAdvice: org.springframework.boot.web.servlet.context.AnnotationConfigServletWebServerApplicationContext@2a798d51: startup date [Thu Dec 05 16:03:36 CST 2019]; root of context hierarchy
2019-12-05 16:03:40.342 INFO  --- [ExceptionHandlerExceptionResolver.java:288][main] - Detected @ExceptionHandler methods in globalExceptionHandler
2019-12-05 16:03:40.807 WARN  --- [ThymeleafAutoConfiguration.java:104][main] - Cannot find template location: classpath:/templates/ (please add some templates or check your Thymeleaf configuration)
2019-12-05 16:03:41.024 INFO  --- [MBeanExporter.java:433][main] - Registering beans for JMX exposure on startup
2019-12-05 16:03:41.027 INFO  --- [MBeanExporter.java:895][main] - Bean with name 'dataSource' has been autodetected for JMX exposure
2019-12-05 16:03:41.034 INFO  --- [MBeanExporter.java:668][main] - Located MBean 'dataSource': registering with JMX server as MBean [com.zaxxer.hikari:name=dataSource,type=HikariDataSource]
2019-12-05 16:03:41.039 INFO  --- [DefaultLifecycleProcessor.java:356][main] - Starting beans in phase 2147483647
2019-12-05 16:03:41.046 INFO  --- [DirectJDKLog.java:180][main] - Starting ProtocolHandler ["http-nio-8080"]
2019-12-05 16:03:41.062 INFO  --- [DirectJDKLog.java:180][main] - Using a shared selector for servlet write/read
2019-12-05 16:03:41.076 INFO  --- [TomcatWebServer.java:206][main] - Tomcat started on port(s): 8080 (http) with context path '/cofire'
2019-12-05 16:03:41.079 INFO  --- [StartupInfoLogger.java:59][main] - Started Application in 5.006 seconds (JVM running for 6.504)
2019-12-05 16:07:08.625 INFO  --- [DirectJDKLog.java:180][http-nio-8080-exec-1] - Initializing Spring FrameworkServlet 'dispatcherServlet'
2019-12-05 16:07:08.625 INFO  --- [FrameworkServlet.java:494][http-nio-8080-exec-1] - FrameworkServlet 'dispatcherServlet': initialization started
2019-12-05 16:07:08.672 INFO  --- [FrameworkServlet.java:509][http-nio-8080-exec-1] - FrameworkServlet 'dispatcherServlet': initialization completed in 46 ms
2019-12-05 16:07:08.772 INFO  --- [LogAop.java:55][http-nio-8080-exec-2] - 调用前
2019-12-05 16:07:08.787 INFO  --- [LogAop.java:86][http-nio-8080-exec-2] - 接口说明：登录
2019-12-05 16:07:08.787 INFO  --- [LogAop.java:87][http-nio-8080-exec-2] - 接口参数：{passWord=637e2e97551576da3389137841e7d7d6, source=pc, userId=admin, operation=login}
2019-12-05 16:07:08.787 INFO  --- [LogAop.java:88][http-nio-8080-exec-2] - 请求用户id：
2019-12-05 16:07:08.788 INFO  --- [LogAop.java:89][http-nio-8080-exec-2] - 请求用户Session：
2019-12-05 16:07:08.788 INFO  --- [LogAop.java:90][http-nio-8080-exec-2] - 请求方法：com.cofire.console.controller.system.LoginController.login
2019-12-05 16:07:08.788 INFO  --- [LogAop.java:91][http-nio-8080-exec-2] - 请求Ip：0:0:0:0:0:0:0:1
2019-12-05 16:07:08.788 INFO  --- [LogAop.java:92][http-nio-8080-exec-2] - 请求URI：/cofire/console/login
2019-12-05 16:07:08.788 INFO  --- [LogAop.java:93][http-nio-8080-exec-2] - 请求类型：login
2019-12-05 16:07:08.788 INFO  --- [LogAop.java:94][http-nio-8080-exec-2] - 操作来源：pc
2019-12-05 16:07:08.826 DEBUG --- [BaseJdbcLogger.java:159][http-nio-8080-exec-2] - ==>  Preparing: select 'true' as QUERYID, user_id, user_name, pass_word, modifier, modify_time, filler1, filler2, filler3 from sys_user WHERE ( user_id = ? and pass_word = ? ) 
2019-12-05 16:07:08.827 DEBUG --- [BaseJdbcLogger.java:159][http-nio-8080-exec-2] - ==> Parameters: admin(String), eac4108912af90ae96e858190f4d8af7(String)
2019-12-05 16:07:08.843 DEBUG --- [BaseJdbcLogger.java:159][http-nio-8080-exec-2] - <==      Total: 1
2019-12-05 16:07:08.849 DEBUG --- [BaseJdbcLogger.java:159][http-nio-8080-exec-2] - ==>  Preparing: SELECT DISTINCT url FROM sys_resource A INNER JOIN sys_role_resource B ON A.resource_id = B.resource_id INNER JOIN sys_user_role C ON B.role_id = C.role_id WHERE C.user_id= ? 
2019-12-05 16:07:08.850 DEBUG --- [BaseJdbcLogger.java:159][http-nio-8080-exec-2] - ==> Parameters: admin(String)
2019-12-05 16:07:08.878 DEBUG --- [BaseJdbcLogger.java:159][http-nio-8080-exec-2] - <==      Total: 14
2019-12-05 16:07:08.881 INFO  --- [LoginServiceImpl.java:59][http-nio-8080-exec-2] - 登录成功！
2019-12-05 16:07:08.899 DEBUG --- [BaseJdbcLogger.java:159][logManage-1] - ==>  Preparing: insert into sys_login_audit (sid, user_id, ip, session_id, create_time, audit_type, source_type, filler1, filler2, filler3, message) values (?, ?, ?, ?, ?, ?, ?, ?, ?, ?, ?) 
2019-12-05 16:07:08.900 DEBUG --- [BaseJdbcLogger.java:159][logManage-1] - ==> Parameters: null, admin(String), 0:0:0:0:0:0:0:1(String), AE10BA0815A73CA337C5F128088A3DF4(String), 20191205160708(String), 0(String), pc(String), (String), (String), (String), java.io.StringReader@7f9a1682(StringReader)
2019-12-05 16:07:08.925 DEBUG --- [BaseJdbcLogger.java:159][logManage-1] - <==    Updates: 1
2019-12-05 16:07:08.992 DEBUG --- [BaseJdbcLogger.java:159][logManage-1] - ==>  Preparing: insert into sys_operate_audit (sid, user_id, ip, session_id, description, request_url, request_param, request_time, result, return_time, source_type, operation_type, filler1, filler2, filler3 ) values (?, ?, ?, ?, ?, ?, ?, ?, ?, ?, ?, ?, ?, ?, ? ) 
2019-12-05 16:07:08.993 DEBUG --- [BaseJdbcLogger.java:159][logManage-1] - ==> Parameters: null, (String), 0:0:0:0:0:0:0:1(String), (String), 登录(String), /cofire/console/login(String), {passWord=637e2e97551576da3389137841e7d7d6, source=pc, userId=admin, operation=login}(String), 20191205160708(String), {"code":"200","message":"success","success":true}(String), 20191205160708(String), pc(String), login(String), (String), (String), (String)
2019-12-05 16:07:09.003 DEBUG --- [BaseJdbcLogger.java:159][logManage-1] - <==    Updates: 1
2019-12-05 16:07:09.062 INFO  --- [LogAop.java:55][http-nio-8080-exec-4] - 调用前
2019-12-05 16:07:09.063 INFO  --- [LogAop.java:86][http-nio-8080-exec-4] - 接口说明：获取用户菜单
2019-12-05 16:07:09.063 INFO  --- [LogAop.java:87][http-nio-8080-exec-4] - 接口参数：{length=10, source=pc, page=1, operation=query}
2019-12-05 16:07:09.063 INFO  --- [LogAop.java:88][http-nio-8080-exec-4] - 请求用户id：admin
2019-12-05 16:07:09.063 INFO  --- [LogAop.java:89][http-nio-8080-exec-4] - 请求用户Session：AE10BA0815A73CA337C5F128088A3DF4
2019-12-05 16:07:09.064 INFO  --- [LogAop.java:90][http-nio-8080-exec-4] - 请求方法：com.cofire.console.controller.base.BaseController.getUserDetail
2019-12-05 16:07:09.064 INFO  --- [LogAop.java:91][http-nio-8080-exec-4] - 请求Ip：0:0:0:0:0:0:0:1
2019-12-05 16:07:09.064 INFO  --- [LogAop.java:92][http-nio-8080-exec-4] - 请求URI：/cofire/getUserDetail
2019-12-05 16:07:09.064 INFO  --- [LogAop.java:93][http-nio-8080-exec-4] - 请求类型：query
2019-12-05 16:07:09.065 INFO  --- [LogAop.java:94][http-nio-8080-exec-4] - 操作来源：pc
2019-12-05 16:07:09.069 INFO  --- [BaseController.java:47][http-nio-8080-exec-4] - 正在获取用户菜单
2019-12-05 16:07:09.071 INFO  --- [BaseController.java:54][http-nio-8080-exec-4] - 当前登录用户的id：admin
2019-12-05 16:07:09.076 DEBUG --- [BaseJdbcLogger.java:159][http-nio-8080-exec-4] - ==>  Preparing: SELECT DISTINCT sys_user.user_id, sys_resource.resource_id AS "id", icon, sys_resource.parent_resource_id AS parentId, CASE WHEN sys_resource.url <> '' THEN sys_resource.url ELSE sys_resource.resource_id END url, sys_resource.resource_name AS "name", sys_resource.is_leaf AS leaf, sys_resource.morder FROM sys_resource LEFT JOIN sys_role_resource ON sys_role_resource.resource_id = sys_resource.resource_id LEFT JOIN sys_role ON sys_role.role_id = sys_role_resource.role_id LEFT JOIN sys_user_role ON sys_user_role.role_id = sys_role.role_id LEFT JOIN sys_user ON sys_user.user_id = sys_user_role.user_id WHERE sys_user.user_id = ? ORDER BY parentId, morder 
2019-12-05 16:07:09.079 DEBUG --- [BaseJdbcLogger.java:159][http-nio-8080-exec-4] - ==> Parameters: admin(String)
2019-12-05 16:07:09.089 DEBUG --- [BaseJdbcLogger.java:159][http-nio-8080-exec-4] - <==      Total: 16
2019-12-05 16:07:09.120 DEBUG --- [BaseJdbcLogger.java:159][logManage-2] - ==>  Preparing: insert into sys_operate_audit (sid, user_id, ip, session_id, description, request_url, request_param, request_time, result, return_time, source_type, operation_type, filler1, filler2, filler3 ) values (?, ?, ?, ?, ?, ?, ?, ?, ?, ?, ?, ?, ?, ?, ? ) 
2019-12-05 16:07:09.121 DEBUG --- [BaseJdbcLogger.java:159][logManage-2] - ==> Parameters: null, admin(String), 0:0:0:0:0:0:0:1(String), AE10BA0815A73CA337C5F128088A3DF4(String), 获取用户菜单(String), /cofire/getUserDetail(String), {length=10, source=pc, page=1, operation=query}(String), 20191205160709(String), {"data":{"dictList":{"0006":[{"pk_id":"0006|0","group_id":"0006","group_name":"是否叶节点","dict_value":"0","dict_name_en":"False","dict_name_cn":"否"},{"pk_id":"0006|1","group_id":"0006","group_name":"是否叶节点","dict_value":"1","dict_name_en":"True","dict_name_cn":"是"}],"0007":[{"pk_id":"0007|add","group_id":"0007","group_name":"操作类型","dict_value":"add","dict_name_en":"add","dict_name_cn":"新增"},{"pk_id":"0007|delete","group_id":"0007","group_name":"操作类型","dict_value":"delete","dict_name_en":"delete","dict_name_cn":"删除"},{"pk_id":"0007|export","group_id":"0007","group_name":"操作类型","dict_value":"export","dict_name_en":"export","dict_name_cn":"导出"},{"pk_id":"0007|query","group_id":"0007","group_name":"操作类型","dict_value":"query","dict_name_en":"query","dict_name_cn":"查询"},{"pk_id":"0007|update","group_id":"0007","group_name":"操作类型","dict_value":"update","dict_name_en":"update","dict_name_cn":"修改"},{"pk_id":"0007|upload","group_id":"0007","group_name":"操作类型","dict_value":"upload","dict_name_en":"up(String), 20191205160709(String), pc(String), query(String), (String), (String), (String)
2019-12-05 16:07:09.126 DEBUG --- [BaseJdbcLogger.java:159][logManage-2] - <==    Updates: 1
