2019-12-20 11:22:15.685 INFO  --- [StartupInfoLogger.java:50][main] - Starting Application on DESKTOP-TL9S3KD with PID 9404 (D:\liying\github\cofire\cofire\console\target\classes started by ThinkPad in D:\liying\github\cofire\cofire)
2019-12-20 11:22:15.689 INFO  --- [SpringApplication.java:680][main] - No active profile set, falling back to default profiles: default
2019-12-20 11:22:15.732 INFO  --- [AbstractApplicationContext.java:590][main] - Refreshing org.springframework.boot.web.servlet.context.AnnotationConfigServletWebServerApplicationContext@2e2ff723: startup date [Fri Dec 20 11:22:15 CST 2019]; root of context hierarchy
2019-12-20 11:22:16.304 INFO  --- [XmlBeanDefinitionReader.java:317][main] - Loading XML bean definitions from class path resource [application-bean.xml]
2019-12-20 11:22:16.765 INFO  --- [PostProcessorRegistrationDelegate.java:326][main] - Bean 'shiroConfiguration' of type [com.cofire.shiro.config.ShiroConfiguration$$EnhancerBySpringCGLIB$$c5856e1e] is not eligible for getting processed by all BeanPostProcessors (for example: not eligible for auto-proxying)
2019-12-20 11:22:17.005 INFO  --- [PostProcessorRegistrationDelegate.java:326][main] - Bean 'org.springframework.boot.context.properties.ConversionServiceDeducer$Factory' of type [org.springframework.boot.context.properties.ConversionServiceDeducer$Factory] is not eligible for getting processed by all BeanPostProcessors (for example: not eligible for auto-proxying)
2019-12-20 11:22:17.085 INFO  --- [PostProcessorRegistrationDelegate.java:326][main] - Bean 'mybatis-org.mybatis.spring.boot.autoconfigure.MybatisProperties' of type [org.mybatis.spring.boot.autoconfigure.MybatisProperties] is not eligible for getting processed by all BeanPostProcessors (for example: not eligible for auto-proxying)
2019-12-20 11:22:17.094 INFO  --- [PostProcessorRegistrationDelegate.java:326][main] - Bean 'org.mybatis.spring.boot.autoconfigure.MybatisAutoConfiguration' of type [org.mybatis.spring.boot.autoconfigure.MybatisAutoConfiguration$$EnhancerBySpringCGLIB$$31a0f374] is not eligible for getting processed by all BeanPostProcessors (for example: not eligible for auto-proxying)
2019-12-20 11:22:17.097 INFO  --- [PostProcessorRegistrationDelegate.java:326][main] - Bean 'org.springframework.boot.autoconfigure.jdbc.DataSourceConfiguration$Hikari' of type [org.springframework.boot.autoconfigure.jdbc.DataSourceConfiguration$Hikari] is not eligible for getting processed by all BeanPostProcessors (for example: not eligible for auto-proxying)
2019-12-20 11:22:17.110 INFO  --- [PostProcessorRegistrationDelegate.java:326][main] - Bean 'spring.datasource-org.springframework.boot.autoconfigure.jdbc.DataSourceProperties' of type [org.springframework.boot.autoconfigure.jdbc.DataSourceProperties] is not eligible for getting processed by all BeanPostProcessors (for example: not eligible for auto-proxying)
2019-12-20 11:22:17.178 INFO  --- [PostProcessorRegistrationDelegate.java:326][main] - Bean 'dataSource' of type [com.zaxxer.hikari.HikariDataSource] is not eligible for getting processed by all BeanPostProcessors (for example: not eligible for auto-proxying)
2019-12-20 11:22:17.520 INFO  --- [PostProcessorRegistrationDelegate.java:326][main] - Bean 'sqlSessionFactory' of type [org.apache.ibatis.session.defaults.DefaultSqlSessionFactory] is not eligible for getting processed by all BeanPostProcessors (for example: not eligible for auto-proxying)
2019-12-20 11:22:17.529 INFO  --- [PostProcessorRegistrationDelegate.java:326][main] - Bean 'sqlSessionTemplate' of type [org.mybatis.spring.SqlSessionTemplate] is not eligible for getting processed by all BeanPostProcessors (for example: not eligible for auto-proxying)
2019-12-20 11:22:17.530 INFO  --- [PostProcessorRegistrationDelegate.java:326][main] - Bean 'sysUserMapper' of type [org.mybatis.spring.mapper.MapperFactoryBean] is not eligible for getting processed by all BeanPostProcessors (for example: not eligible for auto-proxying)
2019-12-20 11:22:17.532 INFO  --- [PostProcessorRegistrationDelegate.java:326][main] - Bean 'sysUserMapper' of type [com.sun.proxy.$Proxy57] is not eligible for getting processed by all BeanPostProcessors (for example: not eligible for auto-proxying)
2019-12-20 11:22:17.534 INFO  --- [PostProcessorRegistrationDelegate.java:326][main] - Bean 'userPermissionCustomMapper' of type [org.mybatis.spring.mapper.MapperFactoryBean] is not eligible for getting processed by all BeanPostProcessors (for example: not eligible for auto-proxying)
2019-12-20 11:22:17.535 INFO  --- [PostProcessorRegistrationDelegate.java:326][main] - Bean 'userPermissionCustomMapper' of type [com.sun.proxy.$Proxy58] is not eligible for getting processed by all BeanPostProcessors (for example: not eligible for auto-proxying)
2019-12-20 11:22:17.535 INFO  --- [PostProcessorRegistrationDelegate.java:326][main] - Bean 'userPermissionServiceImpl' of type [com.cofire.shiro.service.impl.UserPermissionServiceImpl] is not eligible for getting processed by all BeanPostProcessors (for example: not eligible for auto-proxying)
2019-12-20 11:22:17.536 INFO  --- [PostProcessorRegistrationDelegate.java:326][main] - Bean 'userRealm' of type [com.cofire.shiro.config.UserRealm] is not eligible for getting processed by all BeanPostProcessors (for example: not eligible for auto-proxying)
2019-12-20 11:22:17.551 INFO  --- [PostProcessorRegistrationDelegate.java:326][main] - Bean 'securityManager' of type [org.apache.shiro.web.mgt.DefaultWebSecurityManager] is not eligible for getting processed by all BeanPostProcessors (for example: not eligible for auto-proxying)
2019-12-20 11:22:17.630 INFO  --- [PostProcessorRegistrationDelegate.java:326][main] - Bean 'authorizationAttributeSourceAdvisor' of type [org.apache.shiro.spring.security.interceptor.AuthorizationAttributeSourceAdvisor] is not eligible for getting processed by all BeanPostProcessors (for example: not eligible for auto-proxying)
2019-12-20 11:22:17.673 INFO  --- [PostProcessorRegistrationDelegate.java:326][main] - Bean 'org.springframework.transaction.annotation.ProxyTransactionManagementConfiguration' of type [org.springframework.transaction.annotation.ProxyTransactionManagementConfiguration$$EnhancerBySpringCGLIB$$fecca244] is not eligible for getting processed by all BeanPostProcessors (for example: not eligible for auto-proxying)
2019-12-20 11:22:18.347 INFO  --- [TomcatWebServer.java:91][main] - Tomcat initialized with port(s): 8080 (http)
2019-12-20 11:22:18.360 INFO  --- [DirectJDKLog.java:180][main] - Initializing ProtocolHandler ["http-nio-8080"]
2019-12-20 11:22:18.374 INFO  --- [DirectJDKLog.java:180][main] - Starting service [Tomcat]
2019-12-20 11:22:18.374 INFO  --- [DirectJDKLog.java:180][main] - Starting Servlet Engine: Apache Tomcat/8.5.34
2019-12-20 11:22:18.377 INFO  --- [DirectJDKLog.java:180][localhost-startStop-1] - The APR based Apache Tomcat Native library which allows optimal performance in production environments was not found on the java.library.path: [D:\Program Files\Java\jdk1.8.0_101\bin;C:\WINDOWS\Sun\Java\bin;C:\WINDOWS\system32;C:\WINDOWS;C:\Python27\;C:\Python27\Scripts;D:\app\oracle\product\11.2.0\dbhome_1\bin;D:\Program Files (x86)\NetSarang\Xftp 6\;D:\Program Files (x86)\NetSarang\Xshell 6\;D:\Program Files\python3\Scripts\;D:\Program Files\python3\;C:\ProgramData\Oracle\Java\javapath;C:\WINDOWS\system32;C:\WINDOWS;C:\WINDOWS\System32\Wbem;C:\WINDOWS\System32\WindowsPowerShell\v1.0\;D:\Program Files\apache-maven-3.6.0\bin;D:\Program Files\Git\cmd;D:\Program Files\Microsoft SQL Server\120\DTS\Binn\;D:\Program Files\Microsoft SQL Server\Client SDK\ODBC\110\Tools\Binn\;D:\Program Files (x86)\Microsoft SQL Server\120\Tools\Binn\;D:\Program Files\Microsoft SQL Server\120\Tools\Binn\;D:\Program Files (x86)\Microsoft SQL Server\120\Tools\Binn\ManagementStudio\;D:\Program Files (x86)\Microsoft SQL Server\120\DTS\Binn\;C:\Program Files\MySQL\MySQL Utilities 1.6\;C:\Program Files\MySQL\MySQL Server 5.7\bin;D:\Program Files\Java\jdk1.8.0_101\bin;D:\Program Files\Java\jdk1.8.0_101\jre\bin;D:\Program Files (x86)\sdk\android\platform-tools;D:\Program Files (x86)\sdk\android\tools;D:\Program Files\gradle-5.2.1\bin;C:\WINDOWS\System32\OpenSSH\;D:\Program Files (x86)\PostgreSQL\bin;C:\Program Files\Intel\WiFi\bin\;C:\Program Files\Common Files\Intel\WirelessCommon\;C:\Program Files (x86)\Microsoft SQL Server\100\Tools\Binn\;C:\Program Files\Microsoft SQL Server\100\Tools\Binn\;C:\Program Files\Microsoft SQL Server\100\DTS\Binn\;C:\Program Files (x86)\Microsoft ASP.NET\ASP.NET Web Pages\v1.0\;D:\Program Files\nodejs\;C:\ProgramData\chocolatey\bin;D:\Program Files\Redis-x64-3.2.100;D:\Program Files\TortoiseSVN\bin;C:\Users\ThinkPad\AppData\Local\Microsoft\WindowsApps;;D:\Program Files\Microsoft VS Code\bin;C:\Users\ThinkPad\AppData\Roaming\npm;.]
2019-12-20 11:22:18.513 INFO  --- [DirectJDKLog.java:180][localhost-startStop-1] - Initializing Spring embedded WebApplicationContext
2019-12-20 11:22:18.514 INFO  --- [ServletWebServerApplicationContext.java:285][localhost-startStop-1] - Root WebApplicationContext: initialization completed in 2782 ms
2019-12-20 11:22:18.645 INFO  --- [AbstractFilterRegistrationBean.java:245][localhost-startStop-1] - Mapping filter: 'corsFilter' to: [/*]
2019-12-20 11:22:18.645 INFO  --- [AbstractFilterRegistrationBean.java:245][localhost-startStop-1] - Mapping filter: 'delegatingFilterProxy' to: [/*]
2019-12-20 11:22:18.646 INFO  --- [AbstractFilterRegistrationBean.java:245][localhost-startStop-1] - Mapping filter: 'initializeCharacterEncodingFilter' to: [/*]
2019-12-20 11:22:18.646 INFO  --- [AbstractFilterRegistrationBean.java:245][localhost-startStop-1] - Mapping filter: 'shiroFilter' to: [/*]
2019-12-20 11:22:18.646 INFO  --- [ServletRegistrationBean.java:187][localhost-startStop-1] - Servlet dispatcherServlet mapped to [/]
2019-12-20 11:22:18.664 INFO  --- [SystemInitListener.java:34][localhost-startStop-1] - 正在初始化全局变量
2019-12-20 11:22:18.669 ERROR --- [DirectJDKLog.java:182][localhost-startStop-1] - Exception sending context initialized event to listener instance of class [com.cofire.console.listener.SystemInitListener]
java.lang.ExceptionInInitializerError: null
	at com.cofire.console.listener.SystemInitListener.systemStartup(SystemInitListener.java:66)
	at com.cofire.console.listener.SystemInitListener.contextInitialized(SystemInitListener.java:35)
	at org.apache.catalina.core.StandardContext.listenerStart(StandardContext.java:4790)
	at org.apache.catalina.core.StandardContext.startInternal(StandardContext.java:5256)
	at org.apache.catalina.util.LifecycleBase.start(LifecycleBase.java:150)
	at org.apache.catalina.core.ContainerBase$StartChild.call(ContainerBase.java:1420)
	at org.apache.catalina.core.ContainerBase$StartChild.call(ContainerBase.java:1410)
	at java.util.concurrent.FutureTask.run$$$capture(FutureTask.java:266)
	at java.util.concurrent.FutureTask.run(FutureTask.java)
	at java.util.concurrent.ThreadPoolExecutor.runWorker(ThreadPoolExecutor.java:1142)
	at java.util.concurrent.ThreadPoolExecutor$Worker.run(ThreadPoolExecutor.java:617)
	at java.lang.Thread.run(Thread.java:745)
Caused by: java.lang.NullPointerException: null
	at com.cofire.common.utils.spring.SpringContextUtils.getBean(SpringContextUtils.java:58)
	at com.cofire.console.common.impl.SystemService.<clinit>(SystemService.java:29)
	... 12 common frames omitted
2019-12-20 11:22:18.669 ERROR --- [DirectJDKLog.java:180][localhost-startStop-1] - One or more listeners failed to start. Full details will be found in the appropriate container log file
2019-12-20 11:22:18.670 ERROR --- [DirectJDKLog.java:180][localhost-startStop-1] - Context [/cofire] startup failed due to previous errors
2019-12-20 11:22:18.670 INFO  --- [SystemInitListener.java:48][localhost-startStop-1] - 开始关闭Quartz
2019-12-20 11:22:18.672 ERROR --- [DirectJDKLog.java:182][localhost-startStop-1] - Exception sending context destroyed event to listener instance of class [com.cofire.console.listener.SystemInitListener]
java.lang.ExceptionInInitializerError: null
	at com.cofire.console.listener.SystemInitListener.contextDestroyed(SystemInitListener.java:49)
	at org.apache.catalina.core.StandardContext.listenerStop(StandardContext.java:4837)
	at org.apache.catalina.core.StandardContext.stopInternal(StandardContext.java:5478)
	at org.apache.catalina.util.LifecycleBase.stop(LifecycleBase.java:226)
	at org.apache.catalina.util.LifecycleBase.start(LifecycleBase.java:154)
	at org.apache.catalina.core.ContainerBase$StartChild.call(ContainerBase.java:1420)
	at org.apache.catalina.core.ContainerBase$StartChild.call(ContainerBase.java:1410)
	at java.util.concurrent.FutureTask.run$$$capture(FutureTask.java:266)
	at java.util.concurrent.FutureTask.run(FutureTask.java)
	at java.util.concurrent.ThreadPoolExecutor.runWorker(ThreadPoolExecutor.java:1142)
	at java.util.concurrent.ThreadPoolExecutor$Worker.run(ThreadPoolExecutor.java:617)
	at java.lang.Thread.run(Thread.java:745)
Caused by: java.lang.NullPointerException: null
	at com.cofire.common.utils.spring.SpringContextUtils.getBean(SpringContextUtils.java:58)
	at com.cofire.quartz.QuartzJobConfig.<clinit>(QuartzJobConfig.java:22)
	... 12 common frames omitted
2019-12-20 11:22:18.677 INFO  --- [DirectJDKLog.java:180][main] - Starting ProtocolHandler ["http-nio-8080"]
2019-12-20 11:22:18.693 INFO  --- [DirectJDKLog.java:180][main] - Using a shared selector for servlet write/read
2019-12-20 11:22:18.704 INFO  --- [DirectJDKLog.java:180][main] - Pausing ProtocolHandler ["http-nio-8080"]
2019-12-20 11:22:19.283 INFO  --- [DirectJDKLog.java:180][main] - Stopping service [Tomcat]
2019-12-20 11:22:19.286 INFO  --- [DirectJDKLog.java:180][main] - Stopping ProtocolHandler ["http-nio-8080"]
2019-12-20 11:22:19.289 WARN  --- [AbstractApplicationContext.java:558][main] - Exception encountered during context initialization - cancelling refresh attempt: org.springframework.context.ApplicationContextException: Unable to start web server; nested exception is org.springframework.boot.web.server.WebServerException: Unable to start embedded Tomcat
2019-12-20 11:22:19.297 INFO  --- [ConditionEvaluationReportLoggingListener.java:101][main] - 

Error starting ApplicationContext. To display the conditions report re-run your application with 'debug' enabled.
2019-12-20 11:22:19.308 ERROR --- [SpringApplication.java:863][main] - Application run failed
org.springframework.context.ApplicationContextException: Unable to start web server; nested exception is org.springframework.boot.web.server.WebServerException: Unable to start embedded Tomcat
	at org.springframework.boot.web.servlet.context.ServletWebServerApplicationContext.onRefresh(ServletWebServerApplicationContext.java:155)
	at org.springframework.context.support.AbstractApplicationContext.refresh(AbstractApplicationContext.java:544)
	at org.springframework.boot.web.servlet.context.ServletWebServerApplicationContext.refresh(ServletWebServerApplicationContext.java:140)
	at org.springframework.boot.SpringApplication.refresh(SpringApplication.java:780)
	at org.springframework.boot.SpringApplication.refreshContext(SpringApplication.java:412)
	at org.springframework.boot.SpringApplication.run(SpringApplication.java:333)
	at org.springframework.boot.SpringApplication.run(SpringApplication.java:1277)
	at org.springframework.boot.SpringApplication.run(SpringApplication.java:1265)
	at com.cofire.console.Application.main(Application.java:27)
Caused by: org.springframework.boot.web.server.WebServerException: Unable to start embedded Tomcat
	at org.springframework.boot.web.embedded.tomcat.TomcatWebServer.initialize(TomcatWebServer.java:126)
	at org.springframework.boot.web.embedded.tomcat.TomcatWebServer.<init>(TomcatWebServer.java:86)
	at org.springframework.boot.web.embedded.tomcat.TomcatServletWebServerFactory.getTomcatWebServer(TomcatServletWebServerFactory.java:413)
	at org.springframework.boot.web.embedded.tomcat.TomcatServletWebServerFactory.getWebServer(TomcatServletWebServerFactory.java:174)
	at org.springframework.boot.web.servlet.context.ServletWebServerApplicationContext.createWebServer(ServletWebServerApplicationContext.java:179)
	at org.springframework.boot.web.servlet.context.ServletWebServerApplicationContext.onRefresh(ServletWebServerApplicationContext.java:152)
	... 8 common frames omitted
Caused by: java.lang.IllegalStateException: StandardEngine[Tomcat].StandardHost[localhost].TomcatEmbeddedContext[/cofire] failed to start
	at org.springframework.boot.web.embedded.tomcat.TomcatWebServer.rethrowDeferredStartupExceptions(TomcatWebServer.java:172)
	at org.springframework.boot.web.embedded.tomcat.TomcatWebServer.initialize(TomcatWebServer.java:110)
	... 13 common frames omitted
2019-12-20 11:24:05.566 INFO  --- [StartupInfoLogger.java:50][main] - Starting Application on DESKTOP-TL9S3KD with PID 15176 (D:\liying\github\cofire\cofire\console\target\classes started by ThinkPad in D:\liying\github\cofire\cofire)
2019-12-20 11:24:05.569 INFO  --- [SpringApplication.java:680][main] - No active profile set, falling back to default profiles: default
2019-12-20 11:24:05.615 INFO  --- [AbstractApplicationContext.java:590][main] - Refreshing org.springframework.boot.web.servlet.context.AnnotationConfigServletWebServerApplicationContext@737a135b: startup date [Fri Dec 20 11:24:05 CST 2019]; root of context hierarchy
2019-12-20 11:24:06.127 INFO  --- [XmlBeanDefinitionReader.java:317][main] - Loading XML bean definitions from class path resource [application-bean.xml]
2019-12-20 11:24:06.559 INFO  --- [PostProcessorRegistrationDelegate.java:326][main] - Bean 'shiroConfiguration' of type [com.cofire.shiro.config.ShiroConfiguration$$EnhancerBySpringCGLIB$$bf8a782d] is not eligible for getting processed by all BeanPostProcessors (for example: not eligible for auto-proxying)
2019-12-20 11:24:06.771 INFO  --- [PostProcessorRegistrationDelegate.java:326][main] - Bean 'org.springframework.boot.context.properties.ConversionServiceDeducer$Factory' of type [org.springframework.boot.context.properties.ConversionServiceDeducer$Factory] is not eligible for getting processed by all BeanPostProcessors (for example: not eligible for auto-proxying)
2019-12-20 11:24:06.836 INFO  --- [PostProcessorRegistrationDelegate.java:326][main] - Bean 'mybatis-org.mybatis.spring.boot.autoconfigure.MybatisProperties' of type [org.mybatis.spring.boot.autoconfigure.MybatisProperties] is not eligible for getting processed by all BeanPostProcessors (for example: not eligible for auto-proxying)
2019-12-20 11:24:06.845 INFO  --- [PostProcessorRegistrationDelegate.java:326][main] - Bean 'org.mybatis.spring.boot.autoconfigure.MybatisAutoConfiguration' of type [org.mybatis.spring.boot.autoconfigure.MybatisAutoConfiguration$$EnhancerBySpringCGLIB$$2ba5fd83] is not eligible for getting processed by all BeanPostProcessors (for example: not eligible for auto-proxying)
2019-12-20 11:24:06.848 INFO  --- [PostProcessorRegistrationDelegate.java:326][main] - Bean 'org.springframework.boot.autoconfigure.jdbc.DataSourceConfiguration$Hikari' of type [org.springframework.boot.autoconfigure.jdbc.DataSourceConfiguration$Hikari] is not eligible for getting processed by all BeanPostProcessors (for example: not eligible for auto-proxying)
2019-12-20 11:24:06.860 INFO  --- [PostProcessorRegistrationDelegate.java:326][main] - Bean 'spring.datasource-org.springframework.boot.autoconfigure.jdbc.DataSourceProperties' of type [org.springframework.boot.autoconfigure.jdbc.DataSourceProperties] is not eligible for getting processed by all BeanPostProcessors (for example: not eligible for auto-proxying)
2019-12-20 11:24:06.931 INFO  --- [PostProcessorRegistrationDelegate.java:326][main] - Bean 'dataSource' of type [com.zaxxer.hikari.HikariDataSource] is not eligible for getting processed by all BeanPostProcessors (for example: not eligible for auto-proxying)
2019-12-20 11:24:07.228 INFO  --- [PostProcessorRegistrationDelegate.java:326][main] - Bean 'sqlSessionFactory' of type [org.apache.ibatis.session.defaults.DefaultSqlSessionFactory] is not eligible for getting processed by all BeanPostProcessors (for example: not eligible for auto-proxying)
2019-12-20 11:24:07.236 INFO  --- [PostProcessorRegistrationDelegate.java:326][main] - Bean 'sqlSessionTemplate' of type [org.mybatis.spring.SqlSessionTemplate] is not eligible for getting processed by all BeanPostProcessors (for example: not eligible for auto-proxying)
2019-12-20 11:24:07.237 INFO  --- [PostProcessorRegistrationDelegate.java:326][main] - Bean 'sysUserMapper' of type [org.mybatis.spring.mapper.MapperFactoryBean] is not eligible for getting processed by all BeanPostProcessors (for example: not eligible for auto-proxying)
2019-12-20 11:24:07.238 INFO  --- [PostProcessorRegistrationDelegate.java:326][main] - Bean 'sysUserMapper' of type [com.sun.proxy.$Proxy57] is not eligible for getting processed by all BeanPostProcessors (for example: not eligible for auto-proxying)
2019-12-20 11:24:07.241 INFO  --- [PostProcessorRegistrationDelegate.java:326][main] - Bean 'userPermissionCustomMapper' of type [org.mybatis.spring.mapper.MapperFactoryBean] is not eligible for getting processed by all BeanPostProcessors (for example: not eligible for auto-proxying)
2019-12-20 11:24:07.241 INFO  --- [PostProcessorRegistrationDelegate.java:326][main] - Bean 'userPermissionCustomMapper' of type [com.sun.proxy.$Proxy58] is not eligible for getting processed by all BeanPostProcessors (for example: not eligible for auto-proxying)
2019-12-20 11:24:07.243 INFO  --- [PostProcessorRegistrationDelegate.java:326][main] - Bean 'userPermissionServiceImpl' of type [com.cofire.shiro.service.impl.UserPermissionServiceImpl] is not eligible for getting processed by all BeanPostProcessors (for example: not eligible for auto-proxying)
2019-12-20 11:24:07.243 INFO  --- [PostProcessorRegistrationDelegate.java:326][main] - Bean 'userRealm' of type [com.cofire.shiro.config.UserRealm] is not eligible for getting processed by all BeanPostProcessors (for example: not eligible for auto-proxying)
2019-12-20 11:24:07.259 INFO  --- [PostProcessorRegistrationDelegate.java:326][main] - Bean 'securityManager' of type [org.apache.shiro.web.mgt.DefaultWebSecurityManager] is not eligible for getting processed by all BeanPostProcessors (for example: not eligible for auto-proxying)
2019-12-20 11:24:07.331 INFO  --- [PostProcessorRegistrationDelegate.java:326][main] - Bean 'authorizationAttributeSourceAdvisor' of type [org.apache.shiro.spring.security.interceptor.AuthorizationAttributeSourceAdvisor] is not eligible for getting processed by all BeanPostProcessors (for example: not eligible for auto-proxying)
2019-12-20 11:24:07.374 INFO  --- [PostProcessorRegistrationDelegate.java:326][main] - Bean 'org.springframework.transaction.annotation.ProxyTransactionManagementConfiguration' of type [org.springframework.transaction.annotation.ProxyTransactionManagementConfiguration$$EnhancerBySpringCGLIB$$f8d1ac53] is not eligible for getting processed by all BeanPostProcessors (for example: not eligible for auto-proxying)
2019-12-20 11:24:07.996 INFO  --- [TomcatWebServer.java:91][main] - Tomcat initialized with port(s): 8080 (http)
2019-12-20 11:24:08.012 INFO  --- [DirectJDKLog.java:180][main] - Initializing ProtocolHandler ["http-nio-8080"]
2019-12-20 11:24:08.025 INFO  --- [DirectJDKLog.java:180][main] - Starting service [Tomcat]
2019-12-20 11:24:08.026 INFO  --- [DirectJDKLog.java:180][main] - Starting Servlet Engine: Apache Tomcat/8.5.34
2019-12-20 11:24:08.029 INFO  --- [DirectJDKLog.java:180][localhost-startStop-1] - The APR based Apache Tomcat Native library which allows optimal performance in production environments was not found on the java.library.path: [D:\Program Files\Java\jdk1.8.0_101\bin;C:\WINDOWS\Sun\Java\bin;C:\WINDOWS\system32;C:\WINDOWS;C:\Python27\;C:\Python27\Scripts;D:\app\oracle\product\11.2.0\dbhome_1\bin;D:\Program Files (x86)\NetSarang\Xftp 6\;D:\Program Files (x86)\NetSarang\Xshell 6\;D:\Program Files\python3\Scripts\;D:\Program Files\python3\;C:\ProgramData\Oracle\Java\javapath;C:\WINDOWS\system32;C:\WINDOWS;C:\WINDOWS\System32\Wbem;C:\WINDOWS\System32\WindowsPowerShell\v1.0\;D:\Program Files\apache-maven-3.6.0\bin;D:\Program Files\Git\cmd;D:\Program Files\Microsoft SQL Server\120\DTS\Binn\;D:\Program Files\Microsoft SQL Server\Client SDK\ODBC\110\Tools\Binn\;D:\Program Files (x86)\Microsoft SQL Server\120\Tools\Binn\;D:\Program Files\Microsoft SQL Server\120\Tools\Binn\;D:\Program Files (x86)\Microsoft SQL Server\120\Tools\Binn\ManagementStudio\;D:\Program Files (x86)\Microsoft SQL Server\120\DTS\Binn\;C:\Program Files\MySQL\MySQL Utilities 1.6\;C:\Program Files\MySQL\MySQL Server 5.7\bin;D:\Program Files\Java\jdk1.8.0_101\bin;D:\Program Files\Java\jdk1.8.0_101\jre\bin;D:\Program Files (x86)\sdk\android\platform-tools;D:\Program Files (x86)\sdk\android\tools;D:\Program Files\gradle-5.2.1\bin;C:\WINDOWS\System32\OpenSSH\;D:\Program Files (x86)\PostgreSQL\bin;C:\Program Files\Intel\WiFi\bin\;C:\Program Files\Common Files\Intel\WirelessCommon\;C:\Program Files (x86)\Microsoft SQL Server\100\Tools\Binn\;C:\Program Files\Microsoft SQL Server\100\Tools\Binn\;C:\Program Files\Microsoft SQL Server\100\DTS\Binn\;C:\Program Files (x86)\Microsoft ASP.NET\ASP.NET Web Pages\v1.0\;D:\Program Files\nodejs\;C:\ProgramData\chocolatey\bin;D:\Program Files\Redis-x64-3.2.100;D:\Program Files\TortoiseSVN\bin;C:\Users\ThinkPad\AppData\Local\Microsoft\WindowsApps;;D:\Program Files\Microsoft VS Code\bin;C:\Users\ThinkPad\AppData\Roaming\npm;.]
2019-12-20 11:24:08.153 INFO  --- [DirectJDKLog.java:180][localhost-startStop-1] - Initializing Spring embedded WebApplicationContext
2019-12-20 11:24:08.154 INFO  --- [ServletWebServerApplicationContext.java:285][localhost-startStop-1] - Root WebApplicationContext: initialization completed in 2539 ms
2019-12-20 11:24:08.326 INFO  --- [AbstractFilterRegistrationBean.java:245][localhost-startStop-1] - Mapping filter: 'corsFilter' to: [/*]
2019-12-20 11:24:08.326 INFO  --- [AbstractFilterRegistrationBean.java:245][localhost-startStop-1] - Mapping filter: 'delegatingFilterProxy' to: [/*]
2019-12-20 11:24:08.326 INFO  --- [AbstractFilterRegistrationBean.java:245][localhost-startStop-1] - Mapping filter: 'initializeCharacterEncodingFilter' to: [/*]
2019-12-20 11:24:08.326 INFO  --- [AbstractFilterRegistrationBean.java:245][localhost-startStop-1] - Mapping filter: 'shiroFilter' to: [/*]
2019-12-20 11:24:08.327 INFO  --- [ServletRegistrationBean.java:187][localhost-startStop-1] - Servlet dispatcherServlet mapped to [/]
2019-12-20 11:24:08.352 INFO  --- [SystemInitListener.java:34][localhost-startStop-1] - 正在初始化全局变量
2019-12-20 11:24:08.358 INFO  --- [SystemService.java:49][localhost-startStop-1] - 正在初始化系统参数
2019-12-20 11:24:08.370 INFO  --- [HikariDataSource.java:110][localhost-startStop-1] - HikariPool-1 - Starting...
2019-12-20 11:24:08.603 INFO  --- [HikariDataSource.java:123][localhost-startStop-1] - HikariPool-1 - Start completed.
2019-12-20 11:24:08.611 DEBUG --- [BaseJdbcLogger.java:159][localhost-startStop-1] - ==>  Preparing: SELECT concat(group_id, '|', param_id) AS pk_id, group_id, param_id, param_value, param_name, remark FROM sys_param 
2019-12-20 11:24:08.626 DEBUG --- [BaseJdbcLogger.java:159][localhost-startStop-1] - ==> Parameters: 
2019-12-20 11:24:08.655 DEBUG --- [BaseJdbcLogger.java:159][localhost-startStop-1] - <==      Total: 2
2019-12-20 11:24:08.661 INFO  --- [SystemService.java:55][localhost-startStop-1] - 系统参数：{0001|12={param_value=12, pk_id=0001|12, group_id=0001, param_name=1221124, param_id=12}, 0001|13={param_value=13, pk_id=0001|13, group_id=0001, param_name=31, param_id=13}}
2019-12-20 11:24:08.661 INFO  --- [SystemService.java:65][localhost-startStop-1] - 初始化系统参数完成
2019-12-20 11:24:08.661 INFO  --- [SystemService.java:75][localhost-startStop-1] - 正在初始化数据字典
2019-12-20 11:24:08.662 DEBUG --- [BaseJdbcLogger.java:159][localhost-startStop-1] - ==>  Preparing: SELECT concat(group_id, '|', dict_value) AS pk_id, group_id, dict_value, dict_name_cn, dict_name_en, group_name FROM sys_dict 
2019-12-20 11:24:08.662 DEBUG --- [BaseJdbcLogger.java:159][localhost-startStop-1] - ==> Parameters: 
2019-12-20 11:24:08.665 DEBUG --- [BaseJdbcLogger.java:159][localhost-startStop-1] - <==      Total: 17
2019-12-20 11:24:08.665 INFO  --- [SystemService.java:84][localhost-startStop-1] - 数据字典列表：：{0007|export={pk_id=0007|export, group_id=0007, group_name=操作类型, dict_value=export, dict_name_en=export, dict_name_cn=导出}, 0007|add={pk_id=0007|add, group_id=0007, group_name=操作类型, dict_value=add, dict_name_en=add, dict_name_cn=新增}, 0007|query={pk_id=0007|query, group_id=0007, group_name=操作类型, dict_value=query, dict_name_en=query, dict_name_cn=查询}, 0007|delete={pk_id=0007|delete, group_id=0007, group_name=操作类型, dict_value=delete, dict_name_en=delete, dict_name_cn=删除}, 0007|upload={pk_id=0007|upload, group_id=0007, group_name=操作类型, dict_value=upload, dict_name_en=upload, dict_name_cn=上传}, 0002|1={pk_id=0002|1, group_id=0002, group_name=登录登出类型, dict_value=1, dict_name_en=SignOut, dict_name_cn=登出}, 0003|0={pk_id=0003|0, group_id=0003, group_name=是否可删除, dict_value=0, dict_name_en=False, dict_name_cn=否}, 0001|1={pk_id=0001|1, group_id=0001, group_name=是否可用, dict_value=1, dict_name_en=Ture, dict_name_cn=是}, 0002|0={pk_id=0002|0, group_id=0002, group_name=登录登出类型, dict_value=0, dict_name_en=SignIn, dict_name_cn=登录}, 0001|0={pk_id=0001|0, group_id=0001, group_name=是否可用, dict_value=0, dict_name_en=False, dict_name_cn=否}, 0005|pc={pk_id=0005|pc, group_id=0005, group_name=来源类型, dict_value=pc, dict_name_en=PC, dict_name_cn=PC端}, 0006|1={pk_id=0006|1, group_id=0006, group_name=是否叶节点, dict_value=1, dict_name_en=True, dict_name_cn=是}, 0006|0={pk_id=0006|0, group_id=0006, group_name=是否叶节点, dict_value=0, dict_name_en=False, dict_name_cn=否}, 0004|1={pk_id=0004|1, group_id=0004, group_name=是否成功, dict_value=1, dict_name_en=True, dict_name_cn=是}, 0003|1={pk_id=0003|1, group_id=0003, group_name=是否可删除, dict_value=1, dict_name_en=True, dict_name_cn=是}, 0004|0={pk_id=0004|0, group_id=0004, group_name=是否成功, dict_value=0, dict_name_en=False, dict_name_cn=否}, 0007|update={pk_id=0007|update, group_id=0007, group_name=操作类型, dict_value=update, dict_name_en=update, dict_name_cn=修改}}
2019-12-20 11:24:08.666 INFO  --- [SystemService.java:85][localhost-startStop-1] - 数据字典分组：：{0006=[{pk_id=0006|0, group_id=0006, group_name=是否叶节点, dict_value=0, dict_name_en=False, dict_name_cn=否}, {pk_id=0006|1, group_id=0006, group_name=是否叶节点, dict_value=1, dict_name_en=True, dict_name_cn=是}], 0007=[{pk_id=0007|add, group_id=0007, group_name=操作类型, dict_value=add, dict_name_en=add, dict_name_cn=新增}, {pk_id=0007|delete, group_id=0007, group_name=操作类型, dict_value=delete, dict_name_en=delete, dict_name_cn=删除}, {pk_id=0007|export, group_id=0007, group_name=操作类型, dict_value=export, dict_name_en=export, dict_name_cn=导出}, {pk_id=0007|query, group_id=0007, group_name=操作类型, dict_value=query, dict_name_en=query, dict_name_cn=查询}, {pk_id=0007|update, group_id=0007, group_name=操作类型, dict_value=update, dict_name_en=update, dict_name_cn=修改}, {pk_id=0007|upload, group_id=0007, group_name=操作类型, dict_value=upload, dict_name_en=upload, dict_name_cn=上传}], 0004=[{pk_id=0004|0, group_id=0004, group_name=是否成功, dict_value=0, dict_name_en=False, dict_name_cn=否}, {pk_id=0004|1, group_id=0004, group_name=是否成功, dict_value=1, dict_name_en=True, dict_name_cn=是}], 0005=[{pk_id=0005|pc, group_id=0005, group_name=来源类型, dict_value=pc, dict_name_en=PC, dict_name_cn=PC端}], 0002=[{pk_id=0002|0, group_id=0002, group_name=登录登出类型, dict_value=0, dict_name_en=SignIn, dict_name_cn=登录}, {pk_id=0002|1, group_id=0002, group_name=登录登出类型, dict_value=1, dict_name_en=SignOut, dict_name_cn=登出}], 0003=[{pk_id=0003|0, group_id=0003, group_name=是否可删除, dict_value=0, dict_name_en=False, dict_name_cn=否}, {pk_id=0003|1, group_id=0003, group_name=是否可删除, dict_value=1, dict_name_en=True, dict_name_cn=是}], 0001=[{pk_id=0001|0, group_id=0001, group_name=是否可用, dict_value=0, dict_name_en=False, dict_name_cn=否}, {pk_id=0001|1, group_id=0001, group_name=是否可用, dict_value=1, dict_name_en=Ture, dict_name_cn=是}]}
2019-12-20 11:24:08.666 INFO  --- [SystemService.java:94][localhost-startStop-1] - 初始化数据字典完成
2019-12-20 11:24:08.666 INFO  --- [SystemService.java:106][localhost-startStop-1] - 正在初始化返回码
2019-12-20 11:24:08.666 INFO  --- [SystemService.java:108][localhost-startStop-1] - 初始化返回码完成
2019-12-20 11:24:08.760 INFO  --- [StdSchedulerFactory.java:1208][localhost-startStop-1] - Using default implementation for ThreadExecutor
2019-12-20 11:24:08.775 INFO  --- [SchedulerSignalerImpl.java:61][localhost-startStop-1] - Initialized Scheduler Signaller of type: class org.quartz.core.SchedulerSignalerImpl
2019-12-20 11:24:08.775 INFO  --- [QuartzScheduler.java:229][localhost-startStop-1] - Quartz Scheduler v.2.3.0 created.
2019-12-20 11:24:08.776 INFO  --- [RAMJobStore.java:155][localhost-startStop-1] - RAMJobStore initialized.
2019-12-20 11:24:08.777 INFO  --- [QuartzScheduler.java:294][localhost-startStop-1] - Scheduler meta-data: Quartz Scheduler (v2.3.0) 'quartzScheduler' with instanceId 'NON_CLUSTERED'
  Scheduler class: 'org.quartz.core.QuartzScheduler' - running locally.
  NOT STARTED.
  Currently in standby mode.
  Number of jobs executed: 0
  Using thread pool 'org.quartz.simpl.SimpleThreadPool' - with 10 threads.
  Using job-store 'org.quartz.simpl.RAMJobStore' - which does not support persistence. and is not clustered.

2019-12-20 11:24:08.777 INFO  --- [StdSchedulerFactory.java:1362][localhost-startStop-1] - Quartz scheduler 'quartzScheduler' initialized from an externally provided properties instance.
2019-12-20 11:24:08.778 INFO  --- [StdSchedulerFactory.java:1366][localhost-startStop-1] - Quartz scheduler version: 2.3.0
2019-12-20 11:24:08.778 INFO  --- [QuartzScheduler.java:2287][localhost-startStop-1] - JobFactory set to: org.springframework.boot.autoconfigure.quartz.AutowireCapableBeanJobFactory@2a5c17b8
2019-12-20 11:24:08.798 INFO  --- [QuartzJobConfig.java:37][localhost-startStop-1] - 准备注册定时任务
2019-12-20 11:24:08.824 DEBUG --- [BaseJdbcLogger.java:159][localhost-startStop-1] - ==>  Preparing: select 'true' as QUERYID, job_id, job_name, job_desc, year, month, day, week, hour, minute, second, is_del, modifier, modify_time, param1, param2, param3, param4, param5 from qtz_job WHERE ( is_del = ? ) 
2019-12-20 11:24:08.825 DEBUG --- [BaseJdbcLogger.java:159][localhost-startStop-1] - ==> Parameters: 0(String)
2019-12-20 11:24:08.827 DEBUG --- [BaseJdbcLogger.java:159][localhost-startStop-1] - <==      Total: 0
2019-12-20 11:24:08.827 INFO  --- [QuartzJobConfig.java:42][localhost-startStop-1] - 总共有0个定时任务
2019-12-20 11:24:08.827 INFO  --- [QuartzScheduler.java:547][localhost-startStop-1] - Scheduler quartzScheduler_$_NON_CLUSTERED started.
2019-12-20 11:24:08.827 INFO  --- [QuartzJobConfig.java:62][localhost-startStop-1] - Quartz任务注册成功
2019-12-20 11:24:08.827 INFO  --- [SystemInitListener.java:36][localhost-startStop-1] - 初始化全局变量完成
2019-12-20 11:24:09.340 INFO  --- [AbstractHandlerMethodMapping.java:549][main] - Mapped "{[/console/api/test]}" onto public com.cofire.common.result.Result com.cofire.console.controller.api.JsonApiController.test(org.springframework.http.HttpRequest,com.cofire.console.controller.api.Person)
2019-12-20 11:24:09.341 INFO  --- [AbstractHandlerMethodMapping.java:549][main] - Mapped "{[/console/api/test2]}" onto java.lang.String com.cofire.console.controller.api.JsonApiController.request(javax.servlet.http.HttpServletRequest,javax.servlet.http.HttpServletResponse)
2019-12-20 11:24:09.341 INFO  --- [AbstractHandlerMethodMapping.java:549][main] - Mapped "{[/getUserDetail]}" onto public com.cofire.common.result.Result com.cofire.console.controller.base.BaseController.getUserDetail(javax.servlet.http.HttpServletRequest)
2019-12-20 11:24:09.341 INFO  --- [AbstractHandlerMethodMapping.java:549][main] - Mapped "{[/getDictByGroup]}" onto public com.cofire.common.result.Result com.cofire.console.controller.base.BaseController.getDictByGroup(java.lang.String)
2019-12-20 11:24:09.342 INFO  --- [AbstractHandlerMethodMapping.java:549][main] - Mapped "{[/console]}" onto public java.lang.String com.cofire.console.controller.base.BasePageController.console()
2019-12-20 11:24:09.342 INFO  --- [AbstractHandlerMethodMapping.java:549][main] - Mapped "{[/ipad]}" onto public java.lang.String com.cofire.console.controller.base.BasePageController.ipad()
2019-12-20 11:24:09.342 INFO  --- [AbstractHandlerMethodMapping.java:549][main] - Mapped "{[/mobile]}" onto public java.lang.String com.cofire.console.controller.base.BasePageController.mobile()
2019-12-20 11:24:09.343 INFO  --- [AbstractHandlerMethodMapping.java:549][main] - Mapped "{[/error/unauth]}" onto public com.cofire.common.result.Result com.cofire.console.controller.base.ErrorController.unauth()
2019-12-20 11:24:09.344 INFO  --- [AbstractHandlerMethodMapping.java:549][main] - Mapped "{[/error/sessionTimeOut]}" onto public com.cofire.common.result.Result com.cofire.console.controller.base.ErrorController.sessionTimeOut()
2019-12-20 11:24:09.344 INFO  --- [AbstractHandlerMethodMapping.java:549][main] - Mapped "{[/error/exportError]}" onto public com.cofire.common.result.Result com.cofire.console.controller.base.ErrorController.exportError()
2019-12-20 11:24:09.345 INFO  --- [AbstractHandlerMethodMapping.java:549][main] - Mapped "{[/image/],produces=[image/jpeg]}" onto public byte[] com.cofire.console.controller.base.ImageController.getImage(java.lang.String) throws java.io.FileNotFoundException,java.io.IOException
2019-12-20 11:24:09.345 INFO  --- [AbstractHandlerMethodMapping.java:549][main] - Mapped "{[/image/upload]}" onto public com.cofire.common.result.Result com.cofire.console.controller.base.ImageController.imgUpload(javax.servlet.http.HttpServletRequest,org.springframework.web.multipart.MultipartFile)
2019-12-20 11:24:09.345 INFO  --- [AbstractHandlerMethodMapping.java:549][main] - Mapped "{[/console/dict/query],methods=[POST]}" onto public com.cofire.common.result.Result com.cofire.console.controller.system.DictController.queryDict(com.cofire.common.result.ParamItem,com.cofire.dao.model.system.SysDict)
2019-12-20 11:24:09.345 INFO  --- [AbstractHandlerMethodMapping.java:549][main] - Mapped "{[/console/dict/delete],methods=[POST]}" onto public com.cofire.common.result.Result com.cofire.console.controller.system.DictController.deleteDict(com.cofire.dao.model.system.SysDict)
2019-12-20 11:24:09.346 INFO  --- [AbstractHandlerMethodMapping.java:549][main] - Mapped "{[/console/dict/save],methods=[POST]}" onto public com.cofire.common.result.Result com.cofire.console.controller.system.DictController.saveDict(java.lang.String,com.cofire.dao.model.system.SysDict)
2019-12-20 11:24:09.346 INFO  --- [AbstractHandlerMethodMapping.java:549][main] - Mapped "{[/console/job/delete],methods=[POST]}" onto public com.cofire.common.result.Result com.cofire.console.controller.system.JobController.deleteJob(com.cofire.dao.model.system.QtzJob)
2019-12-20 11:24:09.346 INFO  --- [AbstractHandlerMethodMapping.java:549][main] - Mapped "{[/console/job/save],methods=[POST]}" onto public com.cofire.common.result.Result com.cofire.console.controller.system.JobController.saveJob(java.lang.String,com.cofire.dao.model.system.QtzJob)
2019-12-20 11:24:09.346 INFO  --- [AbstractHandlerMethodMapping.java:549][main] - Mapped "{[/console/job/query],methods=[POST]}" onto public com.cofire.common.result.Result com.cofire.console.controller.system.JobController.queryJob(com.cofire.common.result.ParamItem,com.cofire.dao.model.system.QtzJob)
2019-12-20 11:24:09.347 INFO  --- [AbstractHandlerMethodMapping.java:549][main] - Mapped "{[/console/jobLog/query],methods=[POST]}" onto public com.cofire.common.result.Result com.cofire.console.controller.system.JobLogController.queryJobLog(com.cofire.common.result.ParamItem,com.cofire.dao.model.system.QtzJobLog)
2019-12-20 11:24:09.347 INFO  --- [AbstractHandlerMethodMapping.java:549][main] - Mapped "{[/console/loginAudit/query],methods=[POST]}" onto public com.cofire.common.result.Result com.cofire.console.controller.system.LoginAuditController.queryLoginAudit(com.cofire.common.result.ParamItem,com.cofire.dao.model.system.SysLoginAudit)
2019-12-20 11:24:09.348 INFO  --- [AbstractHandlerMethodMapping.java:549][main] - Mapped "{[/console/login]}" onto public com.cofire.common.result.Result com.cofire.console.controller.system.LoginController.login(java.lang.String,java.lang.String,java.lang.String,java.lang.String)
2019-12-20 11:24:09.348 INFO  --- [AbstractHandlerMethodMapping.java:549][main] - Mapped "{[/console/loginOut]}" onto public com.cofire.common.result.Result com.cofire.console.controller.system.LoginController.loginOut(java.lang.String,java.lang.String)
2019-12-20 11:24:09.348 INFO  --- [AbstractHandlerMethodMapping.java:549][main] - Mapped "{[/console/operateAudit/query],methods=[POST]}" onto public com.cofire.common.result.Result com.cofire.console.controller.system.OperateAuditController.queryOperateAudit(com.cofire.common.result.ParamItem,com.cofire.dao.model.system.SysOperateAudit)
2019-12-20 11:24:09.348 INFO  --- [AbstractHandlerMethodMapping.java:549][main] - Mapped "{[/console/param/delete],methods=[POST]}" onto public com.cofire.common.result.Result com.cofire.console.controller.system.ParamController.deleteParam(com.cofire.dao.model.system.SysParam)
2019-12-20 11:24:09.349 INFO  --- [AbstractHandlerMethodMapping.java:549][main] - Mapped "{[/console/param/query],methods=[POST]}" onto public com.cofire.common.result.Result com.cofire.console.controller.system.ParamController.queryParam(com.cofire.common.result.ParamItem,com.cofire.dao.model.system.SysParam)
2019-12-20 11:24:09.349 INFO  --- [AbstractHandlerMethodMapping.java:549][main] - Mapped "{[/console/param/save],methods=[POST]}" onto public com.cofire.common.result.Result com.cofire.console.controller.system.ParamController.saveParam(java.lang.String,com.cofire.dao.model.system.SysParam)
2019-12-20 11:24:09.349 INFO  --- [AbstractHandlerMethodMapping.java:549][main] - Mapped "{[/console/resource/delete],methods=[POST]}" onto public com.cofire.common.result.Result com.cofire.console.controller.system.ResourceController.deleteResource(com.cofire.dao.model.system.SysResource)
2019-12-20 11:24:09.349 INFO  --- [AbstractHandlerMethodMapping.java:549][main] - Mapped "{[/console/resource/query],methods=[POST]}" onto public com.cofire.common.result.Result com.cofire.console.controller.system.ResourceController.queryResource()
2019-12-20 11:24:09.350 INFO  --- [AbstractHandlerMethodMapping.java:549][main] - Mapped "{[/console/resource/save],methods=[POST]}" onto public com.cofire.common.result.Result com.cofire.console.controller.system.ResourceController.saveResource(java.lang.String,com.cofire.dao.model.system.SysResource)
2019-12-20 11:24:09.350 INFO  --- [AbstractHandlerMethodMapping.java:549][main] - Mapped "{[/console/returnCode/save],methods=[POST]}" onto public com.cofire.common.result.Result com.cofire.console.controller.system.ReturnCodeController.saveReturnCode(java.lang.String,com.cofire.dao.model.system.SysReturnCode)
2019-12-20 11:24:09.350 INFO  --- [AbstractHandlerMethodMapping.java:549][main] - Mapped "{[/console/returnCode/delete],methods=[POST]}" onto public com.cofire.common.result.Result com.cofire.console.controller.system.ReturnCodeController.deleteReturnCode(com.cofire.dao.model.system.SysReturnCode)
2019-12-20 11:24:09.350 INFO  --- [AbstractHandlerMethodMapping.java:549][main] - Mapped "{[/console/returnCode/query],methods=[POST]}" onto public com.cofire.common.result.Result com.cofire.console.controller.system.ReturnCodeController.queryReturnCode(com.cofire.common.result.ParamItem,com.cofire.dao.model.system.SysReturnCode)
2019-12-20 11:24:09.351 INFO  --- [AbstractHandlerMethodMapping.java:549][main] - Mapped "{[/console/role/getRoleTree],methods=[POST]}" onto public com.cofire.common.result.Result com.cofire.console.controller.system.RoleController.getRoleTree(java.lang.String)
2019-12-20 11:24:09.351 INFO  --- [AbstractHandlerMethodMapping.java:549][main] - Mapped "{[/console/role/query],methods=[POST]}" onto public com.cofire.common.result.Result com.cofire.console.controller.system.RoleController.queryRole(com.cofire.common.result.ParamItem,com.cofire.dao.model.system.SysRole)
2019-12-20 11:24:09.351 INFO  --- [AbstractHandlerMethodMapping.java:549][main] - Mapped "{[/console/role/delete],methods=[POST]}" onto public com.cofire.common.result.Result com.cofire.console.controller.system.RoleController.deleteRole(com.cofire.dao.model.system.SysRole)
2019-12-20 11:24:09.351 INFO  --- [AbstractHandlerMethodMapping.java:549][main] - Mapped "{[/console/role/save],methods=[POST]}" onto public com.cofire.common.result.Result com.cofire.console.controller.system.RoleController.saveRole(java.lang.String,com.cofire.dao.model.system.SysRole,java.lang.String)
2019-12-20 11:24:09.352 INFO  --- [AbstractHandlerMethodMapping.java:549][main] - Mapped "{[/console/role/queryUserRoleList],methods=[POST]}" onto public com.cofire.common.result.Result com.cofire.console.controller.system.RoleController.queryUserRoleList(com.cofire.dao.model.system.SysUser)
2019-12-20 11:24:09.352 INFO  --- [AbstractHandlerMethodMapping.java:549][main] - Mapped "{[/console/user/query],methods=[POST]}" onto public com.cofire.common.result.Result com.cofire.console.controller.system.UserController.queryRole(com.cofire.common.result.ParamItem,com.cofire.dao.model.system.SysUser)
2019-12-20 11:24:09.352 INFO  --- [AbstractHandlerMethodMapping.java:549][main] - Mapped "{[/console/user/exportExcel]}" onto public void com.cofire.console.controller.system.UserController.exportExcel(com.cofire.dao.model.system.SysUser,javax.servlet.http.HttpServletResponse)
2019-12-20 11:24:09.353 INFO  --- [AbstractHandlerMethodMapping.java:549][main] - Mapped "{[/console/user/save],methods=[POST]}" onto public com.cofire.common.result.Result com.cofire.console.controller.system.UserController.saveUser(java.lang.String,com.cofire.dao.model.system.SysUser)
2019-12-20 11:24:09.353 INFO  --- [AbstractHandlerMethodMapping.java:549][main] - Mapped "{[/console/user/delete],methods=[POST]}" onto public com.cofire.common.result.Result com.cofire.console.controller.system.UserController.deleteUser(java.lang.String)
2019-12-20 11:24:09.353 INFO  --- [AbstractHandlerMethodMapping.java:549][main] - Mapped "{[/console/user/saveUserRole],methods=[POST]}" onto public com.cofire.common.result.Result com.cofire.console.controller.system.UserController.saveUserRole(java.lang.String,java.lang.String)
2019-12-20 11:24:09.353 INFO  --- [AbstractHandlerMethodMapping.java:549][main] - Mapped "{[/console/user/restPassWord],methods=[POST]}" onto public com.cofire.common.result.Result com.cofire.console.controller.system.UserController.restPassWord(java.lang.String)
2019-12-20 11:24:09.353 INFO  --- [AbstractHandlerMethodMapping.java:549][main] - Mapped "{[/console/user/changePassWord],methods=[POST]}" onto public com.cofire.common.result.Result com.cofire.console.controller.system.UserController.changePassWord(java.lang.String,java.lang.String,java.lang.String)
2019-12-20 11:24:09.356 INFO  --- [AbstractHandlerMethodMapping.java:549][main] - Mapped "{[/error]}" onto public org.springframework.http.ResponseEntity<java.util.Map<java.lang.String, java.lang.Object>> org.springframework.boot.autoconfigure.web.servlet.error.BasicErrorController.error(javax.servlet.http.HttpServletRequest)
2019-12-20 11:24:09.357 INFO  --- [AbstractHandlerMethodMapping.java:549][main] - Mapped "{[/error],produces=[text/html]}" onto public org.springframework.web.servlet.ModelAndView org.springframework.boot.autoconfigure.web.servlet.error.BasicErrorController.errorHtml(javax.servlet.http.HttpServletRequest,javax.servlet.http.HttpServletResponse)
2019-12-20 11:24:09.425 INFO  --- [AbstractUrlHandlerMapping.java:373][main] - Mapped URL path [/console/static/**] onto handler of type [class org.springframework.web.servlet.resource.ResourceHttpRequestHandler]
2019-12-20 11:24:09.425 INFO  --- [AbstractUrlHandlerMapping.java:373][main] - Mapped URL path [/ipad/static/**] onto handler of type [class org.springframework.web.servlet.resource.ResourceHttpRequestHandler]
2019-12-20 11:24:09.426 INFO  --- [AbstractUrlHandlerMapping.java:373][main] - Mapped URL path [/mobile/static/**] onto handler of type [class org.springframework.web.servlet.resource.ResourceHttpRequestHandler]
2019-12-20 11:24:09.493 INFO  --- [RequestMappingHandlerAdapter.java:588][main] - Looking for @ControllerAdvice: org.springframework.boot.web.servlet.context.AnnotationConfigServletWebServerApplicationContext@737a135b: startup date [Fri Dec 20 11:24:05 CST 2019]; root of context hierarchy
2019-12-20 11:24:09.543 INFO  --- [ExceptionHandlerExceptionResolver.java:288][main] - Detected @ExceptionHandler methods in controllerAdviceHandler
2019-12-20 11:24:10.277 INFO  --- [MBeanExporter.java:433][main] - Registering beans for JMX exposure on startup
2019-12-20 11:24:10.279 INFO  --- [MBeanExporter.java:895][main] - Bean with name 'dataSource' has been autodetected for JMX exposure
2019-12-20 11:24:10.286 INFO  --- [MBeanExporter.java:668][main] - Located MBean 'dataSource': registering with JMX server as MBean [com.zaxxer.hikari:name=dataSource,type=HikariDataSource]
2019-12-20 11:24:10.290 INFO  --- [DefaultLifecycleProcessor.java:356][main] - Starting beans in phase 2147483647
2019-12-20 11:24:10.296 INFO  --- [DirectJDKLog.java:180][main] - Starting ProtocolHandler ["http-nio-8080"]
2019-12-20 11:24:10.307 INFO  --- [DirectJDKLog.java:180][main] - Using a shared selector for servlet write/read
2019-12-20 11:24:10.328 INFO  --- [TomcatWebServer.java:206][main] - Tomcat started on port(s): 8080 (http) with context path '/cofire'
2019-12-20 11:24:10.332 INFO  --- [StartupInfoLogger.java:59][main] - Started Application in 5.061 seconds (JVM running for 6.326)
2019-12-20 11:24:15.471 INFO  --- [AbstractApplicationContext.java:993][Thread-19] - Closing org.springframework.boot.web.servlet.context.AnnotationConfigServletWebServerApplicationContext@737a135b: startup date [Fri Dec 20 11:24:05 CST 2019]; root of context hierarchy
2019-12-20 11:24:15.474 INFO  --- [DefaultLifecycleProcessor.java:369][Thread-19] - Stopping beans in phase 2147483647
2019-12-20 11:24:15.474 INFO  --- [QuartzScheduler.java:585][Thread-19] - Scheduler quartzScheduler_$_NON_CLUSTERED paused.
2019-12-20 11:24:15.475 INFO  --- [MBeanExporter.java:451][Thread-19] - Unregistering JMX-exposed beans on shutdown
2019-12-20 11:24:15.475 INFO  --- [MBeanRegistrationSupport.java:185][Thread-19] - Unregistering JMX-exposed beans
2019-12-20 11:24:15.477 INFO  --- [SchedulerFactoryBean.java:830][Thread-19] - Shutting down Quartz Scheduler
2019-12-20 11:24:15.477 INFO  --- [QuartzScheduler.java:666][Thread-19] - Scheduler quartzScheduler_$_NON_CLUSTERED shutting down.
2019-12-20 11:24:15.477 INFO  --- [QuartzScheduler.java:585][Thread-19] - Scheduler quartzScheduler_$_NON_CLUSTERED paused.
2019-12-20 11:24:15.477 INFO  --- [QuartzScheduler.java:740][Thread-19] - Scheduler quartzScheduler_$_NON_CLUSTERED shutdown complete.
2019-12-20 11:24:15.481 INFO  --- [HikariDataSource.java:381][Thread-19] - HikariPool-1 - Shutdown initiated...
2019-12-20 11:24:15.484 INFO  --- [HikariDataSource.java:383][Thread-19] - HikariPool-1 - Shutdown completed.
2019-12-20 11:24:16.073 INFO  --- [SystemInitListener.java:48][localhost-startStop-1] - 开始关闭Quartz
2019-12-20 11:24:16.073 INFO  --- [SystemInitListener.java:50][localhost-startStop-1] - Quartz已关闭
